Log file open, 09/15/18 23:31:25
LogWindows: Failed to load 'aqProf.dll' (GetLastError=126)
LogWindows: File 'aqProf.dll' does not exist
LogWindows: Failed to load 'VSPerf140.dll' (GetLastError=126)
LogWindows: File 'VSPerf140.dll' does not exist
LogWindows: Failed to load 'VtuneApi.dll' (GetLastError=126)
LogWindows: File 'VtuneApi.dll' does not exist
LogWindows: Failed to load 'VtuneApi32e.dll' (GetLastError=126)
LogWindows: File 'VtuneApi32e.dll' does not exist
LogInit: Display: Running engine for game: SandsProject
LogPlatformFile: Not using cached read wrapper
LogTaskGraph: Started task graph with 5 named threads and 23 total threads with 3 sets of task threads.
LogStats: Stats thread started at 0.377195
LogD3D11RHI: Loaded GFSDK_Aftermath_Lib.x64.dll
LogICUInternationalization: Display: ICU TimeZone Detection - Raw Offset: -6:00, Platform Override: ''
LogPluginManager: Mounting plugin Paper2D
LogPluginManager: Mounting plugin AISupport
LogPluginManager: Mounting plugin LightPropagationVolume
LogPluginManager: Mounting plugin CLionSourceCodeAccess
LogPluginManager: Mounting plugin CodeLiteSourceCodeAccess
LogPluginManager: Mounting plugin GitSourceControl
LogPluginManager: Mounting plugin KDevelopSourceCodeAccess
LogPluginManager: Mounting plugin NullSourceCodeAccess
LogPluginManager: Mounting plugin PerforceSourceControl
LogPluginManager: Mounting plugin SubversionSourceControl
LogPluginManager: Mounting plugin UObjectPlugin
LogPluginManager: Mounting plugin VisualStudioCodeSourceCodeAccess
LogPluginManager: Mounting plugin VisualStudioSourceCodeAccess
LogPluginManager: Mounting plugin XCodeSourceCodeAccess
LogPluginManager: Mounting plugin AssetManagerEditor
LogPluginManager: Mounting plugin CryptoKeys
LogPluginManager: Mounting plugin DataValidation
LogPluginManager: Mounting plugin FacialAnimation
LogPluginManager: Mounting plugin GameplayTagsEditor
LogPluginManager: Mounting plugin MacGraphicsSwitching
LogPluginManager: Mounting plugin MeshEditor
LogPluginManager: Mounting plugin MobileLauncherProfileWizard
LogPluginManager: Mounting plugin PluginBrowser
LogPluginManager: Mounting plugin SpeedTreeImporter
LogPluginManager: Mounting plugin DatasmithContent
LogPluginManager: Mounting plugin AlembicImporter
LogPluginManager: Mounting plugin AppleImageUtils
LogPluginManager: Mounting plugin AppleVision
LogPluginManager: Mounting plugin BackChannel
LogPluginManager: Mounting plugin CharacterAI
LogPluginManager: Mounting plugin GeometryCache
LogPluginManager: Mounting plugin HTML5Networking
LogPluginManager: Mounting plugin ProxyLODPlugin
LogPluginManager: Mounting plugin MagicLeap
LogPluginManager: Mounting plugin MagicLeapEmulator
LogPluginManager: Mounting plugin MagicLeapMedia
LogPluginManager: Mounting plugin AndroidMedia
LogPluginManager: Mounting plugin AvfMedia
LogPluginManager: Mounting plugin ImgMedia
LogPluginManager: Mounting plugin LinearTimecode
LogPluginManager: Mounting plugin MediaCompositing
LogPluginManager: Mounting plugin MediaPlayerEditor
LogPluginManager: Mounting plugin WmfMedia
LogPluginManager: Mounting plugin TcpMessaging
LogPluginManager: Mounting plugin UdpMessaging
LogPluginManager: Mounting plugin ActorSequence
LogPluginManager: Mounting plugin LevelSequenceEditor
LogPluginManager: Mounting plugin MatineeToLevelSequence
LogPluginManager: Mounting plugin NetcodeUnitTest
LogPluginManager: Mounting plugin NUTUnrealEngine4
LogPluginManager: Mounting plugin OnlineSubsystemGooglePlay
LogPluginManager: Mounting plugin OnlineSubsystemIOS
LogPluginManager: Mounting plugin OnlineSubsystem
LogPluginManager: Mounting plugin OnlineSubsystemNull
LogPluginManager: Mounting plugin OnlineSubsystemUtils
LogPluginManager: Mounting plugin LauncherChunkInstaller
LogPluginManager: Mounting plugin AndroidDeviceProfileSelector
LogPluginManager: Mounting plugin AndroidMoviePlayer
LogPluginManager: Mounting plugin AndroidPermission
LogPluginManager: Mounting plugin AppleMoviePlayer
LogPluginManager: Mounting plugin ArchVisCharacter
LogPluginManager: Mounting plugin AudioCapture
LogPluginManager: Mounting plugin CableComponent
LogPluginManager: Mounting plugin CustomMeshComponent
LogPluginManager: Mounting plugin EditableMesh
LogPluginManager: Mounting plugin ExampleDeviceProfileSelector
LogPluginManager: Mounting plugin GoogleCloudMessaging
LogPluginManager: Mounting plugin ImmediatePhysics
LogPluginManager: Mounting plugin IOSDeviceProfileSelector
LogPluginManager: Mounting plugin LinuxDeviceProfileSelector
LogPluginManager: Mounting plugin LocationServicesBPLibrary
LogPluginManager: Mounting plugin MobilePatchingUtils
LogPluginManager: Mounting plugin OculusVR
LogPluginManager: Plugin shader directory ../../../Engine/Plugins/Runtime/Oculus/OculusVR/Shaders found
LogPluginManager: Mapping shader source directory ../../../Engine/Plugins/Runtime/Oculus/OculusVR/Shaders to virtual directory /Plugin/OculusVR
LogPluginManager: Mounting plugin PhysXVehicles
LogPluginManager: Mounting plugin ProceduralMeshComponent
LogPluginManager: Mounting plugin RuntimePhysXCooking
LogPluginManager: Mounting plugin SteamVR
LogPluginManager: Mounting plugin WindowsMoviePlayer
LogStreaming: Display: Took  0.246s to configure plugins.
LogInit: Using libcurl 7.55.1-DEV
LogInit:  - built for x86_64-pc-win32
LogInit:  - supports SSL with OpenSSL/1.0.2h
LogInit:  - supports HTTP deflate (compression) using libz 1.2.8
LogInit:  - other features:
LogInit:      CURL_VERSION_SSL
LogInit:      CURL_VERSION_LIBZ
LogInit:      CURL_VERSION_IPV6
LogInit:      CURL_VERSION_ASYNCHDNS
LogInit:      CURL_VERSION_LARGEFILE
LogInit:      CURL_VERSION_IDN
LogInit:  CurlRequestOptions (configurable via config and command line):
LogInit:  - bVerifyPeer = false  - Libcurl will NOT verify peer certificate
LogInit:  - bUseHttpProxy = false  - Libcurl will NOT use HTTP proxy
LogInit:  - bDontReuseConnections = false  - Libcurl will reuse connections
LogInit:  - CertBundlePath = nullptr  - Libcurl will use whatever was configured at build time.
LogInit:  - MaxHostConnections = 16  - Libcurl will limit the number of connections to a host
LogInit:  - LocalHostAddr = Default
LogInit:  - BufferSize = 65536
LogInit: WinSock: version 1.1 (2.2), MaxSocks=32767, MaxUdp=65467
LogInit: Build: ++UE4+Release-4.20-CL-4302132
LogInit: Engine Version: 4.20.2-4302132+++UE4+Release-4.20
LogInit: Compatible Engine Version: 4.20.0-4212847+++UE4+Release-4.20
LogInit: Net CL: 4212847
LogInit: OS: Windows 10 (), CPU:       Intel(R) Core(TM) i7-2630QM CPU @ 2.00GHz, GPU: NVIDIA GeForce GTX 560M
LogInit: Compiled (64-bit): Aug 21 2018 02:06:06
LogInit: Compiled with Visual C++: 19.13.26129.00
LogInit: Build Configuration: Development
LogInit: Branch Name: ++UE4+Release-4.20
LogInit: Command Line:  /Game/ThirdPersonBP/Maps/ThirdPersonExampleMap -game -PIEVIACONSOLE -ResX=1280 -ResY=720  -Multiprocess -messaging -SessionName="Play in Standalone Game" -windowed 
LogInit: Base Directory: C:/Program Files/Epic Games/UE_4.20/Engine/Binaries/Win64/
LogInit: Installed Engine Build: 1
LogDevObjectVersion: Number of dev versions registered: 20
LogDevObjectVersion:   Dev-Blueprints (B0D832E4-1F89-4F0D-ACCF-7EB736FD4AA2): 10
LogDevObjectVersion:   Dev-Build (E1C64328-A22C-4D53-A36C-8E866417BD8C): 0
LogDevObjectVersion:   Dev-Core (375EC13C-06E4-48FB-B500-84F0262A717E): 2
LogDevObjectVersion:   Dev-Editor (E4B068ED-F494-42E9-A231-DA0B2E46BB41): 24
LogDevObjectVersion:   Dev-Framework (CFFC743F-43B0-4480-9391-14DF171D2073): 34
LogDevObjectVersion:   Dev-Mobile (B02B49B5-BB20-44E9-A304-32B752E40360): 2
LogDevObjectVersion:   Dev-Networking (A4E4105C-59A1-49B5-A7C5-40C4547EDFEE): 0
LogDevObjectVersion:   Dev-Online (39C831C9-5AE6-47DC-9A44-9C173E1C8E7C): 0
LogDevObjectVersion:   Dev-Physics (78F01B33-EBEA-4F98-B9B4-84EACCB95AA2): 0
LogDevObjectVersion:   Dev-Platform (6631380F-2D4D-43E0-8009-CF276956A95A): 0
LogDevObjectVersion:   Dev-Rendering (12F88B9F-8875-4AFC-A67C-D90C383ABD29): 26
LogDevObjectVersion:   Dev-Sequencer (7B5AE74C-D270-4C10-A958-57980B212A5A): 9
LogDevObjectVersion:   Dev-VR (D7296918-1DD6-4BDD-9DE2-64A83CC13884): 2
LogDevObjectVersion:   Dev-LoadTimes (C2A15278-BFE7-4AFE-6C17-90FF531DF755): 1
LogDevObjectVersion:   Private-Geometry (6EACA3D4-40EC-4CC1-B786-8BED09428FC5): 3
LogDevObjectVersion:   Dev-AnimPhys (29E575DD-E0A3-4627-9D10-D276232CDCEA): 17
LogDevObjectVersion:   Dev-ReflectionCapture (6B266CEC-1EC7-4B8F-A30B-E4D90942FC07): 1
LogDevObjectVersion:   Dev-Automation (0DF73D61-A23F-47EA-B727-89E90C41499A): 1
LogDevObjectVersion:   FortniteMain (601D1886-AC64-4F84-AA16-D3DE0DEAC7D6): 12
LogDevObjectVersion:   Dev-Enterprise (9DFFBCD6-494F-0158-E221-12823C92A888): 1
LogStreaming: Display: Took  0.002s to delete old logs.
LogInit: Presizing for max 8388607 objects, including 0 objects not considered by GC, pre-allocating 0 bytes for permanent pool.
LogInit: Object subsystem initialized
[2018.09.16-04.31.26:218][  0]LogInit: Selected Device Profile: [Windows]
[2018.09.16-04.31.26:218][  0]LogInit: Applying CVar settings loaded from the selected device profile: [Windows]
[2018.09.16-04.31.26:225][  0]LogHAL: Display: Platform has ~ 12 GB [12860948480 / 17179869184 / 12], which maps to Larger [LargestMinGB=32, LargerMinGB=12, DefaultMinGB=8, SmallerMinGB=6, SmallestMinGB=0)
[2018.09.16-04.31.26:225][  0]LogInit: Setting Device Profile CVar: [[r.Vulkan.UseRealUBs:1]]
[2018.09.16-04.31.26:225][  0]LogInit: Going up to parent DeviceProfile []
[2018.09.16-04.31.26:225][  0]LogInit: Computer: DESKTOP-GCVK9JQ
[2018.09.16-04.31.26:225][  0]LogInit: User: Elena
[2018.09.16-04.31.26:225][  0]LogInit: CPU Page size=4096, Cores=4
[2018.09.16-04.31.26:226][  0]LogInit: High frequency timer resolution =1.948697 MHz
[2018.09.16-04.31.26:226][  0]LogMemory: Memory total: Physical=12.0GB (12GB approx)
[2018.09.16-04.31.26:226][  0]LogMemory: Platform Memory Stats for Windows
[2018.09.16-04.31.26:226][  0]LogMemory: Process Physical Memory: 100.25 MB used, 100.25 MB peak
[2018.09.16-04.31.26:226][  0]LogMemory: Process Virtual Memory: 89.18 MB used, 89.18 MB peak
[2018.09.16-04.31.26:226][  0]LogMemory: Physical Memory: 6069.77 MB used,  6195.39 MB free, 12265.16 MB total
[2018.09.16-04.31.26:226][  0]LogMemory: Virtual Memory: 4638.60 MB used,  6195.39 MB free, 134217728.00 MB total
[2018.09.16-04.31.26:251][  0]LogInit: Using OS detected language (en-US).
[2018.09.16-04.31.26:251][  0]LogInit: Using OS detected locale (en-US).
[2018.09.16-04.31.26:252][  0]LogTextLocalizationManager: No specific localization for 'en-US' exists, so the 'en' localization will be used.
[2018.09.16-04.31.26:912][  0]LogStreaming: Display: Took  0.662s to InitEngineTextLocalization.
[2018.09.16-04.31.26:949][  0]LogSlate: New Slate User Created.  User Index 0, Is Virtual User: 0
[2018.09.16-04.31.26:950][  0]LogSlate: Slate User Registered.  User Index 0, Is Virtual User: 0
[2018.09.16-04.31.26:956][  0]LogHMD: Failed to initialize OpenVR with code 110
[2018.09.16-04.31.26:957][  0]LogD3D11RHI: D3D11 adapters:
[2018.09.16-04.31.26:994][  0]LogD3D11RHI:    0. 'NVIDIA GeForce GTX 560M' (Feature Level 11_0)
[2018.09.16-04.31.26:994][  0]LogD3D11RHI:       3020/0/6132 MB DedicatedVideo/DedicatedSystem/SharedSystem, Outputs:1, VendorId:0x10de
[2018.09.16-04.31.26:998][  0]LogD3D11RHI:    1. 'Microsoft Basic Render Driver' (Feature Level 11_0)
[2018.09.16-04.31.26:998][  0]LogD3D11RHI:       0/0/6132 MB DedicatedVideo/DedicatedSystem/SharedSystem, Outputs:0, VendorId:0x1414
[2018.09.16-04.31.26:998][  0]LogD3D11RHI: Chosen D3D11 Adapter: 0
[2018.09.16-04.31.27:009][  0]LogD3D11RHI: Creating new Direct3DDevice
[2018.09.16-04.31.27:009][  0]LogD3D11RHI:     GPU DeviceId: 0x1251 (for the marketing name, search the web for "GPU Device Id")
[2018.09.16-04.31.27:009][  0]LogWindows: EnumDisplayDevices:
[2018.09.16-04.31.27:009][  0]LogWindows:    0. 'NVIDIA GeForce GTX 560M' (P:1 D:1)
[2018.09.16-04.31.27:010][  0]LogWindows:    1. 'NVIDIA GeForce GTX 560M' (P:0 D:0)
[2018.09.16-04.31.27:010][  0]LogWindows: DebugString: FoundDriverCount:2 
[2018.09.16-04.31.27:010][  0]LogD3D11RHI:     Adapter Name: NVIDIA GeForce GTX 560M
[2018.09.16-04.31.27:010][  0]LogD3D11RHI:   Driver Version: 369.09 (internal:21.21.13.6909, unified:369.09)
[2018.09.16-04.31.27:010][  0]LogD3D11RHI:      Driver Date: 8-1-2016
[2018.09.16-04.31.27:010][  0]LogRHI: Texture pool is 2114 MB (70% of 3020 MB)
[2018.09.16-04.31.27:035][  0]LogD3D11RHI: Display: Timestamp queries are currently disabled on this hardware due to instability. Realtime GPU stats will not be available. You can override this behaviour by setting r.NVIDIATimestampWorkaround to 0
[2018.09.16-04.31.27:035][  0]LogD3D11RHI: Async texture creation enabled
[2018.09.16-04.31.27:049][  0]LogD3D11RHI: GPU Timing Frequency: 1000.000000 (Debug: 2 1)
[2018.09.16-04.31.27:098][  0]LogShaderCompilers: Guid format shader working directory is -7 characters bigger than the processId version (F:/My Documents/GitHub/Sands/SourceCode/SandsProject/Intermediate/Shaders/WorkingDirectory/14428/).
[2018.09.16-04.31.27:098][  0]LogShaderCompilers: Cleaned the shader compiler working directory 'C:/Users/Elena/AppData/Local/Temp/UnrealShaderWorkingDir/AEECFB1E4B25D8D985260594745E0E90/'.
[2018.09.16-04.31.27:590][  0]LogTemp: Display: Loaded TP WindowsClientTargetPlatform
[2018.09.16-04.31.27:615][  0]LogTemp: Display: Loaded TP WindowsNoEditorTargetPlatform
[2018.09.16-04.31.27:641][  0]LogTemp: Display: Loaded TP WindowsServerTargetPlatform
[2018.09.16-04.31.27:655][  0]LogTemp: Display: Loaded TP WindowsTargetPlatform
[2018.09.16-04.31.27:655][  0]LogTargetPlatformManager: Display: Building Assets For Windows
[2018.09.16-04.31.27:760][  0]LogXGEController: Cannot use XGE Controller as Incredibuild is not installed on this machine.
[2018.09.16-04.31.27:761][  0]LogShaderCompilers: Cannot use XGE Shader Compiler as Incredibuild is not installed on this machine.
[2018.09.16-04.31.27:761][  0]LogShaderCompilers: Display: Using Local Shader Compiler.
[2018.09.16-04.31.31:189][  0]LogDerivedDataCache: Display: Max Cache Size: 512 MB
[2018.09.16-04.31.31:287][  0]LogDerivedDataCache: Loaded boot cache 0.10s 71MB C:/Users/Elena/AppData/Local/UnrealEngine/4.20/DerivedDataCache/Boot.ddc.
[2018.09.16-04.31.31:287][  0]LogDerivedDataCache: Display: Loaded Boot cache: C:/Users/Elena/AppData/Local/UnrealEngine/4.20/DerivedDataCache/Boot.ddc
[2018.09.16-04.31.31:287][  0]LogDerivedDataCache: FDerivedDataBackendGraph:  Pak pak cache file F:/My Documents/GitHub/Sands/SourceCode/SandsProject/DerivedDataCache/DDC.ddp not found, will not use a pak cache.
[2018.09.16-04.31.31:287][  0]LogDerivedDataCache: Unable to find inner node Pak for hierarchical cache Hierarchy.
[2018.09.16-04.31.31:287][  0]LogDerivedDataCache: FDerivedDataBackendGraph:  CompressedPak pak cache file F:/My Documents/GitHub/Sands/SourceCode/SandsProject/DerivedDataCache/Compressed.ddp not found, will not use a pak cache.
[2018.09.16-04.31.31:287][  0]LogDerivedDataCache: Unable to find inner node CompressedPak for hierarchical cache Hierarchy.
[2018.09.16-04.31.31:309][  0]LogDerivedDataCache: Display: Pak cache opened for reading ../../../Engine/DerivedDataCache/Compressed.ddp.
[2018.09.16-04.31.31:322][  0]LogDerivedDataCache: Using Local data cache path C:/Users/Elena/AppData/Local/UnrealEngine/Common/DerivedDataCache: Writable
[2018.09.16-04.31.31:322][  0]LogDerivedDataCache: Shared data cache path not found in *engine.ini, will not use an Shared cache.
[2018.09.16-04.31.31:322][  0]LogDerivedDataCache: Unable to find inner node Shared for hierarchical cache Hierarchy.
[2018.09.16-04.31.31:351][  0]LogMaterial: Verifying Global Shaders for PCD3D_SM5
[2018.09.16-04.31.31:353][  0]LogSlate: Using FreeType 2.6.0
[2018.09.16-04.31.31:354][  0]LogSlate: SlateFontServices - WITH_FREETYPE: 1, WITH_HARFBUZZ: 1
[2018.09.16-04.31.31:421][  0]LogInit: Using OS detected language (en-US).
[2018.09.16-04.31.31:421][  0]LogInit: Using OS detected locale (en-US).
[2018.09.16-04.31.31:421][  0]LogTextLocalizationManager: No localization for 'en-US' exists, so 'en' will be used for the language.
[2018.09.16-04.31.31:421][  0]LogTextLocalizationManager: No localization for 'en-US' exists, so 'en' will be used for the locale.
[2018.09.16-04.31.31:880][  0]LogStreaming: Display: Took  0.460s to InitGameTextLocalization.
[2018.09.16-04.31.31:891][  0]LogAssetRegistry: FAssetRegistry took 0.0064 seconds to start up
[2018.09.16-04.31.32:291][  0]LogPackageLocalizationCache: Processed 11 localized package path(s) for 1 prioritized culture(s) in 0.028438 seconds
[2018.09.16-04.31.32:507][  0]LogInit: Selected Device Profile: [Windows]
[2018.09.16-04.31.32:757][  0]LogSimplygon: Simplygon DLL not present - disabling.
[2018.09.16-04.31.32:763][  0]LogMeshReduction: Using SimplygonSwarm for distributed automatic mesh merging
[2018.09.16-04.31.32:763][  0]LogMeshReduction: Using ProxyLODMeshReduction for automatic mesh merging
[2018.09.16-04.31.32:763][  0]LogMeshReduction: Using QuadricMeshReduction for automatic static mesh reduction
[2018.09.16-04.31.32:763][  0]LogMeshReduction: No automatic skeletal mesh reduction module available
[2018.09.16-04.31.32:782][  0]LogNetVersion: SandsProject 1.0.0, NetCL: 4212847, EngineNetVer: 5, GameNetVer: 0 (Checksum: 3328798503)
[2018.09.16-04.31.34:710][  0]LogMoviePlayer: Initializing movie player
[2018.09.16-04.31.35:052][  0]LogTcpMessaging: Initializing TcpMessaging bridge
[2018.09.16-04.31.35:066][  0]LogUdpMessaging: Initializing bridge on interface 0.0.0.0:0 to multicast group 230.0.0.1:6666.
[2018.09.16-04.31.35:166][  0]SourceControl: Source control is disabled
[2018.09.16-04.31.35:166][  0]SourceControl: Source control is disabled
[2018.09.16-04.31.35:167][  0]SourceControl: Source control is disabled
[2018.09.16-04.31.35:316][  0]LogAndroidPermission: UAndroidPermissionCallbackProxy::GetInstance
[2018.09.16-04.31.35:389][  0]LogOcInput: OculusInput pre-init called
[2018.09.16-04.31.35:402][  0]LogUObjectArray: 42168 objects as part of root set at end of initial load.
[2018.09.16-04.31.35:402][  0]LogUObjectAllocator: 7432352 out of 0 bytes used by permanent object pool.
[2018.09.16-04.31.35:402][  0]LogUObjectArray: CloseDisregardForGC: 0/0 objects in disregard for GC pool
[2018.09.16-04.31.35:481][  0]LogEngine: Initializing Engine...
[2018.09.16-04.31.35:483][  0]LogHMD: Failed to initialize OpenVR with code 110
[2018.09.16-04.31.35:495][  0]LogStats: UGameplayTagsManager::ConstructGameplayTagTree: ImportINI prefixes -  0.000 s
[2018.09.16-04.31.35:495][  0]LogStats: UGameplayTagsManager::ConstructGameplayTagTree: Construct from data asset -  0.000 s
[2018.09.16-04.31.35:495][  0]LogStats: UGameplayTagsManager::ConstructGameplayTagTree: ImportINI -  0.000 s
[2018.09.16-04.31.35:495][  0]LogStats: UGameplayTagsManager::ConstructGameplayTagTree: GameplayTagTreeChangedEvent.Broadcast -  0.000 s
[2018.09.16-04.31.35:765][  0]LogInit: Initializing FReadOnlyCVARCache
[2018.09.16-04.31.35:775][  0]LogInit: XAudio2 using 'Speakers (Realtek High Definition Audio)' : 2 channels at 48 kHz using 32 bits per sample (channel mask 0x3)
[2018.09.16-04.31.35:797][  0]LogInit: FAudioDevice initialized.
[2018.09.16-04.31.35:809][  0]LogNetVersion: Set ProjectVersion to 1.0.0.0. Version Checksum will be recalculated on next use.
[2018.09.16-04.31.35:821][  0]LogInit: Texture streaming: Enabled
[2018.09.16-04.31.36:042][  0]LogSlate: Updating window title bar state: overlay mode, drag disabled, window buttons hidden, title bar hidden
[2018.09.16-04.31.36:042][  0]LogInit: Display: Game Engine Initialized.
[2018.09.16-04.31.36:042][  0]LogGameplayTags: Display: UGameplayTagsManager::DoneAddingNativeTags. DelegateIsBound: 0
[2018.09.16-04.31.36:042][  0]LogStats: UGameplayTagsManager::ConstructGameplayTagTree: ImportINI prefixes -  0.000 s
[2018.09.16-04.31.36:042][  0]LogStats: UGameplayTagsManager::ConstructGameplayTagTree: Construct from data asset -  0.000 s
[2018.09.16-04.31.36:042][  0]LogStats: UGameplayTagsManager::ConstructGameplayTagTree: ImportINI -  0.000 s
[2018.09.16-04.31.36:042][  0]LogStats: UGameplayTagsManager::ConstructGameplayTagTree: GameplayTagTreeChangedEvent.Broadcast -  0.000 s
[2018.09.16-04.31.36:067][  0]LogInit: Display: Starting Game.
[2018.09.16-04.31.36:067][  0]LogNet: Browse: /Game/ThirdPersonBP/Maps/ThirdPersonExampleMap?Name=Player
[2018.09.16-04.31.36:067][  0]LogLoad: LoadMap: /Game/ThirdPersonBP/Maps/ThirdPersonExampleMap?Name=Player
[2018.09.16-04.31.36:805][  0]LogAIModule: Creating AISystem for world ThirdPersonExampleMap
[2018.09.16-04.31.36:805][  0]LogLoad: Game class is 'ThirdPersonGameMode_C'
[2018.09.16-04.31.36:819][  0]LogWorld: Bringing World /Game/ThirdPersonBP/Maps/ThirdPersonExampleMap.ThirdPersonExampleMap up for play (max tick rate 0) at 2018.09.15-23.31.36
[2018.09.16-04.31.36:820][  0]LogWorld: Bringing up level for play took: 0.012766
[2018.09.16-04.31.36:831][  0]LogBlueprintUserMessages: [pause_widget_C_0] Is Hidden
[2018.09.16-04.31.36:831][  0]LogLoad: Took 0.764643 seconds to LoadMap(/Game/ThirdPersonBP/Maps/ThirdPersonExampleMap)
[2018.09.16-04.31.36:907][  0]LogRenderer: Reallocating scene render targets to support 1280x720 Format 10 NumSamples 1 (Frame:1).
[2018.09.16-04.31.36:907][  0]LogLoad: (Engine Initialization) Total time: 15.44 seconds
[2018.09.16-04.31.36:907][  0]LogLoad: (Engine Initialization) Total Blueprint compile time: 0.00 seconds
[2018.09.16-04.31.36:940][  0]LogWindowsTextInputMethodSystem: Display: IME system now deactivated.
[2018.09.16-04.31.36:946][  0]LogContentStreaming: Texture pool size now 1000 MB
[2018.09.16-04.31.48:383][448]LogRenderer: Reallocating scene render targets to support 1284x720 Format 10 NumSamples 1 (Frame:450).
[2018.09.16-04.31.48:507][448]LogRenderer: Reallocating scene render targets to support 1308x736 Format 10 NumSamples 1 (Frame:451).
[2018.09.16-04.31.48:636][448]LogRenderer: Reallocating scene render targets to support 1352x760 Format 10 NumSamples 1 (Frame:452).
[2018.09.16-04.31.48:759][448]LogRenderer: Reallocating scene render targets to support 1412x792 Format 10 NumSamples 1 (Frame:453).
[2018.09.16-04.31.48:888][448]LogRenderer: Reallocating scene render targets to support 1504x844 Format 10 NumSamples 1 (Frame:454).
[2018.09.16-04.31.49:011][448]LogRenderer: Reallocating scene render targets to support 1576x884 Format 10 NumSamples 1 (Frame:455).
[2018.09.16-04.31.49:115][448]LogRenderer: Reallocating scene render targets to support 1620x908 Format 10 NumSamples 1 (Frame:456).
[2018.09.16-04.31.49:212][448]LogRenderer: Reallocating scene render targets to support 1644x924 Format 10 NumSamples 1 (Frame:457).
[2018.09.16-04.31.49:378][448]LogRenderer: Reallocating scene render targets to support 1672x940 Format 10 NumSamples 1 (Frame:459).
[2018.09.16-04.31.49:491][448]LogRenderer: Reallocating scene render targets to support 1744x980 Format 10 NumSamples 1 (Frame:460).
[2018.09.16-04.31.49:602][448]LogRenderer: Reallocating scene render targets to support 1768x992 Format 10 NumSamples 1 (Frame:461).
[2018.09.16-04.31.49:713][448]LogRenderer: Reallocating scene render targets to support 1796x1012 Format 10 NumSamples 1 (Frame:462).
[2018.09.16-04.31.49:831][448]LogRenderer: Reallocating scene render targets to support 1820x1024 Format 10 NumSamples 1 (Frame:463).
[2018.09.16-04.31.49:963][448]LogRenderer: Reallocating scene render targets to support 1832x1028 Format 10 NumSamples 1 (Frame:464).
[2018.09.16-04.31.50:349][448]LogRenderer: Reallocating scene render targets to support 1832x1032 Format 10 NumSamples 1 (Frame:466).
[2018.09.16-04.31.50:460][448]LogRenderer: Reallocating scene render targets to support 1840x1032 Format 10 NumSamples 1 (Frame:467).
[2018.09.16-04.31.50:577][448]LogRenderer: Reallocating scene render targets to support 1840x1036 Format 10 NumSamples 1 (Frame:468).
[2018.09.16-04.31.50:694][448]LogRenderer: Reallocating scene render targets to support 1852x1040 Format 10 NumSamples 1 (Frame:469).
[2018.09.16-04.31.50:832][448]LogRenderer: Reallocating scene render targets to support 1856x1044 Format 10 NumSamples 1 (Frame:470).
[2018.09.16-04.31.51:618][451]LogRenderer: Reallocating scene render targets to support 1852x1044 Format 10 NumSamples 1 (Frame:473).
[2018.09.16-04.32.00:031][667]LogSlate: Window 'SandsProject (64-bit Development PCD3D_SM5) ' being destroyed
[2018.09.16-04.32.00:032][667]LogWindowsTextInputMethodSystem: Display: IME system now deactivated.
[2018.09.16-04.32.00:037][667]LogSlate: Updating window title bar state: overlay mode, drag disabled, window buttons hidden, title bar hidden
[2018.09.16-04.32.00:037][667]LogEngine: All Windows Closed
[2018.09.16-04.32.00:037][667]LogWindows: FPlatformMisc::RequestExit(0)
[2018.09.16-04.32.00:500][668]LogExit: Preparing to exit.
[2018.09.16-04.32.00:500][668]LogMoviePlayer: Shutting down movie player
[2018.09.16-04.32.01:149][668]LogSlate: Updating window title bar state: overlay mode, drag disabled, window buttons hidden, title bar hidden
[2018.09.16-04.32.01:200][668]LogExit: Game engine shut down
[2018.09.16-04.32.01:809][668]LogExit: Object subsystem successfully closed.
[2018.09.16-04.32.01:864][668]LogShaderCompilers: Display: Shaders left to compile 0
[2018.09.16-04.32.01:875][668]LogD3D11RHI: Shutdown
[2018.09.16-04.32.01:875][668]LogD3D11RHI: CleanupD3DDevice
[2018.09.16-04.32.01:879][668]LogD3D11RHI: ~FD3D11DynamicRHI
[2018.09.16-04.32.01:961][668]LogModuleManager: Shutting down and abandoning module SequenceRecorderSections (376)
[2018.09.16-04.32.01:962][668]LogModuleManager: Shutting down and abandoning module SequenceRecorder (374)
[2018.09.16-04.32.01:962][668]LogModuleManager: Shutting down and abandoning module AutomationController (372)
[2018.09.16-04.32.01:962][668]LogModuleManager: Shutting down and abandoning module AutomationWorker (370)
[2018.09.16-04.32.01:962][668]LogModuleManager: Shutting down and abandoning module Voice (368)
[2018.09.16-04.32.01:962][668]LogModuleManager: Shutting down and abandoning module AIModule (366)
[2018.09.16-04.32.01:962][668]LogModuleManager: Shutting down and abandoning module GameplayDebugger (365)
[2018.09.16-04.32.01:963][668]LogModuleManager: Shutting down and abandoning module AITestSuite (363)
[2018.09.16-04.32.01:963][668]LogModuleManager: Shutting down and abandoning module NavigationSystem (361)
[2018.09.16-04.32.01:963][668]LogModuleManager: Shutting down and abandoning module WmfMediaFactory (358)
[2018.09.16-04.32.01:963][668]LogModuleManager: Shutting down and abandoning module OpenExrWrapper (356)
[2018.09.16-04.32.01:963][668]LogModuleManager: Shutting down and abandoning module ImgMediaFactory (354)
[2018.09.16-04.32.01:963][668]LogModuleManager: Shutting down and abandoning module AvfMediaFactory (352)
[2018.09.16-04.32.01:963][668]LogModuleManager: Shutting down and abandoning module MagicLeapCameraPreviewFactory (350)
[2018.09.16-04.32.01:963][668]LogModuleManager: Shutting down and abandoning module MagicLeapMediaFactory (348)
[2018.09.16-04.32.01:963][668]LogModuleManager: Shutting down and abandoning module CharacterAI (346)
[2018.09.16-04.32.01:963][668]LogModuleManager: Shutting down and abandoning module SessionServices (344)
[2018.09.16-04.32.01:963][668]LogModuleManager: Shutting down and abandoning module MovieSceneCapture (342)
[2018.09.16-04.32.01:963][668]LogModuleManager: Shutting down and abandoning module MovieSceneTracks (340)
[2018.09.16-04.32.01:963][668]LogModuleManager: Shutting down and abandoning module MovieScene (338)
[2018.09.16-04.32.01:963][668]LogModuleManager: Shutting down and abandoning module StreamingPauseRendering (336)
[2018.09.16-04.32.01:964][668]LogModuleManager: Shutting down and abandoning module PortalServices (334)
[2018.09.16-04.32.01:964][668]LogModuleManager: Shutting down and abandoning module PortalRpc (332)
[2018.09.16-04.32.01:964][668]LogModuleManager: Shutting down and abandoning module MessagingRpc (330)
[2018.09.16-04.32.01:964][668]LogModuleManager: Shutting down and abandoning module ProfilerService (328)
[2018.09.16-04.32.01:982][668]LogModuleManager: Shutting down and abandoning module TaskGraph (326)
[2018.09.16-04.32.01:982][668]LogModuleManager: Shutting down and abandoning module SteamVRController (324)
[2018.09.16-04.32.01:982][668]LogModuleManager: Shutting down and abandoning module ProceduralMeshComponent (322)
[2018.09.16-04.32.01:982][668]LogModuleManager: Shutting down and abandoning module OculusInput (320)
[2018.09.16-04.32.01:983][668]LogModuleManager: Shutting down and abandoning module MobilePatchingUtils (318)
[2018.09.16-04.32.01:983][668]LogModuleManager: Shutting down and abandoning module EditableMesh (316)
[2018.09.16-04.32.01:983][668]LogModuleManager: Shutting down and abandoning module CustomMeshComponent (314)
[2018.09.16-04.32.01:983][668]LogModuleManager: Shutting down and abandoning module CableComponent (312)
[2018.09.16-04.32.01:983][668]LogModuleManager: Shutting down and abandoning module AudioCapture (310)
[2018.09.16-04.32.01:983][668]LogModuleManager: Shutting down and abandoning module ArchVisCharacter (308)
[2018.09.16-04.32.01:983][668]LogModuleManager: Shutting down and abandoning module AndroidPermission (306)
[2018.09.16-04.32.01:984][668]LogModuleManager: Shutting down and abandoning module NUTUnrealEngine4 (304)
[2018.09.16-04.32.01:984][668]LogModuleManager: Shutting down and abandoning module NetcodeUnitTest (302)
[2018.09.16-04.32.01:984][668]LogModuleManager: Shutting down and abandoning module MediaCompositing (300)
[2018.09.16-04.32.01:984][668]LogModuleManager: Shutting down and abandoning module LinearTimecode (298)
[2018.09.16-04.32.01:984][668]LogModuleManager: Shutting down and abandoning module ImgMedia (296)
[2018.09.16-04.32.01:994][668]LogModuleManager: Shutting down and abandoning module HTML5Networking (294)
[2018.09.16-04.32.01:995][668]LogModuleManager: Shutting down and abandoning module GeometryCacheTracks (292)
[2018.09.16-04.32.01:995][668]LogModuleManager: Shutting down and abandoning module GeometryCacheSequencer (291)
[2018.09.16-04.32.01:995][668]LogModuleManager: Shutting down and abandoning module GeometryCache (288)
[2018.09.16-04.32.01:995][668]LogModuleManager: Shutting down and abandoning module GeometryCacheEd (287)
[2018.09.16-04.32.01:995][668]LogModuleManager: Shutting down and abandoning module BackChannel (284)
[2018.09.16-04.32.01:995][668]LogModuleManager: Shutting down and abandoning module AppleVision (282)
[2018.09.16-04.32.01:995][668]LogModuleManager: Shutting down and abandoning module AppleImageUtils (280)
[2018.09.16-04.32.01:995][668]LogModuleManager: Shutting down and abandoning module DatasmithContent (278)
[2018.09.16-04.32.01:998][668]LogModuleManager: Shutting down and abandoning module CryptoKeysOpenSSL (276)
[2018.09.16-04.32.01:998][668]LogModuleManager: Shutting down and abandoning module CryptoKeys (274)
[2018.09.16-04.32.01:998][668]LogModuleManager: Shutting down and abandoning module VisualStudioSourceCodeAccess (272)
[2018.09.16-04.32.01:998][668]LogModuleManager: Shutting down and abandoning module HotReload (271)
[2018.09.16-04.32.01:999][668]LogModuleManager: Shutting down and abandoning module DirectoryWatcher (270)
[2018.09.16-04.32.01:999][668]LogModuleManager: Shutting down and abandoning module VisualStudioCodeSourceCodeAccess (266)
[2018.09.16-04.32.01:999][668]LogModuleManager: Shutting down and abandoning module UObjectPlugin (264)
[2018.09.16-04.32.01:999][668]LogModuleManager: Shutting down and abandoning module SubversionSourceControl (262)
[2018.09.16-04.32.02:000][668]LogModuleManager: Shutting down and abandoning module PerforceSourceControl (260)
[2018.09.16-04.32.02:000][668]LogModuleManager: Shutting down and abandoning module SourceControl (259)
[2018.09.16-04.32.02:000][668]LogModuleManager: Shutting down and abandoning module CLionSourceCodeAccess (256)
[2018.09.16-04.32.02:000][668]LogModuleManager: Shutting down and abandoning module RuntimePhysXCooking (254)
[2018.09.16-04.32.02:000][668]LogModuleManager: Shutting down and abandoning module PhysXVehiclesEditor (252)
[2018.09.16-04.32.02:001][668]LogModuleManager: Shutting down and abandoning module PhysXVehicles (250)
[2018.09.16-04.32.02:001][668]LogModuleManager: Shutting down and abandoning module LocationServicesBPLibrary (248)
[2018.09.16-04.32.02:001][668]LogModuleManager: Shutting down and abandoning module ImmediatePhysicsEditor (246)
[2018.09.16-04.32.02:001][668]LogModuleManager: Shutting down and abandoning module ImmediatePhysics (244)
[2018.09.16-04.32.02:001][668]LogModuleManager: Shutting down and abandoning module ActorSequence (242)
[2018.09.16-04.32.02:001][668]LogModuleManager: Shutting down and abandoning module UdpMessaging (240)
[2018.09.16-04.32.02:102][668]LogModuleManager: Shutting down and abandoning module TcpMessaging (238)
[2018.09.16-04.32.02:203][668]LogModuleManager: Shutting down and abandoning module MagicLeapAudio (236)
[2018.09.16-04.32.02:203][668]LogModuleManager: Shutting down and abandoning module GameplayTagsEditor (234)
[2018.09.16-04.32.02:203][668]LogModuleManager: Shutting down and abandoning module FacialAnimation (232)
[2018.09.16-04.32.02:203][668]LogModuleManager: Shutting down and abandoning module DataValidation (230)
[2018.09.16-04.32.02:203][668]LogModuleManager: Shutting down and abandoning module AssetManagerEditor (228)
[2018.09.16-04.32.02:203][668]LogModuleManager: Shutting down and abandoning module TreeMap (227)
[2018.09.16-04.32.02:203][668]LogModuleManager: Shutting down and abandoning module LightPropagationVolumeRuntime (224)
[2018.09.16-04.32.02:203][668]LogModuleManager: Shutting down and abandoning module AISupportModule (222)
[2018.09.16-04.32.02:204][668]LogModuleManager: Shutting down and abandoning module Paper2D (220)
[2018.09.16-04.32.02:204][668]LogModuleManager: Shutting down and abandoning module PIEPreviewDeviceProfileSelector (218)
[2018.09.16-04.32.02:204][668]LogModuleManager: Shutting down and abandoning module WindowsMoviePlayer (216)
[2018.09.16-04.32.02:204][668]LogModuleManager: Shutting down and abandoning module WmfMedia (214)
[2018.09.16-04.32.02:207][668]LogModuleManager: Shutting down and abandoning module Media (213)
[2018.09.16-04.32.02:214][668]LogModuleManager: Shutting down and abandoning module PacketHandler (210)
[2018.09.16-04.32.02:214][668]LogModuleManager: Shutting down and abandoning module ClothingSystemEditor (208)
[2018.09.16-04.32.02:214][668]LogModuleManager: Shutting down and abandoning module ClothingSystemRuntime (206)
[2018.09.16-04.32.02:214][668]LogModuleManager: Shutting down and abandoning module MediaAssets (204)
[2018.09.16-04.32.02:215][668]LogModuleManager: Shutting down and abandoning module Overlay (202)
[2018.09.16-04.32.02:215][668]LogModuleManager: Shutting down and abandoning module OverlayEditor (201)
[2018.09.16-04.32.02:215][668]LogModuleManager: Shutting down and abandoning module VREditor (198)
[2018.09.16-04.32.02:215][668]LogModuleManager: Shutting down and abandoning module StringTableEditor (196)
[2018.09.16-04.32.02:215][668]LogModuleManager: Shutting down and abandoning module GameplayTasksEditor (194)
[2018.09.16-04.32.02:215][668]LogModuleManager: Shutting down and abandoning module BehaviorTreeEditor (192)
[2018.09.16-04.32.02:215][668]LogModuleManager: Shutting down and abandoning module FunctionalTesting (190)
[2018.09.16-04.32.02:215][668]LogModuleManager: Shutting down and abandoning module CollisionAnalyzer (188)
[2018.09.16-04.32.02:215][668]LogModuleManager: Shutting down and abandoning module WorkspaceMenuStructure (187)
[2018.09.16-04.32.02:216][668]LogModuleManager: Shutting down and abandoning module UMG (184)
[2018.09.16-04.32.02:216][668]LogModuleManager: Shutting down and abandoning module UMGEditor (183)
[2018.09.16-04.32.02:216][668]LogModuleManager: Shutting down and abandoning module Sequencer (182)
[2018.09.16-04.32.02:216][668]LogModuleManager: Shutting down and abandoning module MessageLog (179)
[2018.09.16-04.32.02:216][668]LogModuleManager: Shutting down and abandoning module SlateReflector (174)
[2018.09.16-04.32.02:216][668]LogModuleManager: Shutting down and abandoning module Slate (172)
[2018.09.16-04.32.02:216][668]LogModuleManager: Shutting down and abandoning module EditorStyle (170)
[2018.09.16-04.32.02:223][668]LogModuleManager: Shutting down and abandoning module MRMesh (168)
[2018.09.16-04.32.02:224][668]LogModuleManager: Shutting down and abandoning module Messaging (166)
[2018.09.16-04.32.02:224][668]LogModuleManager: Shutting down and abandoning module SourceCodeAccess (164)
[2018.09.16-04.32.02:224][668]LogModuleManager: Shutting down and abandoning module HeadMountedDisplay (162)
[2018.09.16-04.32.02:224][668]LogModuleManager: Shutting down and abandoning module XAudio2 (160)
[2018.09.16-04.32.02:224][668]LogModuleManager: Shutting down and abandoning module Networking (158)
[2018.09.16-04.32.02:224][668]LogModuleManager: Shutting down and abandoning module Core (156)
[2018.09.16-04.32.02:224][668]LogModuleManager: Shutting down and abandoning module LevelSequence (154)
[2018.09.16-04.32.02:224][668]LogModuleManager: Shutting down and abandoning module KismetCompiler (152)
[2018.09.16-04.32.02:224][668]LogModuleManager: Shutting down and abandoning module MeshUtilities (150)
[2018.09.16-04.32.02:225][668]LogModuleManager: Shutting down and abandoning module MeshMergeUtilities (149)
[2018.09.16-04.32.02:225][668]LogModuleManager: Shutting down and abandoning module MeshReductionInterface (148)
[2018.09.16-04.32.02:225][668]LogModuleManager: Shutting down and abandoning module SimplygonSwarm (147)
[2018.09.16-04.32.02:225][668]LogModuleManager: Shutting down and abandoning module ProxyLODMeshReduction (145)
[2018.09.16-04.32.02:225][668]LogModuleManager: Shutting down and abandoning module SimplygonMeshReduction (143)
[2018.09.16-04.32.02:225][668]LogModuleManager: Shutting down and abandoning module QuadricMeshReduction (141)
[2018.09.16-04.32.02:226][668]LogModuleManager: Shutting down and abandoning module MaterialBaking (137)
[2018.09.16-04.32.02:226][668]LogModuleManager: Shutting down and abandoning module DerivedDataCache (132)
[2018.09.16-04.32.02:355][668]LogDerivedDataCache: Shutdown
[2018.09.16-04.32.02:355][668]LogModuleManager: Shutting down and abandoning module XGEController (130)
[2018.09.16-04.32.02:356][668]LogModuleManager: Shutting down and abandoning module TargetPlatform (128)
[2018.09.16-04.32.02:356][668]LogModuleManager: Shutting down and abandoning module VulkanShaderFormat (127)
[2018.09.16-04.32.02:356][668]LogModuleManager: Shutting down and abandoning module ShaderFormatVectorVM (125)
[2018.09.16-04.32.02:356][668]LogModuleManager: Shutting down and abandoning module ShaderFormatOpenGL (123)
[2018.09.16-04.32.02:356][668]LogModuleManager: Shutting down and abandoning module ShaderFormatD3D (121)
[2018.09.16-04.32.02:356][668]LogModuleManager: Shutting down and abandoning module MetalShaderFormat (119)
[2018.09.16-04.32.02:356][668]LogModuleManager: Shutting down and abandoning module TextureFormatUncompressed (117)
[2018.09.16-04.32.02:356][668]LogModuleManager: Shutting down and abandoning module TextureFormatPVR (115)
[2018.09.16-04.32.02:356][668]LogModuleManager: Shutting down and abandoning module TextureFormatDXT (113)
[2018.09.16-04.32.02:356][668]LogModuleManager: Shutting down and abandoning module TextureFormatIntelISPCTexComp (111)
[2018.09.16-04.32.02:357][668]LogModuleManager: Shutting down and abandoning module TextureFormatASTC (109)
[2018.09.16-04.32.02:357][668]LogModuleManager: Shutting down and abandoning module ImageWrapper (108)
[2018.09.16-04.32.02:357][668]LogModuleManager: Shutting down and abandoning module TextureFormatAndroid (105)
[2018.09.16-04.32.02:357][668]LogModuleManager: Shutting down and abandoning module AudioFormatOpus (103)
[2018.09.16-04.32.02:357][668]LogModuleManager: Shutting down and abandoning module AudioFormatOgg (101)
[2018.09.16-04.32.02:357][668]LogModuleManager: Shutting down and abandoning module AudioFormatADPCM (99)
[2018.09.16-04.32.02:357][668]LogModuleManager: Shutting down and abandoning module WindowsTargetPlatform (97)
[2018.09.16-04.32.02:357][668]LogModuleManager: Shutting down and abandoning module WindowsServerTargetPlatform (95)
[2018.09.16-04.32.02:357][668]LogModuleManager: Shutting down and abandoning module WindowsNoEditorTargetPlatform (93)
[2018.09.16-04.32.02:357][668]LogModuleManager: Shutting down and abandoning module WindowsClientTargetPlatform (91)
[2018.09.16-04.32.02:357][668]LogModuleManager: Shutting down and abandoning module InputCore (88)
[2018.09.16-04.32.02:357][668]LogModuleManager: Shutting down and abandoning module Settings (86)
[2018.09.16-04.32.02:358][668]LogModuleManager: Shutting down and abandoning module PhysXCooking (84)
[2018.09.16-04.32.02:358][668]LogModuleManager: Shutting down and abandoning module SteamVR (82)
[2018.09.16-04.32.02:358][668]LogModuleManager: Shutting down and abandoning module OculusHMD (80)
[2018.09.16-04.32.02:358][668]LogModuleManager: Shutting down and abandoning module ExampleDeviceProfileSelector (78)
[2018.09.16-04.32.02:358][668]LogModuleManager: Shutting down and abandoning module LauncherChunkInstaller (76)
[2018.09.16-04.32.02:358][668]LogModuleManager: Shutting down and abandoning module OnlineBlueprintSupport (74)
[2018.09.16-04.32.02:358][668]LogModuleManager: Shutting down and abandoning module OnlineSubsystem (70)
[2018.09.16-04.32.02:359][668]LogModuleManager: Shutting down and abandoning module XMPP (65)
[2018.09.16-04.32.02:360][668]LogModuleManager: Shutting down and abandoning module WebSockets (64)
[2018.09.16-04.32.02:370][668]LogModuleManager: Shutting down and abandoning module HTTP (61)
[2018.09.16-04.32.02:390][668]LogModuleManager: Shutting down and abandoning module SSL (60)
[2018.09.16-04.32.02:395][668]LogModuleManager: Shutting down and abandoning module MagicLeapEmulator (56)
[2018.09.16-04.32.02:395][668]LogModuleManager: Shutting down and abandoning module MagicLeapPrivileges (54)
[2018.09.16-04.32.02:396][668]LogModuleManager: Shutting down and abandoning module MagicLeapIdentity (52)
[2018.09.16-04.32.02:396][668]LogModuleManager: Shutting down and abandoning module MagicLeapHelperVulkan (50)
[2018.09.16-04.32.02:396][668]LogModuleManager: Shutting down and abandoning module MagicLeapHelperOpenGL (48)
[2018.09.16-04.32.02:396][668]LogModuleManager: Shutting down and abandoning module MagicLeapSecureStorage (46)
[2018.09.16-04.32.02:396][668]LogModuleManager: Shutting down and abandoning module MagicLeapGestures (44)
[2018.09.16-04.32.02:396][668]LogModuleManager: Shutting down and abandoning module MagicLeapEyeTracker (42)
[2018.09.16-04.32.02:396][668]LogModuleManager: Shutting down and abandoning module MagicLeapController (40)
[2018.09.16-04.32.02:397][668]LogSlate: Slate User Destroyed.  User Index 0, Is Virtual User: 0
[2018.09.16-04.32.02:397][668]LogModuleManager: Shutting down and abandoning module MagicLeap (38)
[2018.09.16-04.32.02:397][668]LogModuleManager: Shutting down and abandoning module AnimationModifiers (36)
[2018.09.16-04.32.02:398][668]LogModuleManager: Shutting down and abandoning module PropertyEditor (35)
[2018.09.16-04.32.02:398][668]LogModuleManager: Shutting down and abandoning module AudioEditor (32)
[2018.09.16-04.32.02:398][668]LogModuleManager: Shutting down and abandoning module TextureCompressor (30)
[2018.09.16-04.32.02:399][668]LogModuleManager: Shutting down and abandoning module ShaderCore (28)
[2018.09.16-04.32.02:399][668]LogModuleManager: Shutting down and abandoning module Landscape (26)
[2018.09.16-04.32.02:399][668]LogModuleManager: Shutting down and abandoning module SlateRHIRenderer (24)
[2018.09.16-04.32.02:399][668]LogModuleManager: Shutting down and abandoning module OpenGLDrv (22)
[2018.09.16-04.32.02:399][668]LogModuleManager: Shutting down and abandoning module D3D11RHI (20)
[2018.09.16-04.32.02:399][668]LogModuleManager: Shutting down and abandoning module AnimGraphRuntime (18)
[2018.09.16-04.32.02:399][668]LogModuleManager: Shutting down and abandoning module Renderer (16)
[2018.09.16-04.32.02:400][668]LogModuleManager: Shutting down and abandoning module Engine (14)
[2018.09.16-04.32.02:400][668]LogModuleManager: Shutting down and abandoning module CoreUObject (12)
[2018.09.16-04.32.02:400][668]LogModuleManager: Shutting down and abandoning module NetworkFile (10)
[2018.09.16-04.32.02:400][668]LogModuleManager: Shutting down and abandoning module CookedIterativeFile (8)
[2018.09.16-04.32.02:400][668]LogModuleManager: Shutting down and abandoning module StreamingFile (6)
[2018.09.16-04.32.02:400][668]LogModuleManager: Shutting down and abandoning module SandboxFile (4)
[2018.09.16-04.32.02:400][668]LogModuleManager: Shutting down and abandoning module PakFile (2)
[2018.09.16-04.32.02:416][668]LogExit: Exiting.
[2018.09.16-04.32.02:426][668]Log file closed, 09/15/18 23:32:02
