Log file open, 09/16/18 01:31:24
LogWindows: Failed to load 'aqProf.dll' (GetLastError=126)
LogWindows: File 'aqProf.dll' does not exist
LogWindows: Failed to load 'VSPerf140.dll' (GetLastError=126)
LogWindows: File 'VSPerf140.dll' does not exist
LogWindows: Failed to load 'VtuneApi.dll' (GetLastError=126)
LogWindows: File 'VtuneApi.dll' does not exist
LogWindows: Failed to load 'VtuneApi32e.dll' (GetLastError=126)
LogWindows: File 'VtuneApi32e.dll' does not exist
LogInit: Display: Running engine for game: SandsProject
LogPlatformFile: Not using cached read wrapper
LogTaskGraph: Started task graph with 5 named threads and 23 total threads with 3 sets of task threads.
LogStats: Stats thread started at 0.365802
LogD3D11RHI: Loaded GFSDK_Aftermath_Lib.x64.dll
LogICUInternationalization: Display: ICU TimeZone Detection - Raw Offset: -6:00, Platform Override: ''
LogPluginManager: Mounting plugin Paper2D
LogPluginManager: Mounting plugin AISupport
LogPluginManager: Mounting plugin LightPropagationVolume
LogPluginManager: Mounting plugin CLionSourceCodeAccess
LogPluginManager: Mounting plugin CodeLiteSourceCodeAccess
LogPluginManager: Mounting plugin GitSourceControl
LogPluginManager: Mounting plugin KDevelopSourceCodeAccess
LogPluginManager: Mounting plugin NullSourceCodeAccess
LogPluginManager: Mounting plugin PerforceSourceControl
LogPluginManager: Mounting plugin SubversionSourceControl
LogPluginManager: Mounting plugin UObjectPlugin
LogPluginManager: Mounting plugin VisualStudioCodeSourceCodeAccess
LogPluginManager: Mounting plugin VisualStudioSourceCodeAccess
LogPluginManager: Mounting plugin XCodeSourceCodeAccess
LogPluginManager: Mounting plugin AssetManagerEditor
LogPluginManager: Mounting plugin CryptoKeys
LogPluginManager: Mounting plugin DataValidation
LogPluginManager: Mounting plugin FacialAnimation
LogPluginManager: Mounting plugin GameplayTagsEditor
LogPluginManager: Mounting plugin MacGraphicsSwitching
LogPluginManager: Mounting plugin MeshEditor
LogPluginManager: Mounting plugin MobileLauncherProfileWizard
LogPluginManager: Mounting plugin PluginBrowser
LogPluginManager: Mounting plugin SpeedTreeImporter
LogPluginManager: Mounting plugin DatasmithContent
LogPluginManager: Mounting plugin AlembicImporter
LogPluginManager: Mounting plugin AppleImageUtils
LogPluginManager: Mounting plugin AppleVision
LogPluginManager: Mounting plugin BackChannel
LogPluginManager: Mounting plugin CharacterAI
LogPluginManager: Mounting plugin GeometryCache
LogPluginManager: Mounting plugin HTML5Networking
LogPluginManager: Mounting plugin ProxyLODPlugin
LogPluginManager: Mounting plugin MagicLeap
LogPluginManager: Mounting plugin MagicLeapEmulator
LogPluginManager: Mounting plugin MagicLeapMedia
LogPluginManager: Mounting plugin AndroidMedia
LogPluginManager: Mounting plugin AvfMedia
LogPluginManager: Mounting plugin ImgMedia
LogPluginManager: Mounting plugin LinearTimecode
LogPluginManager: Mounting plugin MediaCompositing
LogPluginManager: Mounting plugin MediaPlayerEditor
LogPluginManager: Mounting plugin WmfMedia
LogPluginManager: Mounting plugin TcpMessaging
LogPluginManager: Mounting plugin UdpMessaging
LogPluginManager: Mounting plugin ActorSequence
LogPluginManager: Mounting plugin LevelSequenceEditor
LogPluginManager: Mounting plugin MatineeToLevelSequence
LogPluginManager: Mounting plugin NetcodeUnitTest
LogPluginManager: Mounting plugin NUTUnrealEngine4
LogPluginManager: Mounting plugin OnlineSubsystemGooglePlay
LogPluginManager: Mounting plugin OnlineSubsystemIOS
LogPluginManager: Mounting plugin OnlineSubsystem
LogPluginManager: Mounting plugin OnlineSubsystemNull
LogPluginManager: Mounting plugin OnlineSubsystemUtils
LogPluginManager: Mounting plugin LauncherChunkInstaller
LogPluginManager: Mounting plugin AndroidDeviceProfileSelector
LogPluginManager: Mounting plugin AndroidMoviePlayer
LogPluginManager: Mounting plugin AndroidPermission
LogPluginManager: Mounting plugin AppleMoviePlayer
LogPluginManager: Mounting plugin ArchVisCharacter
LogPluginManager: Mounting plugin AudioCapture
LogPluginManager: Mounting plugin CableComponent
LogPluginManager: Mounting plugin CustomMeshComponent
LogPluginManager: Mounting plugin EditableMesh
LogPluginManager: Mounting plugin ExampleDeviceProfileSelector
LogPluginManager: Mounting plugin GoogleCloudMessaging
LogPluginManager: Mounting plugin ImmediatePhysics
LogPluginManager: Mounting plugin IOSDeviceProfileSelector
LogPluginManager: Mounting plugin LinuxDeviceProfileSelector
LogPluginManager: Mounting plugin LocationServicesBPLibrary
LogPluginManager: Mounting plugin MobilePatchingUtils
LogPluginManager: Mounting plugin OculusVR
LogPluginManager: Plugin shader directory ../../../Engine/Plugins/Runtime/Oculus/OculusVR/Shaders found
LogPluginManager: Mapping shader source directory ../../../Engine/Plugins/Runtime/Oculus/OculusVR/Shaders to virtual directory /Plugin/OculusVR
LogPluginManager: Mounting plugin PhysXVehicles
LogPluginManager: Mounting plugin ProceduralMeshComponent
LogPluginManager: Mounting plugin RuntimePhysXCooking
LogPluginManager: Mounting plugin SteamVR
LogPluginManager: Mounting plugin WindowsMoviePlayer
LogStreaming: Display: Took  0.084s to configure plugins.
LogInit: Using libcurl 7.55.1-DEV
LogInit:  - built for x86_64-pc-win32
LogInit:  - supports SSL with OpenSSL/1.0.2h
LogInit:  - supports HTTP deflate (compression) using libz 1.2.8
LogInit:  - other features:
LogInit:      CURL_VERSION_SSL
LogInit:      CURL_VERSION_LIBZ
LogInit:      CURL_VERSION_IPV6
LogInit:      CURL_VERSION_ASYNCHDNS
LogInit:      CURL_VERSION_LARGEFILE
LogInit:      CURL_VERSION_IDN
LogInit:  CurlRequestOptions (configurable via config and command line):
LogInit:  - bVerifyPeer = false  - Libcurl will NOT verify peer certificate
LogInit:  - bUseHttpProxy = false  - Libcurl will NOT use HTTP proxy
LogInit:  - bDontReuseConnections = false  - Libcurl will reuse connections
LogInit:  - CertBundlePath = nullptr  - Libcurl will use whatever was configured at build time.
LogInit:  - MaxHostConnections = 16  - Libcurl will limit the number of connections to a host
LogInit:  - LocalHostAddr = Default
LogInit:  - BufferSize = 65536
LogInit: WinSock: version 1.1 (2.2), MaxSocks=32767, MaxUdp=65467
LogInit: Build: ++UE4+Release-4.20-CL-4302132
LogInit: Engine Version: 4.20.2-4302132+++UE4+Release-4.20
LogInit: Compatible Engine Version: 4.20.0-4212847+++UE4+Release-4.20
LogInit: Net CL: 4212847
LogInit: OS: Windows 10 (), CPU:       Intel(R) Core(TM) i7-2630QM CPU @ 2.00GHz, GPU: NVIDIA GeForce GTX 560M
LogInit: Compiled (64-bit): Aug 21 2018 02:06:06
LogInit: Compiled with Visual C++: 19.13.26129.00
LogInit: Build Configuration: Development
LogInit: Branch Name: ++UE4+Release-4.20
LogInit: Command Line:  /Game/ThirdPersonBP/Maps/ThirdPersonExampleMap -game -PIEVIACONSOLE -ResX=1280 -ResY=720  -Multiprocess -messaging -SessionName="Play in Standalone Game" -windowed 
LogInit: Base Directory: C:/Program Files/Epic Games/UE_4.20/Engine/Binaries/Win64/
LogInit: Installed Engine Build: 1
LogDevObjectVersion: Number of dev versions registered: 20
LogDevObjectVersion:   Dev-Blueprints (B0D832E4-1F89-4F0D-ACCF-7EB736FD4AA2): 10
LogDevObjectVersion:   Dev-Build (E1C64328-A22C-4D53-A36C-8E866417BD8C): 0
LogDevObjectVersion:   Dev-Core (375EC13C-06E4-48FB-B500-84F0262A717E): 2
LogDevObjectVersion:   Dev-Editor (E4B068ED-F494-42E9-A231-DA0B2E46BB41): 24
LogDevObjectVersion:   Dev-Framework (CFFC743F-43B0-4480-9391-14DF171D2073): 34
LogDevObjectVersion:   Dev-Mobile (B02B49B5-BB20-44E9-A304-32B752E40360): 2
LogDevObjectVersion:   Dev-Networking (A4E4105C-59A1-49B5-A7C5-40C4547EDFEE): 0
LogDevObjectVersion:   Dev-Online (39C831C9-5AE6-47DC-9A44-9C173E1C8E7C): 0
LogDevObjectVersion:   Dev-Physics (78F01B33-EBEA-4F98-B9B4-84EACCB95AA2): 0
LogDevObjectVersion:   Dev-Platform (6631380F-2D4D-43E0-8009-CF276956A95A): 0
LogDevObjectVersion:   Dev-Rendering (12F88B9F-8875-4AFC-A67C-D90C383ABD29): 26
LogDevObjectVersion:   Dev-Sequencer (7B5AE74C-D270-4C10-A958-57980B212A5A): 9
LogDevObjectVersion:   Dev-VR (D7296918-1DD6-4BDD-9DE2-64A83CC13884): 2
LogDevObjectVersion:   Dev-LoadTimes (C2A15278-BFE7-4AFE-6C17-90FF531DF755): 1
LogDevObjectVersion:   Private-Geometry (6EACA3D4-40EC-4CC1-B786-8BED09428FC5): 3
LogDevObjectVersion:   Dev-AnimPhys (29E575DD-E0A3-4627-9D10-D276232CDCEA): 17
LogDevObjectVersion:   Dev-ReflectionCapture (6B266CEC-1EC7-4B8F-A30B-E4D90942FC07): 1
LogDevObjectVersion:   Dev-Automation (0DF73D61-A23F-47EA-B727-89E90C41499A): 1
LogDevObjectVersion:   FortniteMain (601D1886-AC64-4F84-AA16-D3DE0DEAC7D6): 12
LogDevObjectVersion:   Dev-Enterprise (9DFFBCD6-494F-0158-E221-12823C92A888): 1
LogStreaming: Display: Took  0.003s to delete old logs.
LogInit: Presizing for max 8388607 objects, including 0 objects not considered by GC, pre-allocating 0 bytes for permanent pool.
LogInit: Object subsystem initialized
[2018.09.16-06.31.25:149][  0]LogInit: Selected Device Profile: [Windows]
[2018.09.16-06.31.25:149][  0]LogInit: Applying CVar settings loaded from the selected device profile: [Windows]
[2018.09.16-06.31.25:155][  0]LogHAL: Display: Platform has ~ 12 GB [12860948480 / 17179869184 / 12], which maps to Larger [LargestMinGB=32, LargerMinGB=12, DefaultMinGB=8, SmallerMinGB=6, SmallestMinGB=0)
[2018.09.16-06.31.25:155][  0]LogInit: Setting Device Profile CVar: [[r.Vulkan.UseRealUBs:1]]
[2018.09.16-06.31.25:155][  0]LogInit: Going up to parent DeviceProfile []
[2018.09.16-06.31.25:156][  0]LogInit: Computer: DESKTOP-GCVK9JQ
[2018.09.16-06.31.25:156][  0]LogInit: User: Elena
[2018.09.16-06.31.25:156][  0]LogInit: CPU Page size=4096, Cores=4
[2018.09.16-06.31.25:156][  0]LogInit: High frequency timer resolution =1.948697 MHz
[2018.09.16-06.31.25:157][  0]LogMemory: Memory total: Physical=12.0GB (12GB approx)
[2018.09.16-06.31.25:157][  0]LogMemory: Platform Memory Stats for Windows
[2018.09.16-06.31.25:157][  0]LogMemory: Process Physical Memory: 100.45 MB used, 100.45 MB peak
[2018.09.16-06.31.25:157][  0]LogMemory: Process Virtual Memory: 89.17 MB used, 89.17 MB peak
[2018.09.16-06.31.25:157][  0]LogMemory: Physical Memory: 6469.04 MB used,  5796.12 MB free, 12265.16 MB total
[2018.09.16-06.31.25:157][  0]LogMemory: Virtual Memory: 4638.60 MB used,  5796.12 MB free, 134217728.00 MB total
[2018.09.16-06.31.25:191][  0]LogInit: Using OS detected language (en-US).
[2018.09.16-06.31.25:191][  0]LogInit: Using OS detected locale (en-US).
[2018.09.16-06.31.25:193][  0]LogTextLocalizationManager: No specific localization for 'en-US' exists, so the 'en' localization will be used.
[2018.09.16-06.31.26:865][  0]LogStreaming: Display: Took  1.674s to InitEngineTextLocalization.
[2018.09.16-06.31.26:965][  0]LogSlate: New Slate User Created.  User Index 0, Is Virtual User: 0
[2018.09.16-06.31.26:965][  0]LogSlate: Slate User Registered.  User Index 0, Is Virtual User: 0
[2018.09.16-06.31.26:980][  0]LogHMD: Failed to initialize OpenVR with code 110
[2018.09.16-06.31.26:980][  0]LogD3D11RHI: D3D11 adapters:
[2018.09.16-06.31.27:068][  0]LogD3D11RHI:    0. 'NVIDIA GeForce GTX 560M' (Feature Level 11_0)
[2018.09.16-06.31.27:068][  0]LogD3D11RHI:       3020/0/6132 MB DedicatedVideo/DedicatedSystem/SharedSystem, Outputs:1, VendorId:0x10de
[2018.09.16-06.31.27:078][  0]LogD3D11RHI:    1. 'Microsoft Basic Render Driver' (Feature Level 11_0)
[2018.09.16-06.31.27:078][  0]LogD3D11RHI:       0/0/6132 MB DedicatedVideo/DedicatedSystem/SharedSystem, Outputs:0, VendorId:0x1414
[2018.09.16-06.31.27:078][  0]LogD3D11RHI: Chosen D3D11 Adapter: 0
[2018.09.16-06.31.27:103][  0]LogD3D11RHI: Creating new Direct3DDevice
[2018.09.16-06.31.27:104][  0]LogD3D11RHI:     GPU DeviceId: 0x1251 (for the marketing name, search the web for "GPU Device Id")
[2018.09.16-06.31.27:104][  0]LogWindows: EnumDisplayDevices:
[2018.09.16-06.31.27:104][  0]LogWindows:    0. 'NVIDIA GeForce GTX 560M' (P:1 D:1)
[2018.09.16-06.31.27:106][  0]LogWindows:    1. 'NVIDIA GeForce GTX 560M' (P:0 D:0)
[2018.09.16-06.31.27:107][  0]LogWindows: DebugString: FoundDriverCount:2 
[2018.09.16-06.31.27:107][  0]LogD3D11RHI:     Adapter Name: NVIDIA GeForce GTX 560M
[2018.09.16-06.31.27:107][  0]LogD3D11RHI:   Driver Version: 369.09 (internal:21.21.13.6909, unified:369.09)
[2018.09.16-06.31.27:107][  0]LogD3D11RHI:      Driver Date: 8-1-2016
[2018.09.16-06.31.27:107][  0]LogRHI: Texture pool is 2114 MB (70% of 3020 MB)
[2018.09.16-06.31.27:173][  0]LogD3D11RHI: Display: Timestamp queries are currently disabled on this hardware due to instability. Realtime GPU stats will not be available. You can override this behaviour by setting r.NVIDIATimestampWorkaround to 0
[2018.09.16-06.31.27:174][  0]LogD3D11RHI: Async texture creation enabled
[2018.09.16-06.31.27:203][  0]LogD3D11RHI: GPU Timing Frequency: 1000.000000 (Debug: 2 1)
[2018.09.16-06.31.27:258][  0]LogShaderCompilers: Guid format shader working directory is -6 characters bigger than the processId version (F:/My Documents/GitHub/Sands/SourceCode/SandsProject/Intermediate/Shaders/WorkingDirectory/7108/).
[2018.09.16-06.31.27:259][  0]LogShaderCompilers: Cleaned the shader compiler working directory 'C:/Users/Elena/AppData/Local/Temp/UnrealShaderWorkingDir/1EC20A2148F3597E990AB3A3DFF5E2C9/'.
[2018.09.16-06.31.27:775][  0]LogTemp: Display: Loaded TP WindowsClientTargetPlatform
[2018.09.16-06.31.27:809][  0]LogTemp: Display: Loaded TP WindowsNoEditorTargetPlatform
[2018.09.16-06.31.27:838][  0]LogTemp: Display: Loaded TP WindowsServerTargetPlatform
[2018.09.16-06.31.27:851][  0]LogTemp: Display: Loaded TP WindowsTargetPlatform
[2018.09.16-06.31.27:851][  0]LogTargetPlatformManager: Display: Building Assets For Windows
[2018.09.16-06.31.27:964][  0]LogXGEController: Cannot use XGE Controller as Incredibuild is not installed on this machine.
[2018.09.16-06.31.27:965][  0]LogShaderCompilers: Cannot use XGE Shader Compiler as Incredibuild is not installed on this machine.
[2018.09.16-06.31.27:965][  0]LogShaderCompilers: Display: Using Local Shader Compiler.
[2018.09.16-06.31.29:343][  0]LogDerivedDataCache: Display: Max Cache Size: 512 MB
[2018.09.16-06.31.29:534][  0]LogDerivedDataCache: Loaded boot cache 0.19s 71MB C:/Users/Elena/AppData/Local/UnrealEngine/4.20/DerivedDataCache/Boot.ddc.
[2018.09.16-06.31.29:535][  0]LogDerivedDataCache: Display: Loaded Boot cache: C:/Users/Elena/AppData/Local/UnrealEngine/4.20/DerivedDataCache/Boot.ddc
[2018.09.16-06.31.29:535][  0]LogDerivedDataCache: FDerivedDataBackendGraph:  Pak pak cache file F:/My Documents/GitHub/Sands/SourceCode/SandsProject/DerivedDataCache/DDC.ddp not found, will not use a pak cache.
[2018.09.16-06.31.29:535][  0]LogDerivedDataCache: Unable to find inner node Pak for hierarchical cache Hierarchy.
[2018.09.16-06.31.29:536][  0]LogDerivedDataCache: FDerivedDataBackendGraph:  CompressedPak pak cache file F:/My Documents/GitHub/Sands/SourceCode/SandsProject/DerivedDataCache/Compressed.ddp not found, will not use a pak cache.
[2018.09.16-06.31.29:536][  0]LogDerivedDataCache: Unable to find inner node CompressedPak for hierarchical cache Hierarchy.
[2018.09.16-06.31.29:609][  0]LogDerivedDataCache: Display: Pak cache opened for reading ../../../Engine/DerivedDataCache/Compressed.ddp.
[2018.09.16-06.31.29:626][  0]LogDerivedDataCache: Using Local data cache path C:/Users/Elena/AppData/Local/UnrealEngine/Common/DerivedDataCache: Writable
[2018.09.16-06.31.29:626][  0]LogDerivedDataCache: Shared data cache path not found in *engine.ini, will not use an Shared cache.
[2018.09.16-06.31.29:626][  0]LogDerivedDataCache: Unable to find inner node Shared for hierarchical cache Hierarchy.
[2018.09.16-06.31.29:720][  0]LogMaterial: Verifying Global Shaders for PCD3D_SM5
[2018.09.16-06.31.29:727][  0]LogSlate: Using FreeType 2.6.0
[2018.09.16-06.31.29:730][  0]LogSlate: SlateFontServices - WITH_FREETYPE: 1, WITH_HARFBUZZ: 1
[2018.09.16-06.31.29:962][  0]LogInit: Using OS detected language (en-US).
[2018.09.16-06.31.29:962][  0]LogInit: Using OS detected locale (en-US).
[2018.09.16-06.31.29:962][  0]LogTextLocalizationManager: No localization for 'en-US' exists, so 'en' will be used for the language.
[2018.09.16-06.31.29:962][  0]LogTextLocalizationManager: No localization for 'en-US' exists, so 'en' will be used for the locale.
[2018.09.16-06.31.31:396][  0]LogStreaming: Display: Took  1.435s to InitGameTextLocalization.
[2018.09.16-06.31.31:408][  0]LogAssetRegistry: FAssetRegistry took 0.0066 seconds to start up
[2018.09.16-06.31.31:827][  0]LogPackageLocalizationCache: Processed 11 localized package path(s) for 1 prioritized culture(s) in 0.027077 seconds
[2018.09.16-06.31.32:008][  0]LogInit: Selected Device Profile: [Windows]
[2018.09.16-06.31.32:231][  0]LogSimplygon: Simplygon DLL not present - disabling.
[2018.09.16-06.31.32:237][  0]LogMeshReduction: Using SimplygonSwarm for distributed automatic mesh merging
[2018.09.16-06.31.32:238][  0]LogMeshReduction: Using ProxyLODMeshReduction for automatic mesh merging
[2018.09.16-06.31.32:238][  0]LogMeshReduction: Using QuadricMeshReduction for automatic static mesh reduction
[2018.09.16-06.31.32:238][  0]LogMeshReduction: No automatic skeletal mesh reduction module available
[2018.09.16-06.31.32:256][  0]LogNetVersion: SandsProject 1.0.0, NetCL: 4212847, EngineNetVer: 5, GameNetVer: 0 (Checksum: 3328798503)
[2018.09.16-06.31.33:022][  0]LogMoviePlayer: Initializing movie player
[2018.09.16-06.31.33:272][  0]LogTcpMessaging: Initializing TcpMessaging bridge
[2018.09.16-06.31.33:286][  0]LogUdpMessaging: Initializing bridge on interface 0.0.0.0:0 to multicast group 230.0.0.1:6666.
[2018.09.16-06.31.33:419][  0]SourceControl: Source control is disabled
[2018.09.16-06.31.33:419][  0]SourceControl: Source control is disabled
[2018.09.16-06.31.33:423][  0]SourceControl: Source control is disabled
[2018.09.16-06.31.33:707][  0]LogAndroidPermission: UAndroidPermissionCallbackProxy::GetInstance
[2018.09.16-06.31.33:945][  0]LogOcInput: OculusInput pre-init called
[2018.09.16-06.31.33:982][  0]LogUObjectArray: 42168 objects as part of root set at end of initial load.
[2018.09.16-06.31.33:982][  0]LogUObjectAllocator: 7432344 out of 0 bytes used by permanent object pool.
[2018.09.16-06.31.33:982][  0]LogUObjectArray: CloseDisregardForGC: 0/0 objects in disregard for GC pool
[2018.09.16-06.31.34:222][  0]LogEngine: Initializing Engine...
[2018.09.16-06.31.34:225][  0]LogHMD: Failed to initialize OpenVR with code 110
[2018.09.16-06.31.34:244][  0]LogStats: UGameplayTagsManager::ConstructGameplayTagTree: ImportINI prefixes -  0.000 s
[2018.09.16-06.31.34:244][  0]LogStats: UGameplayTagsManager::ConstructGameplayTagTree: Construct from data asset -  0.000 s
[2018.09.16-06.31.34:244][  0]LogStats: UGameplayTagsManager::ConstructGameplayTagTree: ImportINI -  0.000 s
[2018.09.16-06.31.34:244][  0]LogStats: UGameplayTagsManager::ConstructGameplayTagTree: GameplayTagTreeChangedEvent.Broadcast -  0.000 s
[2018.09.16-06.31.35:039][  0]LogInit: Initializing FReadOnlyCVARCache
[2018.09.16-06.31.35:070][  0]LogInit: XAudio2 using 'Speakers (Realtek High Definition Audio)' : 2 channels at 48 kHz using 32 bits per sample (channel mask 0x3)
[2018.09.16-06.31.35:134][  0]LogInit: FAudioDevice initialized.
[2018.09.16-06.31.35:148][  0]LogNetVersion: Set ProjectVersion to 1.0.0.0. Version Checksum will be recalculated on next use.
[2018.09.16-06.31.35:182][  0]LogInit: Texture streaming: Enabled
[2018.09.16-06.31.35:816][  0]LogSlate: Updating window title bar state: overlay mode, drag disabled, window buttons hidden, title bar hidden
[2018.09.16-06.31.35:817][  0]LogInit: Display: Game Engine Initialized.
[2018.09.16-06.31.35:817][  0]LogGameplayTags: Display: UGameplayTagsManager::DoneAddingNativeTags. DelegateIsBound: 0
[2018.09.16-06.31.35:818][  0]LogStats: UGameplayTagsManager::ConstructGameplayTagTree: ImportINI prefixes -  0.000 s
[2018.09.16-06.31.35:818][  0]LogStats: UGameplayTagsManager::ConstructGameplayTagTree: Construct from data asset -  0.000 s
[2018.09.16-06.31.35:818][  0]LogStats: UGameplayTagsManager::ConstructGameplayTagTree: ImportINI -  0.000 s
[2018.09.16-06.31.35:818][  0]LogStats: UGameplayTagsManager::ConstructGameplayTagTree: GameplayTagTreeChangedEvent.Broadcast -  0.000 s
[2018.09.16-06.31.35:885][  0]LogInit: Display: Starting Game.
[2018.09.16-06.31.35:885][  0]LogNet: Browse: /Game/ThirdPersonBP/Maps/ThirdPersonExampleMap?Name=Player
[2018.09.16-06.31.35:886][  0]LogLoad: LoadMap: /Game/ThirdPersonBP/Maps/ThirdPersonExampleMap?Name=Player
[2018.09.16-06.31.36:974][  0]LogAIModule: Creating AISystem for world ThirdPersonExampleMap
[2018.09.16-06.31.36:974][  0]LogLoad: Game class is 'ThirdPersonGameMode_C'
[2018.09.16-06.31.36:988][  0]LogWorld: Bringing World /Game/ThirdPersonBP/Maps/ThirdPersonExampleMap.ThirdPersonExampleMap up for play (max tick rate 0) at 2018.09.16-01.31.36
[2018.09.16-06.31.36:989][  0]LogWorld: Bringing up level for play took: 0.011847
[2018.09.16-06.31.36:998][  0]LogLoad: Took 1.111621 seconds to LoadMap(/Game/ThirdPersonBP/Maps/ThirdPersonExampleMap)
[2018.09.16-06.31.37:072][  0]LogRenderer: Reallocating scene render targets to support 1280x720 Format 10 NumSamples 1 (Frame:1).
[2018.09.16-06.31.37:072][  0]LogLoad: (Engine Initialization) Total time: 17.49 seconds
[2018.09.16-06.31.37:072][  0]LogLoad: (Engine Initialization) Total Blueprint compile time: 0.00 seconds
[2018.09.16-06.31.37:111][  0]LogWindowsTextInputMethodSystem: Display: IME system now deactivated.
[2018.09.16-06.31.37:116][  0]LogContentStreaming: Texture pool size now 1000 MB
[2018.09.16-06.31.59:752][178]LogSlate: Took 0.000263 seconds to synchronously load lazily loaded font '../../../Engine/Content/Slate/Fonts/Roboto-Regular.ttf' (155K)
[2018.09.16-06.32.10:881][559]LogRenderer: Reallocating scene render targets to support 1284x720 Format 10 NumSamples 1 (Frame:1563).
[2018.09.16-06.32.11:003][559]LogRenderer: Reallocating scene render targets to support 1288x724 Format 10 NumSamples 1 (Frame:1564).
[2018.09.16-06.32.11:119][559]LogRenderer: Reallocating scene render targets to support 1308x736 Format 10 NumSamples 1 (Frame:1565).
[2018.09.16-06.32.11:252][559]LogRenderer: Reallocating scene render targets to support 1364x768 Format 10 NumSamples 1 (Frame:1566).
[2018.09.16-06.32.11:370][559]LogRenderer: Reallocating scene render targets to support 1376x772 Format 10 NumSamples 1 (Frame:1567).
[2018.09.16-06.32.15:458][735]LogRenderer: Reallocating scene render targets to support 1376x776 Format 10 NumSamples 1 (Frame:1745).
[2018.09.16-06.32.15:541][735]LogRenderer: Reallocating scene render targets to support 1380x776 Format 10 NumSamples 1 (Frame:1746).
[2018.09.16-06.32.15:636][735]LogRenderer: Reallocating scene render targets to support 1384x776 Format 10 NumSamples 1 (Frame:1747).
[2018.09.16-06.32.15:724][735]LogRenderer: Reallocating scene render targets to support 1404x788 Format 10 NumSamples 1 (Frame:1748).
[2018.09.16-06.32.15:814][735]LogRenderer: Reallocating scene render targets to support 1448x816 Format 10 NumSamples 1 (Frame:1749).
[2018.09.16-06.32.15:902][735]LogRenderer: Reallocating scene render targets to support 1560x876 Format 10 NumSamples 1 (Frame:1750).
[2018.09.16-06.32.15:999][735]LogRenderer: Reallocating scene render targets to support 1624x912 Format 10 NumSamples 1 (Frame:1751).
[2018.09.16-06.32.16:102][735]LogRenderer: Reallocating scene render targets to support 1672x940 Format 10 NumSamples 1 (Frame:1752).
[2018.09.16-06.32.16:204][735]LogRenderer: Reallocating scene render targets to support 1708x960 Format 10 NumSamples 1 (Frame:1753).
[2018.09.16-06.32.16:314][735]LogRenderer: Reallocating scene render targets to support 1728x972 Format 10 NumSamples 1 (Frame:1754).
[2018.09.16-06.32.16:424][735]LogRenderer: Reallocating scene render targets to support 1744x980 Format 10 NumSamples 1 (Frame:1755).
[2018.09.16-06.32.16:534][735]LogRenderer: Reallocating scene render targets to support 1772x996 Format 10 NumSamples 1 (Frame:1756).
[2018.09.16-06.32.16:638][735]LogRenderer: Reallocating scene render targets to support 1788x1004 Format 10 NumSamples 1 (Frame:1757).
[2018.09.16-06.32.16:754][735]LogRenderer: Reallocating scene render targets to support 1796x1012 Format 10 NumSamples 1 (Frame:1758).
[2018.09.16-06.32.16:860][735]LogRenderer: Reallocating scene render targets to support 1800x1012 Format 10 NumSamples 1 (Frame:1759).
[2018.09.16-06.32.16:975][735]LogRenderer: Reallocating scene render targets to support 1808x1016 Format 10 NumSamples 1 (Frame:1760).
[2018.09.16-06.32.17:129][735]LogRenderer: Reallocating scene render targets to support 1812x1016 Format 10 NumSamples 1 (Frame:1761).
[2018.09.16-06.32.17:246][735]LogRenderer: Reallocating scene render targets to support 1824x1028 Format 10 NumSamples 1 (Frame:1762).
[2018.09.16-06.32.17:385][735]LogRenderer: Reallocating scene render targets to support 1840x1032 Format 10 NumSamples 1 (Frame:1763).
[2018.09.16-06.32.17:583][735]LogRenderer: Reallocating scene render targets to support 1832x1032 Format 10 NumSamples 1 (Frame:1765).
[2018.09.16-06.32.17:706][735]LogRenderer: Reallocating scene render targets to support 1828x1028 Format 10 NumSamples 1 (Frame:1766).
[2018.09.16-06.32.17:819][735]LogRenderer: Reallocating scene render targets to support 1824x1024 Format 10 NumSamples 1 (Frame:1767).
[2018.09.16-06.32.17:930][735]LogRenderer: Reallocating scene render targets to support 1800x1012 Format 10 NumSamples 1 (Frame:1768).
[2018.09.16-06.32.18:039][735]LogRenderer: Reallocating scene render targets to support 1748x984 Format 10 NumSamples 1 (Frame:1769).
[2018.09.16-06.32.18:142][735]LogRenderer: Reallocating scene render targets to support 1648x928 Format 10 NumSamples 1 (Frame:1770).
[2018.09.16-06.32.18:247][735]LogRenderer: Reallocating scene render targets to support 1508x848 Format 10 NumSamples 1 (Frame:1771).
[2018.09.16-06.32.18:705][735]LogRenderer: Reallocating scene render targets to support 1404x788 Format 10 NumSamples 1 (Frame:1772).
[2018.09.16-06.32.18:787][735]LogRenderer: Reallocating scene render targets to support 1296x728 Format 10 NumSamples 1 (Frame:1773).
[2018.09.16-06.32.18:986][735]LogRenderer: Reallocating scene render targets to support 1308x736 Format 10 NumSamples 1 (Frame:1775).
[2018.09.16-06.32.19:073][735]LogRenderer: Reallocating scene render targets to support 1340x752 Format 10 NumSamples 1 (Frame:1776).
[2018.09.16-06.32.19:155][735]LogRenderer: Reallocating scene render targets to support 1348x756 Format 10 NumSamples 1 (Frame:1777).
[2018.09.16-06.32.19:246][735]LogRenderer: Reallocating scene render targets to support 1372x772 Format 10 NumSamples 1 (Frame:1778).
[2018.09.16-06.32.19:330][735]LogRenderer: Reallocating scene render targets to support 1384x776 Format 10 NumSamples 1 (Frame:1779).
[2018.09.16-06.32.19:418][735]LogRenderer: Reallocating scene render targets to support 1388x780 Format 10 NumSamples 1 (Frame:1780).
[2018.09.16-06.32.36:540][386]LogRenderer: Reallocating scene render targets to support 1856x1060 Format 10 NumSamples 1 (Frame:2433).
[2018.09.16-06.32.38:695][440]LogSlate: FSceneViewport::OnFocusLost() reason 0
[2018.09.16-06.32.46:586][644]LogSlate: Window 'SandsProject (64-bit Development PCD3D_SM5) ' being destroyed
[2018.09.16-06.32.46:587][644]LogWindowsTextInputMethodSystem: Display: IME system now deactivated.
[2018.09.16-06.32.46:591][644]LogSlate: Updating window title bar state: overlay mode, drag disabled, window buttons hidden, title bar hidden
[2018.09.16-06.32.46:591][644]LogEngine: All Windows Closed
[2018.09.16-06.32.46:591][644]LogWindows: FPlatformMisc::RequestExit(0)
[2018.09.16-06.32.47:267][645]LogExit: Preparing to exit.
[2018.09.16-06.32.47:267][645]LogMoviePlayer: Shutting down movie player
[2018.09.16-06.32.48:346][645]LogSlate: Updating window title bar state: overlay mode, drag disabled, window buttons hidden, title bar hidden
[2018.09.16-06.32.48:361][645]LogExit: Game engine shut down
