Log file open, 09/15/18 20:07:09
LogWindows: Failed to load 'aqProf.dll' (GetLastError=126)
LogWindows: File 'aqProf.dll' does not exist
LogWindows: Failed to load 'VtuneApi.dll' (GetLastError=126)
LogWindows: File 'VtuneApi.dll' does not exist
LogWindows: Failed to load 'VtuneApi32e.dll' (GetLastError=126)
LogWindows: File 'VtuneApi32e.dll' does not exist
LogInit: Display: Running engine for game: SandsProject
LogPlatformFile: Not using cached read wrapper
LogTaskGraph: Started task graph with 5 named threads and 23 total threads with 3 sets of task threads.
LogStats: Stats thread started at 0.274466
LogD3D11RHI: Loaded GFSDK_Aftermath_Lib.x64.dll
LogICUInternationalization: Display: ICU TimeZone Detection - Raw Offset: -6:00, Platform Override: ''
LogPluginManager: Mounting plugin Paper2D
LogPluginManager: Mounting plugin AISupport
LogPluginManager: Mounting plugin LightPropagationVolume
LogPluginManager: Mounting plugin CLionSourceCodeAccess
LogPluginManager: Mounting plugin CodeLiteSourceCodeAccess
LogPluginManager: Mounting plugin GitSourceControl
LogPluginManager: Mounting plugin KDevelopSourceCodeAccess
LogPluginManager: Mounting plugin NullSourceCodeAccess
LogPluginManager: Mounting plugin PerforceSourceControl
LogPluginManager: Mounting plugin SubversionSourceControl
LogPluginManager: Mounting plugin UObjectPlugin
LogPluginManager: Mounting plugin VisualStudioCodeSourceCodeAccess
LogPluginManager: Mounting plugin VisualStudioSourceCodeAccess
LogPluginManager: Mounting plugin XCodeSourceCodeAccess
LogPluginManager: Mounting plugin AssetManagerEditor
LogPluginManager: Mounting plugin CryptoKeys
LogPluginManager: Mounting plugin DataValidation
LogPluginManager: Mounting plugin FacialAnimation
LogPluginManager: Mounting plugin GameplayTagsEditor
LogPluginManager: Mounting plugin MacGraphicsSwitching
LogPluginManager: Mounting plugin MeshEditor
LogPluginManager: Mounting plugin MobileLauncherProfileWizard
LogPluginManager: Mounting plugin PluginBrowser
LogPluginManager: Mounting plugin SpeedTreeImporter
LogPluginManager: Mounting plugin DatasmithContent
LogPluginManager: Mounting plugin AlembicImporter
LogPluginManager: Mounting plugin AppleImageUtils
LogPluginManager: Mounting plugin AppleVision
LogPluginManager: Mounting plugin BackChannel
LogPluginManager: Mounting plugin CharacterAI
LogPluginManager: Mounting plugin GeometryCache
LogPluginManager: Mounting plugin HTML5Networking
LogPluginManager: Mounting plugin ProxyLODPlugin
LogPluginManager: Mounting plugin MagicLeap
LogPluginManager: Mounting plugin MagicLeapEmulator
LogPluginManager: Mounting plugin MagicLeapMedia
LogPluginManager: Mounting plugin AndroidMedia
LogPluginManager: Mounting plugin AvfMedia
LogPluginManager: Mounting plugin ImgMedia
LogPluginManager: Mounting plugin LinearTimecode
LogPluginManager: Mounting plugin MediaCompositing
LogPluginManager: Mounting plugin MediaPlayerEditor
LogPluginManager: Mounting plugin WmfMedia
LogPluginManager: Mounting plugin TcpMessaging
LogPluginManager: Mounting plugin UdpMessaging
LogPluginManager: Mounting plugin ActorSequence
LogPluginManager: Mounting plugin LevelSequenceEditor
LogPluginManager: Mounting plugin MatineeToLevelSequence
LogPluginManager: Mounting plugin NetcodeUnitTest
LogPluginManager: Mounting plugin NUTUnrealEngine4
LogPluginManager: Mounting plugin OnlineSubsystemGooglePlay
LogPluginManager: Mounting plugin OnlineSubsystemIOS
LogPluginManager: Mounting plugin OnlineSubsystem
LogPluginManager: Mounting plugin OnlineSubsystemNull
LogPluginManager: Mounting plugin OnlineSubsystemUtils
LogPluginManager: Mounting plugin LauncherChunkInstaller
LogPluginManager: Mounting plugin AndroidDeviceProfileSelector
LogPluginManager: Mounting plugin AndroidMoviePlayer
LogPluginManager: Mounting plugin AndroidPermission
LogPluginManager: Mounting plugin AppleMoviePlayer
LogPluginManager: Mounting plugin ArchVisCharacter
LogPluginManager: Mounting plugin AudioCapture
LogPluginManager: Mounting plugin CableComponent
LogPluginManager: Mounting plugin CustomMeshComponent
LogPluginManager: Mounting plugin EditableMesh
LogPluginManager: Mounting plugin ExampleDeviceProfileSelector
LogPluginManager: Mounting plugin GoogleCloudMessaging
LogPluginManager: Mounting plugin ImmediatePhysics
LogPluginManager: Mounting plugin IOSDeviceProfileSelector
LogPluginManager: Mounting plugin LinuxDeviceProfileSelector
LogPluginManager: Mounting plugin LocationServicesBPLibrary
LogPluginManager: Mounting plugin MobilePatchingUtils
LogPluginManager: Mounting plugin OculusVR
LogPluginManager: Plugin shader directory ../../../Engine/Plugins/Runtime/Oculus/OculusVR/Shaders found
LogPluginManager: Mapping shader source directory ../../../Engine/Plugins/Runtime/Oculus/OculusVR/Shaders to virtual directory /Plugin/OculusVR
LogPluginManager: Mounting plugin PhysXVehicles
LogPluginManager: Mounting plugin ProceduralMeshComponent
LogPluginManager: Mounting plugin RuntimePhysXCooking
LogPluginManager: Mounting plugin SteamVR
LogPluginManager: Mounting plugin WindowsMoviePlayer
LogStreaming: Display: Took  0.085s to configure plugins.
LogInit: Using libcurl 7.55.1-DEV
LogInit:  - built for x86_64-pc-win32
LogInit:  - supports SSL with OpenSSL/1.0.2h
LogInit:  - supports HTTP deflate (compression) using libz 1.2.8
LogInit:  - other features:
LogInit:      CURL_VERSION_SSL
LogInit:      CURL_VERSION_LIBZ
LogInit:      CURL_VERSION_IPV6
LogInit:      CURL_VERSION_ASYNCHDNS
LogInit:      CURL_VERSION_LARGEFILE
LogInit:      CURL_VERSION_IDN
LogInit:  CurlRequestOptions (configurable via config and command line):
LogInit:  - bVerifyPeer = false  - Libcurl will NOT verify peer certificate
LogInit:  - bUseHttpProxy = false  - Libcurl will NOT use HTTP proxy
LogInit:  - bDontReuseConnections = false  - Libcurl will reuse connections
LogInit:  - CertBundlePath = nullptr  - Libcurl will use whatever was configured at build time.
LogInit:  - MaxHostConnections = 16  - Libcurl will limit the number of connections to a host
LogInit:  - LocalHostAddr = Default
LogInit:  - BufferSize = 65536
LogInit: WinSock: version 1.1 (2.2), MaxSocks=32767, MaxUdp=65467
LogInit: Build: ++UE4+Release-4.20-CL-4302132
LogInit: Engine Version: 4.20.2-4302132+++UE4+Release-4.20
LogInit: Compatible Engine Version: 4.20.0-4212847+++UE4+Release-4.20
LogInit: Net CL: 4212847
LogInit: OS: Windows 8.1 (), CPU: Intel(R) Core(TM) i7-4700MQ CPU @ 2.40GHz, GPU: Intel(R) HD Graphics 4600
LogInit: Compiled (64-bit): Aug 21 2018 02:06:06
LogInit: Compiled with Visual C++: 19.13.26129.00
LogInit: Build Configuration: Development
LogInit: Branch Name: ++UE4+Release-4.20
LogInit: Command Line:  
LogInit: Base Directory: D:/Unreal Engine/UE_4.20/Engine/Binaries/Win64/
LogInit: Installed Engine Build: 1
LogDevObjectVersion: Number of dev versions registered: 20
LogDevObjectVersion:   Dev-Blueprints (B0D832E4-1F89-4F0D-ACCF-7EB736FD4AA2): 10
LogDevObjectVersion:   Dev-Build (E1C64328-A22C-4D53-A36C-8E866417BD8C): 0
LogDevObjectVersion:   Dev-Core (375EC13C-06E4-48FB-B500-84F0262A717E): 2
LogDevObjectVersion:   Dev-Editor (E4B068ED-F494-42E9-A231-DA0B2E46BB41): 24
LogDevObjectVersion:   Dev-Framework (CFFC743F-43B0-4480-9391-14DF171D2073): 34
LogDevObjectVersion:   Dev-Mobile (B02B49B5-BB20-44E9-A304-32B752E40360): 2
LogDevObjectVersion:   Dev-Networking (A4E4105C-59A1-49B5-A7C5-40C4547EDFEE): 0
LogDevObjectVersion:   Dev-Online (39C831C9-5AE6-47DC-9A44-9C173E1C8E7C): 0
LogDevObjectVersion:   Dev-Physics (78F01B33-EBEA-4F98-B9B4-84EACCB95AA2): 0
LogDevObjectVersion:   Dev-Platform (6631380F-2D4D-43E0-8009-CF276956A95A): 0
LogDevObjectVersion:   Dev-Rendering (12F88B9F-8875-4AFC-A67C-D90C383ABD29): 26
LogDevObjectVersion:   Dev-Sequencer (7B5AE74C-D270-4C10-A958-57980B212A5A): 9
LogDevObjectVersion:   Dev-VR (D7296918-1DD6-4BDD-9DE2-64A83CC13884): 2
LogDevObjectVersion:   Dev-LoadTimes (C2A15278-BFE7-4AFE-6C17-90FF531DF755): 1
LogDevObjectVersion:   Private-Geometry (6EACA3D4-40EC-4CC1-B786-8BED09428FC5): 3
LogDevObjectVersion:   Dev-AnimPhys (29E575DD-E0A3-4627-9D10-D276232CDCEA): 17
LogDevObjectVersion:   Dev-ReflectionCapture (6B266CEC-1EC7-4B8F-A30B-E4D90942FC07): 1
LogDevObjectVersion:   Dev-Automation (0DF73D61-A23F-47EA-B727-89E90C41499A): 1
LogDevObjectVersion:   FortniteMain (601D1886-AC64-4F84-AA16-D3DE0DEAC7D6): 12
LogDevObjectVersion:   Dev-Enterprise (9DFFBCD6-494F-0158-E221-12823C92A888): 1
LogStreaming: Display: Took  0.001s to delete old logs.
LogInit: Presizing for max 8388607 objects, including 0 objects not considered by GC, pre-allocating 0 bytes for permanent pool.
LogInit: Object subsystem initialized
[2018.09.16-01.07.09:743][  0]LogInit: Selected Device Profile: [Windows]
[2018.09.16-01.07.09:743][  0]LogInit: Applying CVar settings loaded from the selected device profile: [Windows]
[2018.09.16-01.07.09:757][  0]LogHAL: Display: Platform has ~ 16 GB [17061695488 / 17179869184 / 16], which maps to Larger [LargestMinGB=32, LargerMinGB=12, DefaultMinGB=8, SmallerMinGB=6, SmallestMinGB=0)
[2018.09.16-01.07.09:757][  0]LogInit: Setting Device Profile CVar: [[r.Vulkan.UseRealUBs:1]]
[2018.09.16-01.07.09:757][  0]LogInit: Going up to parent DeviceProfile []
[2018.09.16-01.07.09:758][  0]LogInit: Computer: BECKETT
[2018.09.16-01.07.09:758][  0]LogInit: User: Cari
[2018.09.16-01.07.09:758][  0]LogInit: CPU Page size=4096, Cores=4
[2018.09.16-01.07.09:758][  0]LogInit: High frequency timer resolution =2.338344 MHz
[2018.09.16-01.07.09:758][  0]LogMemory: Memory total: Physical=15.9GB (16GB approx)
[2018.09.16-01.07.09:758][  0]LogMemory: Platform Memory Stats for Windows
[2018.09.16-01.07.09:758][  0]LogMemory: Process Physical Memory: 98.99 MB used, 98.99 MB peak
[2018.09.16-01.07.09:758][  0]LogMemory: Process Virtual Memory: 91.18 MB used, 91.18 MB peak
[2018.09.16-01.07.09:758][  0]LogMemory: Physical Memory: 9632.43 MB used,  6638.87 MB free, 16271.30 MB total
[2018.09.16-01.07.09:758][  0]LogMemory: Virtual Memory: 493.32 MB used,  6638.87 MB free, 134217728.00 MB total
[2018.09.16-01.07.09:784][  0]LogInit: Using OS detected language (en-US).
[2018.09.16-01.07.09:785][  0]LogInit: Using OS detected locale (en-US).
[2018.09.16-01.07.09:785][  0]LogTextLocalizationManager: No specific localization for 'en-US' exists, so the 'en' localization will be used.
[2018.09.16-01.07.10:208][  0]LogStreaming: Display: Took  0.424s to InitEngineTextLocalization.
[2018.09.16-01.07.10:208][  0]LogInit: Setting process to per monitor DPI aware
[2018.09.16-01.07.10:233][  0]LogSlate: New Slate User Created.  User Index 0, Is Virtual User: 0
[2018.09.16-01.07.10:233][  0]LogSlate: Slate User Registered.  User Index 0, Is Virtual User: 0
[2018.09.16-01.07.10:407][  0]LogHMD: Failed to initialize OpenVR with code 110
[2018.09.16-01.07.10:407][  0]LogD3D11RHI: D3D11 adapters:
[2018.09.16-01.07.10:455][  0]LogD3D11RHI:    0. 'Intel(R) HD Graphics 4600' (Feature Level 11_0)
[2018.09.16-01.07.10:455][  0]LogD3D11RHI:       128/0/1792 MB DedicatedVideo/DedicatedSystem/SharedSystem, Outputs:2, VendorId:0x8086
[2018.09.16-01.07.10:487][  0]LogD3D11RHI:    1. 'NVIDIA GeForce GTX 780M' (Feature Level 11_0)
[2018.09.16-01.07.10:487][  0]LogD3D11RHI:       3995/0/8135 MB DedicatedVideo/DedicatedSystem/SharedSystem, Outputs:0, VendorId:0x10de
[2018.09.16-01.07.10:489][  0]LogD3D11RHI:    2. 'Microsoft Basic Render Driver' (Feature Level 11_0)
[2018.09.16-01.07.10:489][  0]LogD3D11RHI:       0/0/256 MB DedicatedVideo/DedicatedSystem/SharedSystem, Outputs:0, VendorId:0x1414
[2018.09.16-01.07.10:489][  0]LogD3D11RHI: Chosen D3D11 Adapter: 1
[2018.09.16-01.07.10:496][  0]LogD3D11RHI: Creating new Direct3DDevice
[2018.09.16-01.07.10:496][  0]LogD3D11RHI:     GPU DeviceId: 0x119f (for the marketing name, search the web for "GPU Device Id")
[2018.09.16-01.07.10:496][  0]LogWindows: EnumDisplayDevices:
[2018.09.16-01.07.10:496][  0]LogWindows:    0. 'Intel(R) HD Graphics 4600' (P:1 D:1)
[2018.09.16-01.07.10:497][  0]LogWindows:    1. 'Intel(R) HD Graphics 4600' (P:0 D:1)
[2018.09.16-01.07.10:497][  0]LogWindows:    2. 'Intel(R) HD Graphics 4600' (P:0 D:0)
[2018.09.16-01.07.10:497][  0]LogWindows:    3. 'NVIDIA GeForce GTX 780M' (P:0 D:0)
[2018.09.16-01.07.10:497][  0]LogWindows:    4. 'NVIDIA GeForce GTX 780M' (P:0 D:0)
[2018.09.16-01.07.10:497][  0]LogWindows:    5. 'NVIDIA GeForce GTX 780M' (P:0 D:0)
[2018.09.16-01.07.10:497][  0]LogWindows:    6. 'NVIDIA GeForce GTX 780M' (P:0 D:0)
[2018.09.16-01.07.10:497][  0]LogWindows: DebugString: PrimaryIsNotTheChoosenAdapter PrimaryIsNotTheChoosenAdapter PrimaryIsNotTheChoosenAdapter FoundDriverCount:4 
[2018.09.16-01.07.10:497][  0]LogD3D11RHI:     Adapter Name: NVIDIA GeForce GTX 780M
[2018.09.16-01.07.10:497][  0]LogD3D11RHI:   Driver Version: 377.19 (internal:21.21.13.7719, unified:377.19)
[2018.09.16-01.07.10:497][  0]LogD3D11RHI:      Driver Date: 3-29-2017
[2018.09.16-01.07.10:497][  0]LogRHI: Texture pool is 2796 MB (70% of 3995 MB)
[2018.09.16-01.07.10:523][  0]LogD3D11RHI: Async texture creation enabled
[2018.09.16-01.07.10:542][  0]LogD3D11RHI: GPU Timing Frequency: 1000.000000 (Debug: 2 2)
[2018.09.16-01.07.10:542][  0]LogShaderCompilers: Guid format shader working directory is -16 characters bigger than the processId version (../../../../../Documents/GitHub/Sands/SourceCode/SandsProject/Intermediate/Shaders/WorkingDirectory/2292/).
[2018.09.16-01.07.10:542][  0]LogShaderCompilers: Cleaned the shader compiler working directory 'C:/Users/Cari/AppData/Local/Temp/UnrealShaderWorkingDir/86E7D92B4A8DC26AE2DE268AAB005440/'.
[2018.09.16-01.07.10:775][  0]LogTemp: Display: Loaded TP AllDesktopTargetPlatform
[2018.09.16-01.07.10:788][  0]LogTemp: Display: Loaded TP MacClientTargetPlatform
[2018.09.16-01.07.10:801][  0]LogTemp: Display: Loaded TP MacNoEditorTargetPlatform
[2018.09.16-01.07.10:814][  0]LogTemp: Display: Loaded TP MacServerTargetPlatform
[2018.09.16-01.07.10:827][  0]LogTemp: Display: Loaded TP MacTargetPlatform
[2018.09.16-01.07.10:840][  0]LogTemp: Display: Loaded TP WindowsClientTargetPlatform
[2018.09.16-01.07.10:853][  0]LogTemp: Display: Loaded TP WindowsNoEditorTargetPlatform
[2018.09.16-01.07.10:866][  0]LogTemp: Display: Loaded TP WindowsServerTargetPlatform
[2018.09.16-01.07.10:872][  0]LogTemp: Display: Loaded TP WindowsTargetPlatform
[2018.09.16-01.07.10:953][  0]LogTemp: Display: Loaded TP AndroidTargetPlatform
[2018.09.16-01.07.10:953][  0]LogTemp: Display: Loaded TP AndroidTargetPlatform
[2018.09.16-01.07.10:953][  0]LogTemp: Display: Loaded TP AndroidTargetPlatform
[2018.09.16-01.07.10:953][  0]LogTemp: Display: Loaded TP AndroidTargetPlatform
[2018.09.16-01.07.10:953][  0]LogTemp: Display: Loaded TP AndroidTargetPlatform
[2018.09.16-01.07.10:953][  0]LogTemp: Display: Loaded TP AndroidTargetPlatform
[2018.09.16-01.07.10:953][  0]LogTemp: Display: Loaded TP AndroidTargetPlatform
[2018.09.16-01.07.10:953][  0]LogTemp: Display: Loaded TP AndroidTargetPlatform
[2018.09.16-01.07.10:953][  0]LogTemp: Display: Loaded TP AndroidTargetPlatform
[2018.09.16-01.07.10:953][  0]LogTemp: Display: Loaded TP AndroidTargetPlatform
[2018.09.16-01.07.10:953][  0]LogTemp: Display: Loaded TP AndroidTargetPlatform
[2018.09.16-01.07.10:953][  0]LogTemp: Display: Loaded TP AndroidTargetPlatform
[2018.09.16-01.07.10:953][  0]LogTemp: Display: Loaded TP AndroidTargetPlatform
[2018.09.16-01.07.10:953][  0]LogTemp: Display: Loaded TP AndroidTargetPlatform
[2018.09.16-01.07.10:953][  0]LogTemp: Display: Loaded TP AndroidTargetPlatform
[2018.09.16-01.07.10:953][  0]LogTemp: Display: Loaded TP AndroidTargetPlatform
[2018.09.16-01.07.10:953][  0]LogTemp: Display: Loaded TP AndroidTargetPlatform
[2018.09.16-01.07.10:953][  0]LogTemp: Display: Loaded TP AndroidTargetPlatform
[2018.09.16-01.07.10:954][  0]LogTemp: Display: Loaded TP HTML5TargetPlatform
[2018.09.16-01.07.11:014][  0]LogTemp: Display: Loaded TP IOSTargetPlatform
[2018.09.16-01.07.11:014][  0]LogTemp: Display: Loaded TP IOSTargetPlatform
[2018.09.16-01.07.11:038][  0]LogTemp: Display: Loaded TP TVOSTargetPlatform
[2018.09.16-01.07.11:038][  0]LogTemp: Display: Loaded TP TVOSTargetPlatform
[2018.09.16-01.07.11:051][  0]LogTemp: Display: Loaded TP LinuxClientTargetPlatform
[2018.09.16-01.07.11:064][  0]LogTemp: Display: Loaded TP LinuxNoEditorTargetPlatform
[2018.09.16-01.07.11:076][  0]LogTemp: Display: Loaded TP LinuxServerTargetPlatform
[2018.09.16-01.07.11:090][  0]LogTemp: Display: Loaded TP LinuxTargetPlatform
[2018.09.16-01.07.11:099][  0]LogTemp: Display: Loaded TP LuminTargetPlatform
[2018.09.16-01.07.11:099][  0]LogTargetPlatformManager: Display: Building Assets For Windows
[2018.09.16-01.07.11:139][  0]LogXGEController: Cleaning working directory: C:/Users/Cari/AppData/Local/Temp/UnrealXGEWorkingDir/
[2018.09.16-01.07.11:139][  0]LogXGEController: Cannot use XGE Controller as Incredibuild is not installed on this machine.
[2018.09.16-01.07.11:139][  0]LogShaderCompilers: Cannot use XGE Shader Compiler as Incredibuild is not installed on this machine.
[2018.09.16-01.07.11:139][  0]LogShaderCompilers: Display: Using Local Shader Compiler.
[2018.09.16-01.07.11:907][  0]LogDerivedDataCache: Display: Max Cache Size: 512 MB
[2018.09.16-01.07.11:994][  0]LogDerivedDataCache: Loaded boot cache 0.09s 71MB C:/Users/Cari/AppData/Local/UnrealEngine/4.20/DerivedDataCache/Boot.ddc.
[2018.09.16-01.07.11:995][  0]LogDerivedDataCache: Display: Loaded Boot cache: C:/Users/Cari/AppData/Local/UnrealEngine/4.20/DerivedDataCache/Boot.ddc
[2018.09.16-01.07.11:995][  0]LogDerivedDataCache: FDerivedDataBackendGraph:  Pak pak cache file ../../../../../Documents/GitHub/Sands/SourceCode/SandsProject/DerivedDataCache/DDC.ddp not found, will not use a pak cache.
[2018.09.16-01.07.11:995][  0]LogDerivedDataCache: Unable to find inner node Pak for hierarchical cache Hierarchy.
[2018.09.16-01.07.11:995][  0]LogDerivedDataCache: FDerivedDataBackendGraph:  CompressedPak pak cache file ../../../../../Documents/GitHub/Sands/SourceCode/SandsProject/DerivedDataCache/Compressed.ddp not found, will not use a pak cache.
[2018.09.16-01.07.11:995][  0]LogDerivedDataCache: Unable to find inner node CompressedPak for hierarchical cache Hierarchy.
[2018.09.16-01.07.12:013][  0]LogDerivedDataCache: Display: Pak cache opened for reading ../../../Engine/DerivedDataCache/Compressed.ddp.
[2018.09.16-01.07.12:025][  0]LogDerivedDataCache: Using Local data cache path C:/Users/Cari/AppData/Local/UnrealEngine/Common/DerivedDataCache: Writable
[2018.09.16-01.07.12:025][  0]LogDerivedDataCache: Shared data cache path not found in *engine.ini, will not use an Shared cache.
[2018.09.16-01.07.12:025][  0]LogDerivedDataCache: Unable to find inner node Shared for hierarchical cache Hierarchy.
[2018.09.16-01.07.12:050][  0]LogMaterial: Verifying Global Shaders for PCD3D_SM5
[2018.09.16-01.07.12:051][  0]LogSlate: Using FreeType 2.6.0
[2018.09.16-01.07.12:052][  0]LogSlate: SlateFontServices - WITH_FREETYPE: 1, WITH_HARFBUZZ: 1
[2018.09.16-01.07.12:129][  0]LogAssetRegistry: FAssetRegistry took 0.0261 seconds to start up
[2018.09.16-01.07.12:494][  0]LogInit: Selected Device Profile: [Windows]
[2018.09.16-01.07.12:629][  0]LogSimplygon: Simplygon DLL not present - disabling.
[2018.09.16-01.07.12:631][  0]LogMeshReduction: Using SimplygonSwarm for distributed automatic mesh merging
[2018.09.16-01.07.12:631][  0]LogMeshReduction: Using ProxyLODMeshReduction for automatic mesh merging
[2018.09.16-01.07.12:631][  0]LogMeshReduction: Using QuadricMeshReduction for automatic static mesh reduction
[2018.09.16-01.07.12:631][  0]LogMeshReduction: No automatic skeletal mesh reduction module available
[2018.09.16-01.07.12:652][  0]LogNetVersion: SandsProject 1.0.0, NetCL: 4212847, EngineNetVer: 5, GameNetVer: 0 (Checksum: 3328798503)
[2018.09.16-01.07.13:188][  0]LogPackageLocalizationCache: Processed 11 localized package path(s) for 2 prioritized culture(s) in 0.113513 seconds
[2018.09.16-01.07.13:196][  0]LogUObjectArray: 38425 objects as part of root set at end of initial load.
[2018.09.16-01.07.13:196][  0]LogUObjectAllocator: 6690872 out of 0 bytes used by permanent object pool.
[2018.09.16-01.07.13:196][  0]LogUObjectArray: CloseDisregardForGC: 0/0 objects in disregard for GC pool
[2018.09.16-01.07.14:042][  0]LogTcpMessaging: Initializing TcpMessaging bridge
[2018.09.16-01.07.14:056][  0]LogUdpMessaging: Initializing bridge on interface 0.0.0.0:0 to multicast group 230.0.0.1:6666.
[2018.09.16-01.07.14:192][  0]SourceControl: Source control is disabled
[2018.09.16-01.07.14:193][  0]SourceControl: Source control is disabled
[2018.09.16-01.07.14:193][  0]SourceControl: Source control is disabled
[2018.09.16-01.07.14:194][  0]SourceControl: Source control is disabled
[2018.09.16-01.07.14:345][  0]LogAndroidPermission: UAndroidPermissionCallbackProxy::GetInstance
[2018.09.16-01.07.14:376][  0]LogOcInput: OculusInput pre-init called
[2018.09.16-01.07.14:434][  0]LogEngine: Initializing Engine...
[2018.09.16-01.07.14:435][  0]LogHMD: Failed to initialize OpenVR with code 110
[2018.09.16-01.07.14:436][  0]LogStats: UGameplayTagsManager::ConstructGameplayTagTree: ImportINI prefixes -  0.000 s
[2018.09.16-01.07.14:436][  0]LogStats: UGameplayTagsManager::ConstructGameplayTagTree: Construct from data asset -  0.000 s
[2018.09.16-01.07.14:436][  0]LogStats: UGameplayTagsManager::ConstructGameplayTagTree: ImportINI -  0.000 s
[2018.09.16-01.07.14:436][  0]LogStats: UGameplayTagsManager::ConstructGameplayTagTree: GameplayTagTreeChangedEvent.Broadcast -  0.000 s
[2018.09.16-01.07.14:669][  0]LogInit: Initializing FReadOnlyCVARCache
[2018.09.16-01.07.14:678][  0]LogAIModule: Creating AISystem for world Untitled
[2018.09.16-01.07.14:698][  0]LogInit: XAudio2 using 'Speakers (Realtek High Definition Audio)' : 2 channels at 48 kHz using 32 bits per sample (channel mask 0x3)
[2018.09.16-01.07.14:708][  0]LogInit: FAudioDevice initialized.
[2018.09.16-01.07.14:708][  0]LogNetVersion: Set ProjectVersion to 1.0.0.0. Version Checksum will be recalculated on next use.
[2018.09.16-01.07.14:787][  0]LogDerivedDataCache: Saved boot cache 0.08s 71MB C:/Users/Cari/AppData/Local/UnrealEngine/4.20/DerivedDataCache/Boot.ddc.
[2018.09.16-01.07.14:790][  0]LogInit: Texture streaming: Enabled
[2018.09.16-01.07.14:801][  0]LogEngineSessionManager: EngineSessionManager initialized
[2018.09.16-01.07.14:809][  0]LogInit: Transaction tracking system initialized
[2018.09.16-01.07.14:822][  0]BlueprintLog: New page: Editor Load
[2018.09.16-01.07.14:872][  0]LocalizationService: Localization service is disabled
[2018.09.16-01.07.15:108][  0]LogCook: Display: Max memory allowance for cook 16384mb min free memory 0mb
[2018.09.16-01.07.15:108][  0]LogCook: Display: Mobile HDR setting 1
[2018.09.16-01.07.15:108][  0]LogGameplayTags: Display: UGameplayTagsManager::DoneAddingNativeTags. DelegateIsBound: 0
[2018.09.16-01.07.15:108][  0]LogStats: UGameplayTagsManager::ConstructGameplayTagTree: ImportINI prefixes -  0.000 s
[2018.09.16-01.07.15:108][  0]LogStats: UGameplayTagsManager::ConstructGameplayTagTree: Construct from data asset -  0.000 s
[2018.09.16-01.07.15:108][  0]LogStats: UGameplayTagsManager::ConstructGameplayTagTree: ImportINI -  0.000 s
[2018.09.16-01.07.15:108][  0]LogStats: UGameplayTagsManager::ConstructGameplayTagTree: GameplayTagTreeChangedEvent.Broadcast -  0.000 s
[2018.09.16-01.07.15:201][  0]LogFileCache: Scanning file cache for directory 'D:/Documents/GitHub/Sands/SourceCode/SandsProject/Content/' took 0.01s
[2018.09.16-01.07.15:201][  0]SourceControl: Source control is disabled
[2018.09.16-01.07.15:201][  0]Cmd: MAP LOAD FILE="../../../../../Documents/GitHub/Sands/SourceCode/SandsProject/Content/ThirdPersonBP/Maps/ThirdPersonExampleMap.umap" TEMPLATE=0 SHOWPROGRESS=1 FEATURELEVEL=3
[2018.09.16-01.07.15:202][  0]LightingResults: New page: Lighting Build
[2018.09.16-01.07.15:203][  0]MapCheck: New page: Map Check
[2018.09.16-01.07.15:203][  0]LightingResults: New page: Lighting Build
[2018.09.16-01.07.15:745][  0]LogAIModule: Creating AISystem for world ThirdPersonExampleMap
[2018.09.16-01.07.15:757][  0]LogEditorServer: Finished looking for orphan Actors (0.000 secs)
[2018.09.16-01.07.15:784][  0]Cmd: MAP CHECKDEP NOCLEARLOG
[2018.09.16-01.07.15:829][  0]MapCheck: Map check complete: 0 Error(s), 0 Warning(s), took 45.643ms to complete.
[2018.09.16-01.07.15:829][  0]LogFileHelpers: Loading map 'ThirdPersonExampleMap' took 0.629
[2018.09.16-01.07.15:924][  0]LogSlate: Updating window title bar state: overlay mode, drag disabled, window buttons hidden, title bar hidden
[2018.09.16-01.07.15:933][  0]LogSlate: Updating window title bar state: overlay mode, drag disabled, window buttons hidden, title bar hidden
[2018.09.16-01.07.15:941][  0]LogSlate: Updating window title bar state: overlay mode, drag disabled, window buttons hidden, title bar hidden
[2018.09.16-01.07.15:949][  0]LogSlate: Updating window title bar state: overlay mode, drag disabled, window buttons hidden, title bar hidden
[2018.09.16-01.07.15:953][  0]LogCollectionManager: Loaded 0 collections in 0.000748 seconds
[2018.09.16-01.07.15:995][  0]LogFileCache: Scanning file cache for directory 'D:/Documents/GitHub/Sands/SourceCode/SandsProject/Saved/Collections/' took 0.01s
[2018.09.16-01.07.15:995][  0]LogFileCache: Scanning file cache for directory 'D:/Documents/GitHub/Sands/SourceCode/SandsProject/Content/Developers/Cari/Collections/' took 0.01s
[2018.09.16-01.07.15:995][  0]LogFileCache: Scanning file cache for directory 'D:/Documents/GitHub/Sands/SourceCode/SandsProject/Content/Collections/' took 0.01s
[2018.09.16-01.07.15:995][  0]LogCollectionManager: Rebuilt the GUID cache for 0 collections in 0.000000 seconds
[2018.09.16-01.07.16:006][  0]LogContentBrowser: Native class hierarchy populated in 0.0104 seconds. Added 2572 classes and 603 folders.
[2018.09.16-01.07.16:010][  0]LogContentBrowser: Native class hierarchy updated for 'WidgetCarousel' in 0.0003 seconds. Added 0 classes and 0 folders.
[2018.09.16-01.07.16:044][  0]LogContentBrowser: Native class hierarchy updated for 'AddContentDialog' in 0.0003 seconds. Added 0 classes and 0 folders.
[2018.09.16-01.07.16:048][  0]LogContentBrowser: Native class hierarchy updated for 'SceneOutliner' in 0.0005 seconds. Added 1 classes and 2 folders.
[2018.09.16-01.07.16:064][  0]LogSlate: Took 0.000266 seconds to synchronously load lazily loaded font '../../../Engine/Content/Slate/Fonts/Roboto-Regular.ttf' (155K)
[2018.09.16-01.07.16:069][  0]LogSlate: Took 0.000324 seconds to synchronously load lazily loaded font '../../../Engine/Content/Slate/Fonts/Roboto-Bold.ttf' (160K)
[2018.09.16-01.07.16:077][  0]LogSlate: Took 0.000237 seconds to synchronously load lazily loaded font '../../../Engine/Content/Editor/Slate/Fonts/FontAwesome.ttf' (139K)
[2018.09.16-01.07.16:169][  0]LogRenderer: Reallocating scene render targets to support 1208x576 Format 10 NumSamples 1 (Frame:1).
[2018.09.16-01.07.16:436][  0]LogContentBrowser: Native class hierarchy updated for 'HierarchicalLODOutliner' in 0.0004 seconds. Added 0 classes and 0 folders.
[2018.09.16-01.07.16:437][  0]LogLoad: (Engine Initialization) Total time: 8.04 seconds
[2018.09.16-01.07.16:437][  0]LogLoad: (Engine Initialization) Total Blueprint compile time: 0.00 seconds
[2018.09.16-01.07.16:476][  0]LogContentStreaming: Texture pool size now 1000 MB
[2018.09.16-01.07.16:505][  0]LogSlate: Took 0.000179 seconds to synchronously load lazily loaded font '../../../Engine/Content/Slate/Fonts/Roboto-Light.ttf' (167K)
[2018.09.16-01.07.16:520][  1]LogAssetRegistry: Asset discovery search completed in 4.4133 seconds
[2018.09.16-01.07.16:522][  1]LogCollectionManager: Rebuilt the object cache for 0 collections in 0.000000 seconds (found 0 objects)
[2018.09.16-01.07.16:522][  1]LogCollectionManager: Fixed up redirectors for 0 collections in 0.000041 seconds (updated 0 objects)
[2018.09.16-01.07.24:164][448]LogSlate: FSceneViewport::OnFocusLost() reason 0
[2018.09.16-01.07.24:303][456]LogSlate: Took 0.000165 seconds to synchronously load lazily loaded font '../../../Engine/Content/Slate/Fonts/Roboto-Light.ttf' (167K)
[2018.09.16-01.07.24:381][456]LogAIModule: Creating AISystem for world MainMenuLevel
[2018.09.16-01.07.24:384][456]LogAssetEditorManager: Opening Asset editor for World /Game/ThirdPersonBP/Maps/MainMenuLevel.MainMenuLevel
[2018.09.16-01.07.24:410][456]Cmd: MAP LOAD FILE="../../../../../Documents/GitHub/Sands/SourceCode/SandsProject/Content/ThirdPersonBP/Maps/MainMenuLevel.umap" TEMPLATE=0 SHOWPROGRESS=1 FEATURELEVEL=3
[2018.09.16-01.07.24:410][456]LightingResults: New page: Lighting Build
[2018.09.16-01.07.24:410][456]LoadErrors: New page: Loading map: MainMenuLevel.umap
[2018.09.16-01.07.24:411][456]MapCheck: New page: Map Check
[2018.09.16-01.07.24:411][456]LightingResults: New page: Lighting Build
[2018.09.16-01.07.24:433][456]LogEditorServer: Finished looking for orphan Actors (0.000 secs)
[2018.09.16-01.07.24:491][456]Cmd: MAP CHECKDEP NOCLEARLOG
[2018.09.16-01.07.24:538][456]MapCheck: Map check complete: 0 Error(s), 0 Warning(s), took 46.701ms to complete.
[2018.09.16-01.07.24:538][456]LogFileHelpers: Loading map 'MainMenuLevel' took 0.129
[2018.09.16-01.07.25:672][522]LogTemp: Repeating last play command: Selected Viewport
[2018.09.16-01.07.25:692][522]LogBlueprintUserMessages: Early PlayInEditor Detection: Level '/Game/ThirdPersonBP/Maps/MainMenuLevel.MainMenuLevel:PersistentLevel' has LevelScriptBlueprint '/Game/ThirdPersonBP/Maps/MainMenuLevel.MainMenuLevel:PersistentLevel.MainMenuLevel' with GeneratedClass '/Game/ThirdPersonBP/Maps/MainMenuLevel.MainMenuLevel_C' with ClassGeneratedBy '/Game/ThirdPersonBP/Maps/MainMenuLevel.MainMenuLevel:PersistentLevel.MainMenuLevel'
[2018.09.16-01.07.25:693][522]LogPlayLevel: PlayLevel: No blueprints needed recompiling
[2018.09.16-01.07.25:705][522]PIE: New page: PIE session: MainMenuLevel (Sep 15, 2018, 3:07:25 PM)
[2018.09.16-01.07.25:705][522]LogPlayLevel: Creating play world package: /Game/ThirdPersonBP/Maps/UEDPIE_0_MainMenuLevel
[2018.09.16-01.07.25:706][522]LogPlayLevel: PIE: StaticDuplicateObject took: (0.001096s)
[2018.09.16-01.07.25:707][522]LogAIModule: Creating AISystem for world MainMenuLevel
[2018.09.16-01.07.25:707][522]LogPlayLevel: PIE: World Init took: (0.000665s)
[2018.09.16-01.07.25:707][522]LogPlayLevel: PIE: Created PIE world by copying editor world from /Game/ThirdPersonBP/Maps/MainMenuLevel.MainMenuLevel to /Game/ThirdPersonBP/Maps/UEDPIE_0_MainMenuLevel.MainMenuLevel (0.001877s)
[2018.09.16-01.07.25:731][522]LogInit: XAudio2 using 'Speakers (Realtek High Definition Audio)' : 2 channels at 48 kHz using 32 bits per sample (channel mask 0x3)
[2018.09.16-01.07.25:740][522]LogInit: FAudioDevice initialized.
[2018.09.16-01.07.25:785][522]LogLoad: Game class is 'ThirdPersonGameMode_C'
[2018.09.16-01.07.25:787][522]LogWorld: Bringing World /Game/ThirdPersonBP/Maps/UEDPIE_0_MainMenuLevel.MainMenuLevel up for play (max tick rate 60) at 2018.09.15-20.07.25
[2018.09.16-01.07.25:787][522]LogWorld: Bringing up level for play took: 0.000351
[2018.09.16-01.07.25:802][522]LogContentBrowser: Native class hierarchy updated for 'MovieSceneCapture' in 0.0003 seconds. Added 10 classes and 0 folders.
[2018.09.16-01.07.25:804][522]PIE: Play in editor start time for /Game/ThirdPersonBP/Maps/UEDPIE_0_MainMenuLevel -0.328
[2018.09.16-01.07.25:804][522]LogBlueprintUserMessages: Late PlayInEditor Detection: Level '/Game/ThirdPersonBP/Maps/MainMenuLevel.MainMenuLevel:PersistentLevel' has LevelScriptBlueprint '/Game/ThirdPersonBP/Maps/MainMenuLevel.MainMenuLevel:PersistentLevel.MainMenuLevel' with GeneratedClass '/Game/ThirdPersonBP/Maps/MainMenuLevel.MainMenuLevel_C' with ClassGeneratedBy '/Game/ThirdPersonBP/Maps/MainMenuLevel.MainMenuLevel:PersistentLevel.MainMenuLevel'
[2018.09.16-01.07.26:564][567]LogNet: Browse: /Game/ThirdPersonBP/Maps/LevelOneCutscenesAndMain
[2018.09.16-01.07.26:564][567]LogLoad: LoadMap: /Game/ThirdPersonBP/Maps/LevelOneCutscenesAndMain
[2018.09.16-01.07.27:323][567]LogAIModule: Creating AISystem for world LevelOneCutscenesAndMain
[2018.09.16-01.07.27:323][567]LogLoad: Game class is 'ThirdPersonGameMode_C'
[2018.09.16-01.07.27:324][567]LogWorld: Bringing World /Game/ThirdPersonBP/Maps/UEDPIE_0_LevelOneCutscenesAndMain.LevelOneCutscenesAndMain up for play (max tick rate 60) at 2018.09.15-20.07.27
[2018.09.16-01.07.27:324][567]LogWorld: Bringing up level for play took: 0.000466
[2018.09.16-01.07.27:324][567]LogGameMode: FindPlayerStart: PATHS NOT DEFINED or NO PLAYERSTART with positive rating
[2018.09.16-01.07.27:328][567]LogLoad: Took 0.764228 seconds to LoadMap(/Game/ThirdPersonBP/Maps/LevelOneCutscenesAndMain)
[2018.09.16-01.07.43:489][435]LogBlueprintUserMessages: [LevelOneCutscenesAndMain_C_20] Key Held
[2018.09.16-01.07.49:073][770]LogBlueprintUserMessages: Early EndPlayMap Detection: Level '/Game/ThirdPersonBP/Maps/MainMenuLevel.MainMenuLevel:PersistentLevel' has LevelScriptBlueprint '/Game/ThirdPersonBP/Maps/MainMenuLevel.MainMenuLevel:PersistentLevel.MainMenuLevel' with GeneratedClass '/Game/ThirdPersonBP/Maps/MainMenuLevel.MainMenuLevel_C' with ClassGeneratedBy '/Game/ThirdPersonBP/Maps/MainMenuLevel.MainMenuLevel:PersistentLevel.MainMenuLevel'
[2018.09.16-01.07.49:077][770]LogSlate: Updating window title bar state: overlay mode, drag disabled, window buttons hidden, title bar hidden
[2018.09.16-01.07.49:107][770]LogPlayLevel: Display: Shutting down PIE online subsystems
[2018.09.16-01.07.49:108][770]LogBlueprintUserMessages: Late EndPlayMap Detection: Level '/Game/ThirdPersonBP/Maps/MainMenuLevel.MainMenuLevel:PersistentLevel' has LevelScriptBlueprint '/Game/ThirdPersonBP/Maps/MainMenuLevel.MainMenuLevel:PersistentLevel.MainMenuLevel' with GeneratedClass '/Game/ThirdPersonBP/Maps/MainMenuLevel.MainMenuLevel_C' with ClassGeneratedBy '/Game/ThirdPersonBP/Maps/MainMenuLevel.MainMenuLevel:PersistentLevel.MainMenuLevel'
[2018.09.16-01.07.49:130][770]LogSlate: Updating window title bar state: overlay mode, drag disabled, window buttons hidden, title bar hidden
[2018.09.16-01.07.49:178][773]LogPlayLevel: Display: Destroying online subsystem :Context_1
[2018.09.16-01.07.57:629][848]LogSlate: FSceneViewport::OnFocusLost() reason 0
[2018.09.16-01.08.01:674][ 77]LogAssetEditorManager: Opening Asset editor for MediaPlaylist /Game/Movies/InitialCutscenePlaylist.InitialCutscenePlaylist
[2018.09.16-01.08.01:785][ 77]LogContentBrowser: Verbose: The majority of assets in the view are of type: FileMediaSource
[2018.09.16-01.09.11:995][760]LogSlate: Window 'InitialCutscenePlaylist' being destroyed
[2018.09.16-01.09.11:999][760]LogSlate: Window 'InitialCutscenePlaylist' being destroyed
[2018.09.16-01.09.12:741][804]LogTemp: Repeating last play command: Selected Viewport
[2018.09.16-01.09.12:761][804]LogBlueprintUserMessages: Early PlayInEditor Detection: Level '/Game/ThirdPersonBP/Maps/MainMenuLevel.MainMenuLevel:PersistentLevel' has LevelScriptBlueprint '/Game/ThirdPersonBP/Maps/MainMenuLevel.MainMenuLevel:PersistentLevel.MainMenuLevel' with GeneratedClass '/Game/ThirdPersonBP/Maps/MainMenuLevel.MainMenuLevel_C' with ClassGeneratedBy '/Game/ThirdPersonBP/Maps/MainMenuLevel.MainMenuLevel:PersistentLevel.MainMenuLevel'
[2018.09.16-01.09.12:761][804]LogPlayLevel: PlayLevel: No blueprints needed recompiling
[2018.09.16-01.09.12:761][804]PIE: New page: PIE session: MainMenuLevel (Sep 15, 2018, 3:09:12 PM)
[2018.09.16-01.09.12:761][804]LogPlayLevel: Creating play world package: /Game/ThirdPersonBP/Maps/UEDPIE_0_MainMenuLevel
[2018.09.16-01.09.12:762][804]LogPlayLevel: PIE: StaticDuplicateObject took: (0.001236s)
[2018.09.16-01.09.12:763][804]LogAIModule: Creating AISystem for world MainMenuLevel
[2018.09.16-01.09.12:763][804]LogPlayLevel: PIE: World Init took: (0.000782s)
[2018.09.16-01.09.12:763][804]LogPlayLevel: PIE: Created PIE world by copying editor world from /Game/ThirdPersonBP/Maps/MainMenuLevel.MainMenuLevel to /Game/ThirdPersonBP/Maps/UEDPIE_0_MainMenuLevel.MainMenuLevel (0.002126s)
[2018.09.16-01.09.12:787][804]LogInit: XAudio2 using 'Speakers (Realtek High Definition Audio)' : 2 channels at 48 kHz using 32 bits per sample (channel mask 0x3)
[2018.09.16-01.09.12:795][804]LogInit: FAudioDevice initialized.
[2018.09.16-01.09.12:827][804]LogLoad: Game class is 'ThirdPersonGameMode_C'
[2018.09.16-01.09.12:828][804]LogWorld: Bringing World /Game/ThirdPersonBP/Maps/UEDPIE_0_MainMenuLevel.MainMenuLevel up for play (max tick rate 60) at 2018.09.15-20.09.12
[2018.09.16-01.09.12:828][804]LogWorld: Bringing up level for play took: 0.000343
[2018.09.16-01.09.12:842][804]PIE: Play in editor start time for /Game/ThirdPersonBP/Maps/UEDPIE_0_MainMenuLevel 0.711
[2018.09.16-01.09.12:842][804]LogBlueprintUserMessages: Late PlayInEditor Detection: Level '/Game/ThirdPersonBP/Maps/MainMenuLevel.MainMenuLevel:PersistentLevel' has LevelScriptBlueprint '/Game/ThirdPersonBP/Maps/MainMenuLevel.MainMenuLevel:PersistentLevel.MainMenuLevel' with GeneratedClass '/Game/ThirdPersonBP/Maps/MainMenuLevel.MainMenuLevel_C' with ClassGeneratedBy '/Game/ThirdPersonBP/Maps/MainMenuLevel.MainMenuLevel:PersistentLevel.MainMenuLevel'
[2018.09.16-01.09.13:808][862]LogNet: Browse: /Game/ThirdPersonBP/Maps/LevelOneCutscenesAndMain
[2018.09.16-01.09.13:808][862]LogLoad: LoadMap: /Game/ThirdPersonBP/Maps/LevelOneCutscenesAndMain
[2018.09.16-01.09.13:853][862]LogAIModule: Creating AISystem for world LevelOneCutscenesAndMain
[2018.09.16-01.09.13:853][862]LogLoad: Game class is 'ThirdPersonGameMode_C'
[2018.09.16-01.09.13:854][862]LogWorld: Bringing World /Game/ThirdPersonBP/Maps/UEDPIE_0_LevelOneCutscenesAndMain.LevelOneCutscenesAndMain up for play (max tick rate 60) at 2018.09.15-20.09.13
[2018.09.16-01.09.13:855][862]LogWorld: Bringing up level for play took: 0.000502
[2018.09.16-01.09.13:855][862]LogGameMode: FindPlayerStart: PATHS NOT DEFINED or NO PLAYERSTART with positive rating
[2018.09.16-01.09.13:857][862]LogLoad: Took 0.049207 seconds to LoadMap(/Game/ThirdPersonBP/Maps/LevelOneCutscenesAndMain)
[2018.09.16-01.09.17:201][ 63]LogBlueprintUserMessages: Early EndPlayMap Detection: Level '/Game/ThirdPersonBP/Maps/MainMenuLevel.MainMenuLevel:PersistentLevel' has LevelScriptBlueprint '/Game/ThirdPersonBP/Maps/MainMenuLevel.MainMenuLevel:PersistentLevel.MainMenuLevel' with GeneratedClass '/Game/ThirdPersonBP/Maps/MainMenuLevel.MainMenuLevel_C' with ClassGeneratedBy '/Game/ThirdPersonBP/Maps/MainMenuLevel.MainMenuLevel:PersistentLevel.MainMenuLevel'
[2018.09.16-01.09.17:207][ 63]LogSlate: Updating window title bar state: overlay mode, drag disabled, window buttons hidden, title bar hidden
[2018.09.16-01.09.17:242][ 63]LogPlayLevel: Display: Shutting down PIE online subsystems
[2018.09.16-01.09.17:243][ 63]LogBlueprintUserMessages: Late EndPlayMap Detection: Level '/Game/ThirdPersonBP/Maps/MainMenuLevel.MainMenuLevel:PersistentLevel' has LevelScriptBlueprint '/Game/ThirdPersonBP/Maps/MainMenuLevel.MainMenuLevel:PersistentLevel.MainMenuLevel' with GeneratedClass '/Game/ThirdPersonBP/Maps/MainMenuLevel.MainMenuLevel_C' with ClassGeneratedBy '/Game/ThirdPersonBP/Maps/MainMenuLevel.MainMenuLevel:PersistentLevel.MainMenuLevel'
[2018.09.16-01.09.17:268][ 63]LogSlate: Updating window title bar state: overlay mode, drag disabled, window buttons hidden, title bar hidden
[2018.09.16-01.09.17:311][ 66]LogPlayLevel: Display: Destroying online subsystem :Context_2
[2018.09.16-01.09.17:545][ 80]Cmd: SELECT NONE
[2018.09.16-01.09.22:874][395]LogAIModule: Creating AISystem for world LevelOneCutscenesAndMain
[2018.09.16-01.09.22:876][395]LogAssetEditorManager: Opening Asset editor for World /Game/ThirdPersonBP/Maps/LevelOneCutscenesAndMain.LevelOneCutscenesAndMain
[2018.09.16-01.09.22:898][395]Cmd: MAP LOAD FILE="../../../../../Documents/GitHub/Sands/SourceCode/SandsProject/Content/ThirdPersonBP/Maps/LevelOneCutscenesAndMain.umap" TEMPLATE=0 SHOWPROGRESS=1 FEATURELEVEL=3
[2018.09.16-01.09.22:898][395]LightingResults: New page: Lighting Build
[2018.09.16-01.09.22:899][395]LoadErrors: New page: Loading map: LevelOneCutscenesAndMain.umap
[2018.09.16-01.09.22:899][395]MapCheck: New page: Map Check
[2018.09.16-01.09.22:899][395]LightingResults: New page: Lighting Build
[2018.09.16-01.09.22:922][395]LogEditorServer: Finished looking for orphan Actors (0.000 secs)
[2018.09.16-01.09.22:972][395]Cmd: MAP CHECKDEP NOCLEARLOG
[2018.09.16-01.09.23:025][395]MapCheck: Map check complete: 0 Error(s), 0 Warning(s), took 53.179ms to complete.
[2018.09.16-01.09.23:025][395]LogFileHelpers: Loading map 'LevelOneCutscenesAndMain' took 0.128
[2018.09.16-01.09.25:716][554]LogTemp: Repeating last play command: Selected Viewport
[2018.09.16-01.09.25:735][554]LogBlueprintUserMessages: Early PlayInEditor Detection: Level '/Game/ThirdPersonBP/Maps/LevelOneCutscenesAndMain.LevelOneCutscenesAndMain:PersistentLevel' has LevelScriptBlueprint '/Game/ThirdPersonBP/Maps/LevelOneCutscenesAndMain.LevelOneCutscenesAndMain:PersistentLevel.LevelOneCutscenesAndMain' with GeneratedClass '/Game/ThirdPersonBP/Maps/LevelOneCutscenesAndMain.LevelOneCutscenesAndMain_C' with ClassGeneratedBy '/Game/ThirdPersonBP/Maps/LevelOneCutscenesAndMain.LevelOneCutscenesAndMain:PersistentLevel.LevelOneCutscenesAndMain'
[2018.09.16-01.09.25:735][554]LogPlayLevel: PlayLevel: No blueprints needed recompiling
[2018.09.16-01.09.25:735][554]PIE: New page: PIE session: LevelOneCutscenesAndMain (Sep 15, 2018, 3:09:25 PM)
[2018.09.16-01.09.25:735][554]LogPlayLevel: Creating play world package: /Game/ThirdPersonBP/Maps/UEDPIE_0_LevelOneCutscenesAndMain
[2018.09.16-01.09.25:737][554]LogPlayLevel: PIE: StaticDuplicateObject took: (0.001528s)
[2018.09.16-01.09.25:737][554]LogAIModule: Creating AISystem for world LevelOneCutscenesAndMain
[2018.09.16-01.09.25:737][554]LogPlayLevel: PIE: World Init took: (0.000625s)
[2018.09.16-01.09.25:737][554]LogPlayLevel: PIE: Created PIE world by copying editor world from /Game/ThirdPersonBP/Maps/LevelOneCutscenesAndMain.LevelOneCutscenesAndMain to /Game/ThirdPersonBP/Maps/UEDPIE_0_LevelOneCutscenesAndMain.LevelOneCutscenesAndMain (0.002256s)
[2018.09.16-01.09.25:759][554]LogInit: XAudio2 using 'Speakers (Realtek High Definition Audio)' : 2 channels at 48 kHz using 32 bits per sample (channel mask 0x3)
[2018.09.16-01.09.25:767][554]LogInit: FAudioDevice initialized.
[2018.09.16-01.09.25:801][554]LogLoad: Game class is 'ThirdPersonGameMode_C'
[2018.09.16-01.09.25:802][554]LogWorld: Bringing World /Game/ThirdPersonBP/Maps/UEDPIE_0_LevelOneCutscenesAndMain.LevelOneCutscenesAndMain up for play (max tick rate 60) at 2018.09.15-20.09.25
[2018.09.16-01.09.25:802][554]LogWorld: Bringing up level for play took: 0.000355
[2018.09.16-01.09.25:816][554]PIE: Play in editor start time for /Game/ThirdPersonBP/Maps/UEDPIE_0_LevelOneCutscenesAndMain -0.316
[2018.09.16-01.09.25:816][554]LogBlueprintUserMessages: Late PlayInEditor Detection: Level '/Game/ThirdPersonBP/Maps/LevelOneCutscenesAndMain.LevelOneCutscenesAndMain:PersistentLevel' has LevelScriptBlueprint '/Game/ThirdPersonBP/Maps/LevelOneCutscenesAndMain.LevelOneCutscenesAndMain:PersistentLevel.LevelOneCutscenesAndMain' with GeneratedClass '/Game/ThirdPersonBP/Maps/LevelOneCutscenesAndMain.LevelOneCutscenesAndMain_C' with ClassGeneratedBy '/Game/ThirdPersonBP/Maps/LevelOneCutscenesAndMain.LevelOneCutscenesAndMain:PersistentLevel.LevelOneCutscenesAndMain'
[2018.09.16-01.09.30:066][694]LogBlueprintUserMessages: Early EndPlayMap Detection: Level '/Game/ThirdPersonBP/Maps/LevelOneCutscenesAndMain.LevelOneCutscenesAndMain:PersistentLevel' has LevelScriptBlueprint '/Game/ThirdPersonBP/Maps/LevelOneCutscenesAndMain.LevelOneCutscenesAndMain:PersistentLevel.LevelOneCutscenesAndMain' with GeneratedClass '/Game/ThirdPersonBP/Maps/LevelOneCutscenesAndMain.LevelOneCutscenesAndMain_C' with ClassGeneratedBy '/Game/ThirdPersonBP/Maps/LevelOneCutscenesAndMain.LevelOneCutscenesAndMain:PersistentLevel.LevelOneCutscenesAndMain'
[2018.09.16-01.09.30:070][694]LogSlate: Updating window title bar state: overlay mode, drag disabled, window buttons hidden, title bar hidden
[2018.09.16-01.09.30:105][694]LogPlayLevel: Display: Shutting down PIE online subsystems
[2018.09.16-01.09.30:105][694]LogBlueprintUserMessages: Late EndPlayMap Detection: Level '/Game/ThirdPersonBP/Maps/LevelOneCutscenesAndMain.LevelOneCutscenesAndMain:PersistentLevel' has LevelScriptBlueprint '/Game/ThirdPersonBP/Maps/LevelOneCutscenesAndMain.LevelOneCutscenesAndMain:PersistentLevel.LevelOneCutscenesAndMain' with GeneratedClass '/Game/ThirdPersonBP/Maps/LevelOneCutscenesAndMain.LevelOneCutscenesAndMain_C' with ClassGeneratedBy '/Game/ThirdPersonBP/Maps/LevelOneCutscenesAndMain.LevelOneCutscenesAndMain:PersistentLevel.LevelOneCutscenesAndMain'
[2018.09.16-01.09.30:129][694]LogSlate: Updating window title bar state: overlay mode, drag disabled, window buttons hidden, title bar hidden
[2018.09.16-01.09.30:173][697]LogPlayLevel: Display: Destroying online subsystem :Context_3
[2018.09.16-01.10.14:910][245]LogAssetEditorManager: Opening Asset editor for FileMediaSource /Game/Movies/Cutscene01.Cutscene01
[2018.09.16-01.10.17:183][373]LogSlate: Window 'Cutscene01 - Generic Asset Editor' being destroyed
[2018.09.16-01.10.17:186][373]LogSlate: Window 'Cutscene01 - Generic Asset Editor' being destroyed
[2018.09.16-01.10.20:249][554]LogAssetEditorManager: Opening Asset editor for MediaPlaylist /Game/Movies/InitialCutscenePlaylist.InitialCutscenePlaylist
[2018.09.16-01.10.20:362][554]LogContentBrowser: Verbose: The majority of assets in the view are of type: FileMediaSource
[2018.09.16-01.12.17:306][237]LogSlate: Window 'InitialCutscenePlaylist' being destroyed
[2018.09.16-01.12.17:308][237]LogSlate: Window 'InitialCutscenePlaylist' being destroyed
[2018.09.16-01.12.18:946][329]LogAssetEditorManager: Opening Asset editor for LevelScriptBlueprint /Game/ThirdPersonBP/Maps/LevelOneCutscenesAndMain.LevelOneCutscenesAndMain:PersistentLevel.LevelOneCutscenesAndMain
[2018.09.16-01.12.19:448][329]LogContentBrowser: Native class hierarchy updated for 'BlueprintGraph' in 0.0007 seconds. Added 116 classes and 0 folders.
[2018.09.16-01.12.20:227][329]LogSlate: Took 0.013475 seconds to synchronously load lazily loaded font '../../../Engine/Content/Slate/Fonts/Roboto-BoldCondensed.ttf' (158K)
[2018.09.16-01.12.20:328][330]LogSlate: Took 0.021171 seconds to synchronously load lazily loaded font '../../../Engine/Content/Slate/Fonts/Roboto-Italic.ttf' (157K)
[2018.09.16-01.12.28:505][792]LogSavePackage: Moving '../../../../../Documents/GitHub/Sands/SourceCode/SandsProject/Saved/LevelOneCutscenesAndMainE8FE26E94093EDE4FCBEE4AF9FEF8355.tmp' to '../../../../../Documents/GitHub/Sands/SourceCode/SandsProject/Content/ThirdPersonBP/Maps/LevelOneCutscenesAndMain.umap'
[2018.09.16-01.12.28:543][792]LogFileHelpers: Saving map 'LevelOneCutscenesAndMain' took 0.296
[2018.09.16-01.12.28:712][799]BlueprintLog: New page: Compile LevelOneCutscenesAndMain
[2018.09.16-01.12.29:604][824]LogSavePackage: Moving '../../../../../Documents/GitHub/Sands/SourceCode/SandsProject/Saved/LevelOneCutscenesAndMain7E0503B0450A27BEBFE7FEA3034A1ADB.tmp' to '../../../../../Documents/GitHub/Sands/SourceCode/SandsProject/Content/ThirdPersonBP/Maps/LevelOneCutscenesAndMain.umap'
[2018.09.16-01.12.29:640][824]LogFileHelpers: Saving map 'LevelOneCutscenesAndMain' took 0.278
[2018.09.16-01.12.31:200][914]LogTemp: Repeating last play command: Selected Viewport
[2018.09.16-01.12.31:220][914]LogBlueprintUserMessages: Early PlayInEditor Detection: Level '/Game/ThirdPersonBP/Maps/LevelOneCutscenesAndMain.LevelOneCutscenesAndMain:PersistentLevel' has LevelScriptBlueprint '/Game/ThirdPersonBP/Maps/LevelOneCutscenesAndMain.LevelOneCutscenesAndMain:PersistentLevel.LevelOneCutscenesAndMain' with GeneratedClass '/Game/ThirdPersonBP/Maps/LevelOneCutscenesAndMain.LevelOneCutscenesAndMain_C' with ClassGeneratedBy '/Game/ThirdPersonBP/Maps/LevelOneCutscenesAndMain.LevelOneCutscenesAndMain:PersistentLevel.LevelOneCutscenesAndMain'
[2018.09.16-01.12.31:220][914]LogPlayLevel: PlayLevel: No blueprints needed recompiling
[2018.09.16-01.12.31:220][914]PIE: New page: PIE session: LevelOneCutscenesAndMain (Sep 15, 2018, 3:12:31 PM)
[2018.09.16-01.12.31:220][914]LogPlayLevel: Creating play world package: /Game/ThirdPersonBP/Maps/UEDPIE_0_LevelOneCutscenesAndMain
[2018.09.16-01.12.31:221][914]LogPlayLevel: PIE: StaticDuplicateObject took: (0.001540s)
[2018.09.16-01.12.31:222][914]LogAIModule: Creating AISystem for world LevelOneCutscenesAndMain
[2018.09.16-01.12.31:222][914]LogPlayLevel: PIE: World Init took: (0.000721s)
[2018.09.16-01.12.31:222][914]LogPlayLevel: PIE: Created PIE world by copying editor world from /Game/ThirdPersonBP/Maps/LevelOneCutscenesAndMain.LevelOneCutscenesAndMain to /Game/ThirdPersonBP/Maps/UEDPIE_0_LevelOneCutscenesAndMain.LevelOneCutscenesAndMain (0.002371s)
[2018.09.16-01.12.31:249][914]LogInit: XAudio2 using 'Speakers (Realtek High Definition Audio)' : 2 channels at 48 kHz using 32 bits per sample (channel mask 0x3)
[2018.09.16-01.12.31:258][914]LogInit: FAudioDevice initialized.
[2018.09.16-01.12.31:288][914]LogLoad: Game class is 'ThirdPersonGameMode_C'
[2018.09.16-01.12.31:289][914]LogWorld: Bringing World /Game/ThirdPersonBP/Maps/UEDPIE_0_LevelOneCutscenesAndMain.LevelOneCutscenesAndMain up for play (max tick rate 60) at 2018.09.15-20.12.31
[2018.09.16-01.12.31:289][914]LogWorld: Bringing up level for play took: 0.000455
[2018.09.16-01.12.31:304][914]PIE: Play in editor start time for /Game/ThirdPersonBP/Maps/UEDPIE_0_LevelOneCutscenesAndMain -0.828
[2018.09.16-01.12.31:304][914]LogBlueprintUserMessages: Late PlayInEditor Detection: Level '/Game/ThirdPersonBP/Maps/LevelOneCutscenesAndMain.LevelOneCutscenesAndMain:PersistentLevel' has LevelScriptBlueprint '/Game/ThirdPersonBP/Maps/LevelOneCutscenesAndMain.LevelOneCutscenesAndMain:PersistentLevel.LevelOneCutscenesAndMain' with GeneratedClass '/Game/ThirdPersonBP/Maps/LevelOneCutscenesAndMain.LevelOneCutscenesAndMain_C' with ClassGeneratedBy '/Game/ThirdPersonBP/Maps/LevelOneCutscenesAndMain.LevelOneCutscenesAndMain:PersistentLevel.LevelOneCutscenesAndMain'
[2018.09.16-01.12.39:916][431]LogBlueprintUserMessages: [LevelOneCutscenesAndMain_C_2] Key Held
[2018.09.16-01.12.48:650][955]LogBlueprintUserMessages: [LevelOneCutscenesAndMain_C_2] Key Held
[2018.09.16-01.12.50:301][ 54]LogBlueprintUserMessages: Early EndPlayMap Detection: Level '/Game/ThirdPersonBP/Maps/LevelOneCutscenesAndMain.LevelOneCutscenesAndMain:PersistentLevel' has LevelScriptBlueprint '/Game/ThirdPersonBP/Maps/LevelOneCutscenesAndMain.LevelOneCutscenesAndMain:PersistentLevel.LevelOneCutscenesAndMain' with GeneratedClass '/Game/ThirdPersonBP/Maps/LevelOneCutscenesAndMain.LevelOneCutscenesAndMain_C' with ClassGeneratedBy '/Game/ThirdPersonBP/Maps/LevelOneCutscenesAndMain.LevelOneCutscenesAndMain:PersistentLevel.LevelOneCutscenesAndMain'
[2018.09.16-01.12.50:307][ 54]LogSlate: Updating window title bar state: overlay mode, drag disabled, window buttons hidden, title bar hidden
[2018.09.16-01.12.50:345][ 54]LogPlayLevel: Display: Shutting down PIE online subsystems
[2018.09.16-01.12.50:346][ 54]LogBlueprintUserMessages: Late EndPlayMap Detection: Level '/Game/ThirdPersonBP/Maps/LevelOneCutscenesAndMain.LevelOneCutscenesAndMain:PersistentLevel' has LevelScriptBlueprint '/Game/ThirdPersonBP/Maps/LevelOneCutscenesAndMain.LevelOneCutscenesAndMain:PersistentLevel.LevelOneCutscenesAndMain' with GeneratedClass '/Game/ThirdPersonBP/Maps/LevelOneCutscenesAndMain.LevelOneCutscenesAndMain_C' with ClassGeneratedBy '/Game/ThirdPersonBP/Maps/LevelOneCutscenesAndMain.LevelOneCutscenesAndMain:PersistentLevel.LevelOneCutscenesAndMain'
[2018.09.16-01.12.50:373][ 54]LogSlate: Updating window title bar state: overlay mode, drag disabled, window buttons hidden, title bar hidden
[2018.09.16-01.12.50:408][ 56]LogPlayLevel: Display: Destroying online subsystem :Context_5
[2018.09.16-01.12.52:257][167]LogSlate: FSceneViewport::OnFocusLost() reason 0
[2018.09.16-01.12.52:583][173]LogSavePackage: Moving '../../../../../Documents/GitHub/Sands/SourceCode/SandsProject/Saved/LevelOneCutscenesAndMain3602CD63459C66E0815458ABC05D480C.tmp' to '../../../../../Documents/GitHub/Sands/SourceCode/SandsProject/Content/ThirdPersonBP/Maps/LevelOneCutscenesAndMain.umap'
[2018.09.16-01.18.07:362][333]LogSlate: Window 'LevelOneCutscenesAndMain - Level Blueprint Editor' being destroyed
[2018.09.16-01.18.07:366][333]LogSlate: Window 'LevelOneCutscenesAndMain - Level Blueprint Editor' being destroyed
[2018.09.16-01.18.13:880][600]LogTemp: Executing iPhonePackager certificates Engine -bundlename com.YourCompany.SandsProject
[2018.09.16-01.18.13:880][600]LogTemp: CWD: D:\Unreal Engine\UE_4.20\Engine\Binaries\DotNET\IOS
[2018.09.16-01.18.13:880][600]LogTemp: Initial Dir: D:\Unreal Engine\UE_4.20
[2018.09.16-01.18.13:880][600]LogTemp: Env CWD: D:\Unreal Engine\UE_4.20\Engine\Binaries\DotNET\IOS
[2018.09.16-01.18.13:881][600]LogTemp: BranchPath = BECKETT/D/Unreal Engine/UE_4.20/Engine/Binaries --- GameBranchPath = BECKETT/D/Unreal Engine/UE_4.20/Engine/Binaries
[2018.09.16-01.18.13:881][600]LogTemp: IPP ERROR: Could not find provision directory 'C:\Users\Cari\AppData\Local/Apple Computer/MobileDevice/Provisioning Profiles/'.
[2018.09.16-01.18.13:881][600]LogSlate: Only BGRA pngs, bmps or icos are supported in by External Image Picker
[2018.09.16-01.18.28:337][444]LogSlate: Window 'Project Settings' being destroyed
[2018.09.16-01.18.28:341][444]LogSlate: Window 'Project Settings' being destroyed
[2018.09.16-01.18.48:369][760]LogSlate: Only BGRA pngs, bmps or icos are supported in by External Image Picker
[2018.09.16-01.18.48:442][761]LogTemp: Executing iPhonePackager certificates Engine -bundlename com.YourCompany.SandsProject
[2018.09.16-01.18.48:442][761]LogTemp: CWD: D:\Unreal Engine\UE_4.20\Engine\Binaries\DotNET\IOS
[2018.09.16-01.18.48:442][761]LogTemp: Initial Dir: D:\Unreal Engine\UE_4.20
[2018.09.16-01.18.48:442][761]LogTemp: Env CWD: D:\Unreal Engine\UE_4.20\Engine\Binaries\DotNET\IOS
[2018.09.16-01.18.48:442][761]LogTemp: BranchPath = BECKETT/D/Unreal Engine/UE_4.20/Engine/Binaries --- GameBranchPath = BECKETT/D/Unreal Engine/UE_4.20/Engine/Binaries
[2018.09.16-01.18.48:442][761]LogTemp: IPP ERROR: Could not find provision directory 'C:\Users\Cari\AppData\Local/Apple Computer/MobileDevice/Provisioning Profiles/'.
[2018.09.16-01.19.22:538][751]LogSavePackage: Moving '../../../../../Documents/GitHub/Sands/SourceCode/SandsProject/Saved/LevelOneCutscenesAndMain819671DB4B89D9F2617708B208F2FB73.tmp' to '../../../../../Documents/GitHub/Sands/SourceCode/SandsProject/Content/ThirdPersonBP/Maps/LevelOneCutscenesAndMain.umap'
[2018.09.16-01.19.37:010][592]LogAIModule: Creating AISystem for world ThirdPersonExampleMap
[2018.09.16-01.19.37:022][592]LogAssetEditorManager: Opening Asset editor for World /Game/ThirdPersonBP/Maps/ThirdPersonExampleMap.ThirdPersonExampleMap
[2018.09.16-01.19.37:047][592]Cmd: MAP LOAD FILE="../../../../../Documents/GitHub/Sands/SourceCode/SandsProject/Content/ThirdPersonBP/Maps/ThirdPersonExampleMap.umap" TEMPLATE=0 SHOWPROGRESS=1 FEATURELEVEL=3
[2018.09.16-01.19.37:047][592]LightingResults: New page: Lighting Build
[2018.09.16-01.19.37:048][592]LoadErrors: New page: Loading map: ThirdPersonExampleMap.umap
[2018.09.16-01.19.37:048][592]MapCheck: New page: Map Check
[2018.09.16-01.19.37:048][592]LightingResults: New page: Lighting Build
[2018.09.16-01.19.37:081][592]LogEditorServer: Finished looking for orphan Actors (0.000 secs)
[2018.09.16-01.19.37:135][592]Cmd: MAP CHECKDEP NOCLEARLOG
[2018.09.16-01.19.37:191][592]MapCheck: Map check complete: 0 Error(s), 0 Warning(s), took 56.21ms to complete.
[2018.09.16-01.19.37:191][592]LogFileHelpers: Loading map 'ThirdPersonExampleMap' took 0.147
[2018.09.16-01.19.38:253][651]LogTemp: Repeating last play command: Selected Viewport
[2018.09.16-01.19.38:275][651]LogBlueprintUserMessages: Early PlayInEditor Detection: Level '/Game/ThirdPersonBP/Maps/ThirdPersonExampleMap.ThirdPersonExampleMap:PersistentLevel' has LevelScriptBlueprint '/Game/ThirdPersonBP/Maps/ThirdPersonExampleMap.ThirdPersonExampleMap:PersistentLevel.ThirdPersonExampleMap' with GeneratedClass '/Game/ThirdPersonBP/Maps/ThirdPersonExampleMap.ThirdPersonExampleMap_C' with ClassGeneratedBy '/Game/ThirdPersonBP/Maps/ThirdPersonExampleMap.ThirdPersonExampleMap:PersistentLevel.ThirdPersonExampleMap'
[2018.09.16-01.19.38:275][651]LogPlayLevel: PlayLevel: No blueprints needed recompiling
[2018.09.16-01.19.38:275][651]PIE: New page: PIE session: ThirdPersonExampleMap (Sep 15, 2018, 3:19:38 PM)
[2018.09.16-01.19.38:275][651]LogPlayLevel: Creating play world package: /Game/ThirdPersonBP/Maps/UEDPIE_0_ThirdPersonExampleMap
[2018.09.16-01.19.38:307][651]LogPlayLevel: PIE: StaticDuplicateObject took: (0.032246s)
[2018.09.16-01.19.38:308][651]LogAIModule: Creating AISystem for world ThirdPersonExampleMap
[2018.09.16-01.19.38:308][651]LogPlayLevel: PIE: World Init took: (0.000805s)
[2018.09.16-01.19.38:308][651]LogPlayLevel: PIE: Created PIE world by copying editor world from /Game/ThirdPersonBP/Maps/ThirdPersonExampleMap.ThirdPersonExampleMap to /Game/ThirdPersonBP/Maps/UEDPIE_0_ThirdPersonExampleMap.ThirdPersonExampleMap (0.033247s)
[2018.09.16-01.19.38:337][651]LogInit: XAudio2 using 'Speakers (Realtek High Definition Audio)' : 2 channels at 48 kHz using 32 bits per sample (channel mask 0x3)
[2018.09.16-01.19.38:345][651]LogInit: FAudioDevice initialized.
[2018.09.16-01.19.38:379][651]LogLoad: Game class is 'ThirdPersonGameMode_C'
[2018.09.16-01.19.38:382][651]LogWorld: Bringing World /Game/ThirdPersonBP/Maps/UEDPIE_0_ThirdPersonExampleMap.ThirdPersonExampleMap up for play (max tick rate 60) at 2018.09.15-20.19.38
[2018.09.16-01.19.38:383][651]LogWorld: Bringing up level for play took: 0.001992
[2018.09.16-01.19.38:397][651]LogBlueprintUserMessages: [pause_widget_C_0] Is Hidden
[2018.09.16-01.19.38:397][651]PIE: Play in editor start time for /Game/ThirdPersonBP/Maps/UEDPIE_0_ThirdPersonExampleMap 0.265
[2018.09.16-01.19.38:397][651]LogBlueprintUserMessages: Late PlayInEditor Detection: Level '/Game/ThirdPersonBP/Maps/ThirdPersonExampleMap.ThirdPersonExampleMap:PersistentLevel' has LevelScriptBlueprint '/Game/ThirdPersonBP/Maps/ThirdPersonExampleMap.ThirdPersonExampleMap:PersistentLevel.ThirdPersonExampleMap' with GeneratedClass '/Game/ThirdPersonBP/Maps/ThirdPersonExampleMap.ThirdPersonExampleMap_C' with ClassGeneratedBy '/Game/ThirdPersonBP/Maps/ThirdPersonExampleMap.ThirdPersonExampleMap:PersistentLevel.ThirdPersonExampleMap'
[2018.09.16-01.19.40:285][763]LogBlueprintUserMessages: Early EndPlayMap Detection: Level '/Game/ThirdPersonBP/Maps/ThirdPersonExampleMap.ThirdPersonExampleMap:PersistentLevel' has LevelScriptBlueprint '/Game/ThirdPersonBP/Maps/ThirdPersonExampleMap.ThirdPersonExampleMap:PersistentLevel.ThirdPersonExampleMap' with GeneratedClass '/Game/ThirdPersonBP/Maps/ThirdPersonExampleMap.ThirdPersonExampleMap_C' with ClassGeneratedBy '/Game/ThirdPersonBP/Maps/ThirdPersonExampleMap.ThirdPersonExampleMap:PersistentLevel.ThirdPersonExampleMap'
[2018.09.16-01.19.40:286][763]LogSlate: Updating window title bar state: overlay mode, drag disabled, window buttons hidden, title bar hidden
[2018.09.16-01.19.40:322][763]LogPlayLevel: Display: Shutting down PIE online subsystems
[2018.09.16-01.19.40:322][763]LogBlueprintUserMessages: Late EndPlayMap Detection: Level '/Game/ThirdPersonBP/Maps/ThirdPersonExampleMap.ThirdPersonExampleMap:PersistentLevel' has LevelScriptBlueprint '/Game/ThirdPersonBP/Maps/ThirdPersonExampleMap.ThirdPersonExampleMap:PersistentLevel.ThirdPersonExampleMap' with GeneratedClass '/Game/ThirdPersonBP/Maps/ThirdPersonExampleMap.ThirdPersonExampleMap_C' with ClassGeneratedBy '/Game/ThirdPersonBP/Maps/ThirdPersonExampleMap.ThirdPersonExampleMap:PersistentLevel.ThirdPersonExampleMap'
[2018.09.16-01.19.40:350][763]LogSlate: Updating window title bar state: overlay mode, drag disabled, window buttons hidden, title bar hidden
[2018.09.16-01.19.40:357][763]LogActorComponent: ReregisterComponent: (/Game/ThirdPersonBP/Maps/ThirdPersonExampleMap.ThirdPersonExampleMap:PersistentLevel.Floor_1.CutsceneSound.AudioComponent_1) Not currently registered. Aborting.
[2018.09.16-01.19.40:398][766]LogPlayLevel: Display: Destroying online subsystem :Context_7
[2018.09.16-01.19.50:190][287]LogSlate: Window 'Project Settings' being destroyed
[2018.09.16-01.19.50:195][287]LogSlate: Window 'Project Settings' being destroyed
[2018.09.16-01.19.51:064][329]LogSlate: Window 'SandsProject - Unreal Editor' being destroyed
[2018.09.16-01.19.51:065][329]LogWindowsTextInputMethodSystem: Display: IME system now deactivated.
[2018.09.16-01.19.51:250][330]Cmd: QUIT_EDITOR
[2018.09.16-01.19.51:462][330]LogExit: Preparing to exit.
[2018.09.16-01.19.52:506][330]LogExit: Editor shut down
[2018.09.16-01.19.52:507][330]LogExit: Transaction tracking system shut down
[2018.09.16-01.19.52:962][330]LogExit: Object subsystem successfully closed.
[2018.09.16-01.19.52:976][330]LogShaderCompilers: Display: Shaders left to compile 0
[2018.09.16-01.19.52:979][330]LogD3D11RHI: Shutdown
[2018.09.16-01.19.52:979][330]LogD3D11RHI: CleanupD3DDevice
[2018.09.16-01.19.52:981][330]LogD3D11RHI: ~FD3D11DynamicRHI
[2018.09.16-01.19.52:989][330]LogModuleManager: Shutting down and abandoning module ExternalImagePicker (618)
[2018.09.16-01.19.52:989][330]LogModuleManager: Shutting down and abandoning module BlueprintGraph (616)
[2018.09.16-01.19.52:989][330]LogModuleManager: Shutting down and abandoning module MovieSceneCapture (614)
[2018.09.16-01.19.52:989][330]LogModuleManager: Shutting down and abandoning module Voice (612)
[2018.09.16-01.19.52:989][330]LogModuleManager: Shutting down and abandoning module HierarchicalLODOutliner (610)
[2018.09.16-01.19.52:989][330]LogModuleManager: Shutting down and abandoning module SceneOutliner (608)
[2018.09.16-01.19.52:989][330]LogModuleManager: Shutting down and abandoning module AddContentDialog (606)
[2018.09.16-01.19.52:997][330]LogModuleManager: Shutting down and abandoning module WidgetCarousel (605)
[2018.09.16-01.19.52:997][330]LogModuleManager: Shutting down and abandoning module EditorWidgets (602)
[2018.09.16-01.19.52:997][330]LogModuleManager: Shutting down and abandoning module CollectionManager (600)
[2018.09.16-01.19.52:997][330]LogModuleManager: Shutting down and abandoning module StatsViewer (598)
[2018.09.16-01.19.52:997][330]LogModuleManager: Shutting down and abandoning module FoliageEdit (596)
[2018.09.16-01.19.52:997][330]LogModuleManager: Shutting down and abandoning module LandscapeEditor (594)
[2018.09.16-01.19.52:997][330]LogModuleManager: Shutting down and abandoning module MeshPaintMode (592)
[2018.09.16-01.19.52:997][330]LogModuleManager: Shutting down and abandoning module SceneDepthPickerMode (590)
[2018.09.16-01.19.52:997][330]LogModuleManager: Shutting down and abandoning module ActorPickerMode (588)
[2018.09.16-01.19.52:997][330]LogModuleManager: Shutting down and abandoning module GeometryMode (586)
[2018.09.16-01.19.52:997][330]LogModuleManager: Shutting down and abandoning module TextureAlignMode (584)
[2018.09.16-01.19.52:997][330]LogModuleManager: Shutting down and abandoning module BspMode (582)
[2018.09.16-01.19.52:997][330]LogModuleManager: Shutting down and abandoning module PIEPreviewDeviceProfileSelector (580)
[2018.09.16-01.19.52:997][330]LogModuleManager: Shutting down and abandoning module SequenceRecorderSections (578)
[2018.09.16-01.19.52:997][330]LogModuleManager: Shutting down and abandoning module AutomationWorker (576)
[2018.09.16-01.19.52:997][330]LogModuleManager: Shutting down and abandoning module AudioCaptureEditor (574)
[2018.09.16-01.19.52:997][330]LogModuleManager: Shutting down and abandoning module SequenceRecorder (573)
[2018.09.16-01.19.52:997][330]LogModuleManager: Shutting down and abandoning module MatineeToLevelSequence (570)
[2018.09.16-01.19.52:997][330]LogModuleManager: Shutting down and abandoning module LevelSequenceEditor (568)
[2018.09.16-01.19.52:998][330]LogModuleManager: Shutting down and abandoning module PlacementMode (567)
[2018.09.16-01.19.52:998][330]LogModuleManager: Shutting down and abandoning module MaterialEditor (566)
[2018.09.16-01.19.52:998][330]LogModuleManager: Shutting down and abandoning module WmfMediaFactory (562)
[2018.09.16-01.19.52:998][330]LogModuleManager: Shutting down and abandoning module WmfMediaEditor (560)
[2018.09.16-01.19.52:998][330]LogModuleManager: Shutting down and abandoning module MediaPlayerEditor (558)
[2018.09.16-01.19.52:998][330]LogModuleManager: Shutting down and abandoning module OpenExrWrapper (556)
[2018.09.16-01.19.52:998][330]LogModuleManager: Shutting down and abandoning module ImgMediaFactory (554)
[2018.09.16-01.19.52:998][330]LogModuleManager: Shutting down and abandoning module ImgMediaEditor (552)
[2018.09.16-01.19.52:998][330]LogModuleManager: Shutting down and abandoning module AvfMediaFactory (550)
[2018.09.16-01.19.52:998][330]LogModuleManager: Shutting down and abandoning module AvfMediaEditor (548)
[2018.09.16-01.19.52:998][330]LogModuleManager: Shutting down and abandoning module AndroidMediaFactory (546)
[2018.09.16-01.19.52:998][330]LogModuleManager: Shutting down and abandoning module AndroidMediaEditor (544)
[2018.09.16-01.19.52:998][330]LogModuleManager: Shutting down and abandoning module MagicLeapCameraPreviewFactory (542)
[2018.09.16-01.19.52:998][330]LogModuleManager: Shutting down and abandoning module MagicLeapMediaFactory (540)
[2018.09.16-01.19.52:998][330]LogModuleManager: Shutting down and abandoning module MagicLeapMediaEditor (538)
[2018.09.16-01.19.52:998][330]LogModuleManager: Shutting down and abandoning module CharacterAI (536)
[2018.09.16-01.19.52:998][330]LogModuleManager: Shutting down and abandoning module SmartSnapping (534)
[2018.09.16-01.19.52:998][330]LogModuleManager: Shutting down and abandoning module SessionServices (532)
[2018.09.16-01.19.52:998][330]LogModuleManager: Shutting down and abandoning module ViewportSnapping (530)
[2018.09.16-01.19.52:998][330]LogModuleManager: Shutting down and abandoning module ViewportInteraction (528)
[2018.09.16-01.19.52:998][330]LogModuleManager: Shutting down and abandoning module ClothPainter (526)
[2018.09.16-01.19.52:998][330]LogModuleManager: Shutting down and abandoning module SkeletalMeshEditor (525)
[2018.09.16-01.19.52:998][330]LogModuleManager: Shutting down and abandoning module LogVisualizer (522)
[2018.09.16-01.19.52:998][330]LogModuleManager: Shutting down and abandoning module IntroTutorials (520)
[2018.09.16-01.19.52:998][330]LogModuleManager: Shutting down and abandoning module GameProjectGeneration (519)
[2018.09.16-01.19.52:998][330]LogModuleManager: Shutting down and abandoning module LuminPlatformEditor (516)
[2018.09.16-01.19.52:998][330]LogModuleManager: Shutting down and abandoning module IOSPlatformEditor (514)
[2018.09.16-01.19.52:998][330]LogModuleManager: Shutting down and abandoning module HTML5PlatformEditor (512)
[2018.09.16-01.19.52:998][330]LogModuleManager: Shutting down and abandoning module AndroidPlatformEditor (510)
[2018.09.16-01.19.52:998][330]LogModuleManager: Shutting down and abandoning module AndroidDeviceDetection (509)
[2018.09.16-01.19.53:333][330]LogModuleManager: Shutting down and abandoning module WindowsPlatformEditor (506)
[2018.09.16-01.19.53:333][330]LogModuleManager: Shutting down and abandoning module LuminRuntimeSettings (504)
[2018.09.16-01.19.53:334][330]LogModuleManager: Shutting down and abandoning module IOSRuntimeSettings (502)
[2018.09.16-01.19.53:334][330]LogModuleManager: Shutting down and abandoning module AndroidRuntimeSettings (500)
[2018.09.16-01.19.53:334][330]LogModuleManager: Shutting down and abandoning module InputBindingEditor (498)
[2018.09.16-01.19.53:334][330]LogModuleManager: Shutting down and abandoning module MergeActors (496)
[2018.09.16-01.19.53:334][330]LogModuleManager: Shutting down and abandoning module LocalizationDashboard (494)
[2018.09.16-01.19.53:334][330]LogModuleManager: Shutting down and abandoning module LocalizationService (493)
[2018.09.16-01.19.53:334][330]LogModuleManager: Shutting down and abandoning module HardwareTargeting (490)
[2018.09.16-01.19.53:334][330]LogModuleManager: Shutting down and abandoning module DeviceProfileEditor (488)
[2018.09.16-01.19.53:334][330]LogModuleManager: Shutting down and abandoning module UndoHistory (486)
[2018.09.16-01.19.53:334][330]LogModuleManager: Shutting down and abandoning module XmlParser (484)
[2018.09.16-01.19.53:334][330]LogModuleManager: Shutting down and abandoning module Blutility (482)
[2018.09.16-01.19.53:334][330]LogModuleManager: Shutting down and abandoning module ProjectSettingsViewer (480)
[2018.09.16-01.19.53:334][330]LogModuleManager: Shutting down and abandoning module ProjectTargetPlatformEditor (479)
[2018.09.16-01.19.53:334][330]LogModuleManager: Shutting down and abandoning module EditorSettingsViewer (476)
[2018.09.16-01.19.53:334][330]LogModuleManager: Shutting down and abandoning module SettingsEditor (474)
[2018.09.16-01.19.53:334][330]LogModuleManager: Shutting down and abandoning module ProjectLauncher (472)
[2018.09.16-01.19.53:334][330]LogModuleManager: Shutting down and abandoning module SessionFrontend (470)
[2018.09.16-01.19.53:334][330]LogModuleManager: Shutting down and abandoning module ProfilerClient (468)
[2018.09.16-01.19.53:334][330]LogModuleManager: Shutting down and abandoning module DeviceManager (466)
[2018.09.16-01.19.53:334][330]LogModuleManager: Shutting down and abandoning module TargetDeviceServices (465)
[2018.09.16-01.19.53:389][330]LogModuleManager: Shutting down and abandoning module AutomationController (462)
[2018.09.16-01.19.53:389][330]LogModuleManager: Shutting down and abandoning module AutomationWindow (460)
[2018.09.16-01.19.53:389][330]LogModuleManager: Shutting down and abandoning module Layers (458)
[2018.09.16-01.19.53:389][330]LogModuleManager: Shutting down and abandoning module ComponentVisualizers (456)
[2018.09.16-01.19.53:389][330]LogModuleManager: Shutting down and abandoning module DetailCustomizations (454)
[2018.09.16-01.19.53:389][330]LogModuleManager: Shutting down and abandoning module PackagesDialog (452)
[2018.09.16-01.19.53:389][330]LogModuleManager: Shutting down and abandoning module Persona (450)
[2018.09.16-01.19.53:389][330]LogModuleManager: Shutting down and abandoning module AdvancedPreviewScene (449)
[2018.09.16-01.19.53:389][330]LogModuleManager: Shutting down and abandoning module AnimGraph (447)
[2018.09.16-01.19.53:389][330]LogModuleManager: Shutting down and abandoning module Kismet (444)
[2018.09.16-01.19.53:394][330]LogModuleManager: Shutting down and abandoning module GraphEditor (442)
[2018.09.16-01.19.53:394][330]LogModuleManager: Shutting down and abandoning module ClassViewer (440)
[2018.09.16-01.19.53:396][330]LogModuleManager: Shutting down and abandoning module Toolbox (438)
[2018.09.16-01.19.53:396][330]LogModuleManager: Shutting down and abandoning module ModuleUI (436)
[2018.09.16-01.19.53:396][330]LogModuleManager: Shutting down and abandoning module MovieSceneTools (434)
[2018.09.16-01.19.53:396][330]LogModuleManager: Shutting down and abandoning module OutputLog (432)
[2018.09.16-01.19.53:396][330]LogModuleManager: Shutting down and abandoning module GammaUI (430)
[2018.09.16-01.19.53:396][330]LogModuleManager: Shutting down and abandoning module Documentation (428)
[2018.09.16-01.19.53:396][330]LogModuleManager: Shutting down and abandoning module MovieSceneTracks (426)
[2018.09.16-01.19.53:396][330]LogModuleManager: Shutting down and abandoning module MovieScene (424)
[2018.09.16-01.19.53:396][330]LogModuleManager: Shutting down and abandoning module StreamingPauseRendering (422)
[2018.09.16-01.19.53:396][330]LogModuleManager: Shutting down and abandoning module LauncherPlatform (420)
[2018.09.16-01.19.53:396][330]LogModuleManager: Shutting down and abandoning module AnalyticsET (418)
[2018.09.16-01.19.53:396][330]LogModuleManager: Shutting down and abandoning module PortalServices (416)
[2018.09.16-01.19.53:396][330]LogModuleManager: Shutting down and abandoning module PortalRpc (414)
[2018.09.16-01.19.53:396][330]LogModuleManager: Shutting down and abandoning module MessagingRpc (412)
[2018.09.16-01.19.53:396][330]LogModuleManager: Shutting down and abandoning module AIModule (410)
[2018.09.16-01.19.53:396][330]LogModuleManager: Shutting down and abandoning module GameplayDebugger (409)
[2018.09.16-01.19.53:396][330]LogModuleManager: Shutting down and abandoning module AITestSuite (407)
[2018.09.16-01.19.53:396][330]LogModuleManager: Shutting down and abandoning module NavigationSystem (405)
[2018.09.16-01.19.53:396][330]LogModuleManager: Shutting down and abandoning module DesktopPlatform (402)
[2018.09.16-01.19.53:396][330]LogModuleManager: Shutting down and abandoning module ProfilerService (400)
[2018.09.16-01.19.53:457][330]LogModuleManager: Shutting down and abandoning module TaskGraph (398)
[2018.09.16-01.19.53:457][330]LogModuleManager: Shutting down and abandoning module SteamVRController (396)
[2018.09.16-01.19.53:457][330]LogModuleManager: Shutting down and abandoning module ProceduralMeshComponentEditor (394)
[2018.09.16-01.19.53:457][330]LogModuleManager: Shutting down and abandoning module ProceduralMeshComponent (392)
[2018.09.16-01.19.53:457][330]LogModuleManager: Shutting down and abandoning module OculusInput (390)
[2018.09.16-01.19.53:457][330]LogModuleManager: Shutting down and abandoning module MobilePatchingUtils (388)
[2018.09.16-01.19.53:457][330]LogModuleManager: Shutting down and abandoning module EditableMesh (386)
[2018.09.16-01.19.53:457][330]LogModuleManager: Shutting down and abandoning module CustomMeshComponent (384)
[2018.09.16-01.19.53:457][330]LogModuleManager: Shutting down and abandoning module CableComponent (382)
[2018.09.16-01.19.53:457][330]LogModuleManager: Shutting down and abandoning module AudioCapture (380)
[2018.09.16-01.19.53:457][330]LogModuleManager: Shutting down and abandoning module ArchVisCharacter (378)
[2018.09.16-01.19.53:457][330]LogModuleManager: Shutting down and abandoning module AndroidPermission (376)
[2018.09.16-01.19.53:457][330]LogModuleManager: Shutting down and abandoning module NUTUnrealEngine4 (374)
[2018.09.16-01.19.53:457][330]LogModuleManager: Shutting down and abandoning module NetcodeUnitTest (372)
[2018.09.16-01.19.53:457][330]LogModuleManager: Shutting down and abandoning module MediaCompositingEditor (370)
[2018.09.16-01.19.53:457][330]LogModuleManager: Shutting down and abandoning module MediaCompositing (368)
[2018.09.16-01.19.53:457][330]LogModuleManager: Shutting down and abandoning module LinearTimecode (366)
[2018.09.16-01.19.53:457][330]LogModuleManager: Shutting down and abandoning module ImgMedia (364)
[2018.09.16-01.19.53:460][330]LogModuleManager: Shutting down and abandoning module HTML5Networking (362)
[2018.09.16-01.19.53:460][330]LogModuleManager: Shutting down and abandoning module GeometryCacheTracks (360)
[2018.09.16-01.19.53:460][330]LogModuleManager: Shutting down and abandoning module GeometryCacheSequencer (358)
[2018.09.16-01.19.53:460][330]LogModuleManager: Shutting down and abandoning module BackChannel (356)
[2018.09.16-01.19.53:460][330]LogModuleManager: Shutting down and abandoning module AppleVision (354)
[2018.09.16-01.19.53:460][330]LogModuleManager: Shutting down and abandoning module AppleImageUtils (352)
[2018.09.16-01.19.53:460][330]LogModuleManager: Shutting down and abandoning module AlembicImporter (350)
[2018.09.16-01.19.53:460][330]LogModuleManager: Shutting down and abandoning module AlembicLibrary (349)
[2018.09.16-01.19.53:460][330]LogModuleManager: Shutting down and abandoning module GeometryCache (348)
[2018.09.16-01.19.53:460][330]LogModuleManager: Shutting down and abandoning module GeometryCacheEd (347)
[2018.09.16-01.19.53:460][330]LogModuleManager: Shutting down and abandoning module DatasmithContentEditor (342)
[2018.09.16-01.19.53:460][330]LogModuleManager: Shutting down and abandoning module DatasmithContent (340)
[2018.09.16-01.19.53:461][330]LogModuleManager: Shutting down and abandoning module SpeedTreeImporter (338)
[2018.09.16-01.19.53:461][330]LogModuleManager: Shutting down and abandoning module PluginBrowser (336)
[2018.09.16-01.19.53:461][330]LogModuleManager: Shutting down and abandoning module MobileLauncherProfileWizard (334)
[2018.09.16-01.19.53:461][330]LogModuleManager: Shutting down and abandoning module PolygonModeling (332)
[2018.09.16-01.19.53:461][330]LogModuleManager: Shutting down and abandoning module MeshEditor (330)
[2018.09.16-01.19.53:461][330]LogModuleManager: Shutting down and abandoning module CryptoKeysOpenSSL (328)
[2018.09.16-01.19.53:461][330]LogModuleManager: Shutting down and abandoning module CryptoKeys (326)
[2018.09.16-01.19.53:461][330]LogModuleManager: Shutting down and abandoning module VisualStudioSourceCodeAccess (324)
[2018.09.16-01.19.53:461][330]LogModuleManager: Shutting down and abandoning module VisualStudioCodeSourceCodeAccess (322)
[2018.09.16-01.19.53:461][330]LogModuleManager: Shutting down and abandoning module UObjectPlugin (320)
[2018.09.16-01.19.53:461][330]LogModuleManager: Shutting down and abandoning module SubversionSourceControl (318)
[2018.09.16-01.19.53:461][330]LogModuleManager: Shutting down and abandoning module PerforceSourceControl (316)
[2018.09.16-01.19.53:462][330]LogModuleManager: Shutting down and abandoning module GitSourceControl (314)
[2018.09.16-01.19.53:462][330]LogModuleManager: Shutting down and abandoning module SourceControl (313)
[2018.09.16-01.19.53:462][330]LogModuleManager: Shutting down and abandoning module CLionSourceCodeAccess (310)
[2018.09.16-01.19.53:462][330]LogModuleManager: Shutting down and abandoning module LightPropagationVolumeEditor (308)
[2018.09.16-01.19.53:462][330]LogModuleManager: Shutting down and abandoning module PaperTiledImporter (306)
[2018.09.16-01.19.53:462][330]LogModuleManager: Shutting down and abandoning module PaperSpriteSheetImporter (304)
[2018.09.16-01.19.53:462][330]LogModuleManager: Shutting down and abandoning module Paper2DEditor (302)
[2018.09.16-01.19.53:462][330]LogModuleManager: Shutting down and abandoning module MeshPaint (301)
[2018.09.16-01.19.53:462][330]LogModuleManager: Shutting down and abandoning module RuntimePhysXCooking (298)
[2018.09.16-01.19.53:462][330]LogModuleManager: Shutting down and abandoning module PhysXVehiclesEditor (296)
[2018.09.16-01.19.53:462][330]LogModuleManager: Shutting down and abandoning module PhysXVehicles (294)
[2018.09.16-01.19.53:462][330]LogModuleManager: Shutting down and abandoning module OculusEditor (292)
[2018.09.16-01.19.53:462][330]LogModuleManager: Shutting down and abandoning module LocationServicesBPLibrary (290)
[2018.09.16-01.19.53:462][330]LogModuleManager: Shutting down and abandoning module ImmediatePhysicsEditor (288)
[2018.09.16-01.19.53:462][330]LogModuleManager: Shutting down and abandoning module ImmediatePhysics (286)
[2018.09.16-01.19.53:462][330]LogModuleManager: Shutting down and abandoning module ActorSequence (284)
[2018.09.16-01.19.53:462][330]LogModuleManager: Shutting down and abandoning module UdpMessaging (282)
[2018.09.16-01.19.53:563][330]LogModuleManager: Shutting down and abandoning module TcpMessaging (280)
[2018.09.16-01.19.53:664][330]LogModuleManager: Shutting down and abandoning module MagicLeapAudio (278)
[2018.09.16-01.19.53:664][330]LogModuleManager: Shutting down and abandoning module GameplayTagsEditor (276)
[2018.09.16-01.19.53:664][330]LogModuleManager: Shutting down and abandoning module FacialAnimationEditor (274)
[2018.09.16-01.19.53:664][330]LogModuleManager: Shutting down and abandoning module FacialAnimation (272)
[2018.09.16-01.19.53:664][330]LogModuleManager: Shutting down and abandoning module DataValidation (270)
[2018.09.16-01.19.53:664][330]LogModuleManager: Shutting down and abandoning module AssetManagerEditor (268)
[2018.09.16-01.19.53:664][330]LogModuleManager: Shutting down and abandoning module LevelEditor (267)
[2018.09.16-01.19.53:665][330]LogModuleManager: Shutting down and abandoning module PixelInspectorModule (266)
[2018.09.16-01.19.53:665][330]LogModuleManager: Shutting down and abandoning module CommonMenuExtensions (264)
[2018.09.16-01.19.53:665][330]LogModuleManager: Shutting down and abandoning module MainFrame (262)
[2018.09.16-01.19.53:665][330]LogModuleManager: Shutting down and abandoning module HotReload (261)
[2018.09.16-01.19.53:665][330]LogModuleManager: Shutting down and abandoning module ContentBrowser (257)
[2018.09.16-01.19.53:666][330]LogModuleManager: Shutting down and abandoning module TreeMap (255)
[2018.09.16-01.19.53:666][330]LogModuleManager: Shutting down and abandoning module LightPropagationVolumeRuntime (252)
[2018.09.16-01.19.53:666][330]LogModuleManager: Shutting down and abandoning module AISupportModule (250)
[2018.09.16-01.19.53:666][330]LogModuleManager: Shutting down and abandoning module Paper2D (248)
[2018.09.16-01.19.53:666][330]LogModuleManager: Shutting down and abandoning module WindowsMoviePlayer (246)
[2018.09.16-01.19.53:666][330]LogModuleManager: Shutting down and abandoning module WmfMedia (244)
[2018.09.16-01.19.53:668][330]LogModuleManager: Shutting down and abandoning module Media (243)
[2018.09.16-01.19.53:674][330]LogModuleManager: Shutting down and abandoning module PacketHandler (240)
[2018.09.16-01.19.53:674][330]LogModuleManager: Shutting down and abandoning module ClothingSystemEditor (238)
[2018.09.16-01.19.53:674][330]LogModuleManager: Shutting down and abandoning module ClothingSystemRuntime (236)
[2018.09.16-01.19.53:674][330]LogModuleManager: Shutting down and abandoning module MediaAssets (234)
[2018.09.16-01.19.53:674][330]LogModuleManager: Shutting down and abandoning module Overlay (232)
[2018.09.16-01.19.53:674][330]LogModuleManager: Shutting down and abandoning module OverlayEditor (231)
[2018.09.16-01.19.53:674][330]LogModuleManager: Shutting down and abandoning module VREditor (228)
[2018.09.16-01.19.53:674][330]LogModuleManager: Shutting down and abandoning module StringTableEditor (226)
[2018.09.16-01.19.53:674][330]LogModuleManager: Shutting down and abandoning module GameplayTasksEditor (224)
[2018.09.16-01.19.53:674][330]LogModuleManager: Shutting down and abandoning module BehaviorTreeEditor (222)
[2018.09.16-01.19.53:674][330]LogModuleManager: Shutting down and abandoning module FunctionalTesting (220)
[2018.09.16-01.19.53:674][330]LogModuleManager: Shutting down and abandoning module CollisionAnalyzer (218)
[2018.09.16-01.19.53:674][330]LogModuleManager: Shutting down and abandoning module WorkspaceMenuStructure (217)
[2018.09.16-01.19.53:674][330]LogModuleManager: Shutting down and abandoning module UMG (214)
[2018.09.16-01.19.53:674][330]LogModuleManager: Shutting down and abandoning module UMGEditor (213)
[2018.09.16-01.19.53:674][330]LogModuleManager: Shutting down and abandoning module Sequencer (212)
[2018.09.16-01.19.53:675][330]LogModuleManager: Shutting down and abandoning module MessageLog (209)
[2018.09.16-01.19.53:675][330]LogModuleManager: Shutting down and abandoning module SlateReflector (204)
[2018.09.16-01.19.53:675][330]LogModuleManager: Shutting down and abandoning module Slate (202)
[2018.09.16-01.19.53:675][330]LogModuleManager: Shutting down and abandoning module EditorStyle (200)
[2018.09.16-01.19.53:676][330]LogModuleManager: Shutting down and abandoning module MRMesh (198)
[2018.09.16-01.19.53:676][330]LogModuleManager: Shutting down and abandoning module SourceCodeAccess (196)
[2018.09.16-01.19.53:676][330]LogModuleManager: Shutting down and abandoning module HeadMountedDisplay (194)
[2018.09.16-01.19.53:676][330]LogModuleManager: Shutting down and abandoning module XAudio2 (192)
[2018.09.16-01.19.53:676][330]LogModuleManager: Shutting down and abandoning module Networking (190)
[2018.09.16-01.19.53:676][330]LogModuleManager: Shutting down and abandoning module Core (188)
[2018.09.16-01.19.53:676][330]LogModuleManager: Shutting down and abandoning module LevelSequence (186)
[2018.09.16-01.19.53:676][330]LogModuleManager: Shutting down and abandoning module KismetCompiler (184)
[2018.09.16-01.19.53:676][330]LogModuleManager: Shutting down and abandoning module MeshUtilities (182)
[2018.09.16-01.19.53:676][330]LogModuleManager: Shutting down and abandoning module MeshMergeUtilities (181)
[2018.09.16-01.19.53:676][330]LogModuleManager: Shutting down and abandoning module MeshReductionInterface (180)
[2018.09.16-01.19.53:676][330]LogModuleManager: Shutting down and abandoning module SimplygonSwarm (179)
[2018.09.16-01.19.53:676][330]LogModuleManager: Shutting down and abandoning module ProxyLODMeshReduction (177)
[2018.09.16-01.19.53:676][330]LogModuleManager: Shutting down and abandoning module SimplygonMeshReduction (175)
[2018.09.16-01.19.53:676][330]LogModuleManager: Shutting down and abandoning module QuadricMeshReduction (173)
[2018.09.16-01.19.53:677][330]LogModuleManager: Shutting down and abandoning module MaterialBaking (169)
[2018.09.16-01.19.53:677][330]LogModuleManager: Shutting down and abandoning module DirectoryWatcher (165)
[2018.09.16-01.19.53:677][330]LogModuleManager: Shutting down and abandoning module DerivedDataCache (162)
[2018.09.16-01.19.53:770][330]LogDerivedDataCache: Shutdown
[2018.09.16-01.19.53:770][330]LogModuleManager: Shutting down and abandoning module XGEController (160)
[2018.09.16-01.19.53:770][330]LogXGEController: Cleaning working directory: C:/Users/Cari/AppData/Local/Temp/UnrealXGEWorkingDir/
[2018.09.16-01.19.53:770][330]LogModuleManager: Shutting down and abandoning module TargetPlatform (158)
[2018.09.16-01.19.53:770][330]LogModuleManager: Shutting down and abandoning module VulkanShaderFormat (157)
[2018.09.16-01.19.53:770][330]LogModuleManager: Shutting down and abandoning module ShaderFormatVectorVM (155)
[2018.09.16-01.19.53:770][330]LogModuleManager: Shutting down and abandoning module ShaderFormatOpenGL (153)
[2018.09.16-01.19.53:770][330]LogModuleManager: Shutting down and abandoning module ShaderFormatD3D (151)
[2018.09.16-01.19.53:770][330]LogModuleManager: Shutting down and abandoning module MetalShaderFormat (149)
[2018.09.16-01.19.53:770][330]LogModuleManager: Shutting down and abandoning module TextureFormatUncompressed (147)
[2018.09.16-01.19.53:770][330]LogModuleManager: Shutting down and abandoning module TextureFormatPVR (145)
[2018.09.16-01.19.53:770][330]LogModuleManager: Shutting down and abandoning module TextureFormatDXT (143)
[2018.09.16-01.19.53:771][330]LogModuleManager: Shutting down and abandoning module TextureFormatIntelISPCTexComp (141)
[2018.09.16-01.19.53:771][330]LogModuleManager: Shutting down and abandoning module TextureFormatASTC (139)
[2018.09.16-01.19.53:771][330]LogModuleManager: Shutting down and abandoning module ImageWrapper (138)
[2018.09.16-01.19.53:771][330]LogModuleManager: Shutting down and abandoning module TextureFormatAndroid (135)
[2018.09.16-01.19.53:771][330]LogModuleManager: Shutting down and abandoning module AudioFormatOpus (133)
[2018.09.16-01.19.53:771][330]LogModuleManager: Shutting down and abandoning module AudioFormatOgg (131)
[2018.09.16-01.19.53:771][330]LogModuleManager: Shutting down and abandoning module AudioFormatADPCM (129)
[2018.09.16-01.19.53:771][330]LogModuleManager: Shutting down and abandoning module LuminTargetPlatform (127)
[2018.09.16-01.19.53:771][330]LogModuleManager: Shutting down and abandoning module LinuxTargetPlatform (125)
[2018.09.16-01.19.53:771][330]LogModuleManager: Shutting down and abandoning module LinuxServerTargetPlatform (123)
[2018.09.16-01.19.53:771][330]LogModuleManager: Shutting down and abandoning module LinuxNoEditorTargetPlatform (121)
[2018.09.16-01.19.53:771][330]LogModuleManager: Shutting down and abandoning module LinuxClientTargetPlatform (119)
[2018.09.16-01.19.53:771][330]LogModuleManager: Shutting down and abandoning module TVOSTargetPlatform (117)
[2018.09.16-01.19.53:772][330]LogModuleManager: Shutting down and abandoning module Messaging (115)
[2018.09.16-01.19.53:772][330]LogModuleManager: Shutting down and abandoning module IOSTargetPlatform (113)
[2018.09.16-01.19.53:772][330]LogModuleManager: Shutting down and abandoning module HTML5TargetPlatform (111)
[2018.09.16-01.19.53:772][330]LogModuleManager: Shutting down and abandoning module AndroidTargetPlatform (109)
[2018.09.16-01.19.53:779][330]LogModuleManager: Shutting down and abandoning module WindowsTargetPlatform (107)
[2018.09.16-01.19.53:779][330]LogModuleManager: Shutting down and abandoning module WindowsServerTargetPlatform (105)
[2018.09.16-01.19.53:779][330]LogModuleManager: Shutting down and abandoning module WindowsNoEditorTargetPlatform (103)
[2018.09.16-01.19.53:779][330]LogModuleManager: Shutting down and abandoning module WindowsClientTargetPlatform (101)
[2018.09.16-01.19.53:779][330]LogModuleManager: Shutting down and abandoning module MacTargetPlatform (99)
[2018.09.16-01.19.53:779][330]LogModuleManager: Shutting down and abandoning module MacServerTargetPlatform (97)
[2018.09.16-01.19.53:779][330]LogModuleManager: Shutting down and abandoning module MacNoEditorTargetPlatform (95)
[2018.09.16-01.19.53:779][330]LogModuleManager: Shutting down and abandoning module MacClientTargetPlatform (93)
[2018.09.16-01.19.53:779][330]LogModuleManager: Shutting down and abandoning module AllDesktopTargetPlatform (91)
[2018.09.16-01.19.53:779][330]LogModuleManager: Shutting down and abandoning module InputCore (88)
[2018.09.16-01.19.53:779][330]LogModuleManager: Shutting down and abandoning module Settings (86)
[2018.09.16-01.19.53:779][330]LogModuleManager: Shutting down and abandoning module PhysXCooking (84)
[2018.09.16-01.19.53:779][330]LogModuleManager: Shutting down and abandoning module SteamVR (82)
[2018.09.16-01.19.53:779][330]LogModuleManager: Shutting down and abandoning module OculusHMD (80)
[2018.09.16-01.19.53:779][330]LogModuleManager: Shutting down and abandoning module ExampleDeviceProfileSelector (78)
[2018.09.16-01.19.53:779][330]LogModuleManager: Shutting down and abandoning module LauncherChunkInstaller (76)
[2018.09.16-01.19.53:779][330]LogModuleManager: Shutting down and abandoning module OnlineBlueprintSupport (74)
[2018.09.16-01.19.53:779][330]LogModuleManager: Shutting down and abandoning module OnlineSubsystem (70)
[2018.09.16-01.19.53:780][330]LogModuleManager: Shutting down and abandoning module XMPP (65)
[2018.09.16-01.19.53:780][330]LogModuleManager: Shutting down and abandoning module WebSockets (64)
[2018.09.16-01.19.53:787][330]LogModuleManager: Shutting down and abandoning module HTTP (61)
[2018.09.16-01.19.53:787][330]LogHttp: Display: Http module shutting down, but needs to wait on 1 outstanding Http requests:
[2018.09.16-01.19.53:787][330]LogHttp: Display: 	verb=[POST] url=[https://datarouter.ol.epicgames.com/datarouter/api/v1/public/data?SessionID=%7B5001A2AD-4F48-E947-BB88-BFB9AEAB6D8F%7D&AppID=UEEditor.Rocket.Release&AppVersion=4.20.2-4302132%2B%2B%2BUE4%2BRelease-4.20&UserID=6962e9a44f3521620435abab7acc94c2%7Ccb0e99710c584de8baf7a42556cf2bb2%7C0d0cc30e-1ec9-4d78-a99c-9027aa145570&AppEnvironment=datacollector-binary&UploadType=eteventstream] status=Processing
[2018.09.16-01.19.53:806][330]LogModuleManager: Shutting down and abandoning module SSL (60)
[2018.09.16-01.19.53:807][330]LogModuleManager: Shutting down and abandoning module MagicLeapEmulator (56)
[2018.09.16-01.19.53:807][330]LogModuleManager: Shutting down and abandoning module MagicLeapPrivileges (54)
[2018.09.16-01.19.53:807][330]LogModuleManager: Shutting down and abandoning module MagicLeapIdentity (52)
[2018.09.16-01.19.53:807][330]LogModuleManager: Shutting down and abandoning module MagicLeapHelperVulkan (50)
[2018.09.16-01.19.53:807][330]LogModuleManager: Shutting down and abandoning module MagicLeapHelperOpenGL (48)
[2018.09.16-01.19.53:807][330]LogModuleManager: Shutting down and abandoning module MagicLeapSecureStorage (46)
[2018.09.16-01.19.53:807][330]LogModuleManager: Shutting down and abandoning module MagicLeapGestures (44)
[2018.09.16-01.19.53:807][330]LogModuleManager: Shutting down and abandoning module MagicLeapEyeTracker (42)
[2018.09.16-01.19.53:807][330]LogModuleManager: Shutting down and abandoning module MagicLeapController (40)
[2018.09.16-01.19.53:807][330]LogSlate: Slate User Destroyed.  User Index 0, Is Virtual User: 0
[2018.09.16-01.19.53:807][330]LogModuleManager: Shutting down and abandoning module MagicLeap (38)
[2018.09.16-01.19.53:807][330]LogModuleManager: Shutting down and abandoning module AnimationModifiers (36)
[2018.09.16-01.19.53:807][330]LogModuleManager: Shutting down and abandoning module PropertyEditor (35)
[2018.09.16-01.19.53:807][330]LogModuleManager: Shutting down and abandoning module AudioEditor (32)
[2018.09.16-01.19.53:807][330]LogModuleManager: Shutting down and abandoning module TextureCompressor (30)
[2018.09.16-01.19.53:807][330]LogModuleManager: Shutting down and abandoning module ShaderCore (28)
[2018.09.16-01.19.53:807][330]LogModuleManager: Shutting down and abandoning module Landscape (26)
[2018.09.16-01.19.53:807][330]LogModuleManager: Shutting down and abandoning module SlateRHIRenderer (24)
[2018.09.16-01.19.53:808][330]LogModuleManager: Shutting down and abandoning module OpenGLDrv (22)
[2018.09.16-01.19.53:808][330]LogModuleManager: Shutting down and abandoning module D3D11RHI (20)
[2018.09.16-01.19.53:808][330]LogModuleManager: Shutting down and abandoning module AnimGraphRuntime (18)
[2018.09.16-01.19.53:808][330]LogModuleManager: Shutting down and abandoning module Renderer (16)
[2018.09.16-01.19.53:808][330]LogModuleManager: Shutting down and abandoning module Engine (14)
[2018.09.16-01.19.53:808][330]LogModuleManager: Shutting down and abandoning module CoreUObject (12)
[2018.09.16-01.19.53:808][330]LogModuleManager: Shutting down and abandoning module NetworkFile (10)
[2018.09.16-01.19.53:808][330]LogModuleManager: Shutting down and abandoning module CookedIterativeFile (8)
[2018.09.16-01.19.53:808][330]LogModuleManager: Shutting down and abandoning module StreamingFile (6)
[2018.09.16-01.19.53:808][330]LogModuleManager: Shutting down and abandoning module SandboxFile (4)
[2018.09.16-01.19.53:808][330]LogModuleManager: Shutting down and abandoning module PakFile (2)
[2018.09.16-01.19.53:813][330]LogExit: Exiting.
[2018.09.16-01.19.53:841][330]Log file closed, 09/15/18 20:19:53
