Log file open, 09/16/18 22:22:26
LogWindows: Failed to load 'aqProf.dll' (GetLastError=126)
LogWindows: File 'aqProf.dll' does not exist
LogWindows: Failed to load 'VSPerf140.dll' (GetLastError=126)
LogWindows: File 'VSPerf140.dll' does not exist
LogWindows: Failed to load 'VtuneApi.dll' (GetLastError=126)
LogWindows: File 'VtuneApi.dll' does not exist
LogWindows: Failed to load 'VtuneApi32e.dll' (GetLastError=126)
LogWindows: File 'VtuneApi32e.dll' does not exist
LogInit: Display: Running engine for game: SandsProject
LogPlatformFile: Not using cached read wrapper
LogTaskGraph: Started task graph with 5 named threads and 23 total threads with 3 sets of task threads.
LogStats: Stats thread started at 0.348139
LogD3D11RHI: Loaded GFSDK_Aftermath_Lib.x64.dll
LogICUInternationalization: Display: ICU TimeZone Detection - Raw Offset: -6:00, Platform Override: ''
LogPluginManager: Mounting plugin Paper2D
LogPluginManager: Mounting plugin AISupport
LogPluginManager: Mounting plugin LightPropagationVolume
LogPluginManager: Mounting plugin CLionSourceCodeAccess
LogPluginManager: Mounting plugin CodeLiteSourceCodeAccess
LogPluginManager: Mounting plugin GitSourceControl
LogPluginManager: Mounting plugin KDevelopSourceCodeAccess
LogPluginManager: Mounting plugin NullSourceCodeAccess
LogPluginManager: Mounting plugin PerforceSourceControl
LogPluginManager: Mounting plugin SubversionSourceControl
LogPluginManager: Mounting plugin UObjectPlugin
LogPluginManager: Mounting plugin VisualStudioCodeSourceCodeAccess
LogPluginManager: Mounting plugin VisualStudioSourceCodeAccess
LogPluginManager: Mounting plugin XCodeSourceCodeAccess
LogPluginManager: Mounting plugin AssetManagerEditor
LogPluginManager: Mounting plugin CryptoKeys
LogPluginManager: Mounting plugin DataValidation
LogPluginManager: Mounting plugin FacialAnimation
LogPluginManager: Mounting plugin GameplayTagsEditor
LogPluginManager: Mounting plugin MacGraphicsSwitching
LogPluginManager: Mounting plugin MeshEditor
LogPluginManager: Mounting plugin MobileLauncherProfileWizard
LogPluginManager: Mounting plugin PluginBrowser
LogPluginManager: Mounting plugin SpeedTreeImporter
LogPluginManager: Mounting plugin DatasmithContent
LogPluginManager: Mounting plugin AlembicImporter
LogPluginManager: Mounting plugin AppleImageUtils
LogPluginManager: Mounting plugin AppleVision
LogPluginManager: Mounting plugin BackChannel
LogPluginManager: Mounting plugin CharacterAI
LogPluginManager: Mounting plugin GeometryCache
LogPluginManager: Mounting plugin HTML5Networking
LogPluginManager: Mounting plugin ProxyLODPlugin
LogPluginManager: Mounting plugin MagicLeap
LogPluginManager: Mounting plugin MagicLeapEmulator
LogPluginManager: Mounting plugin MagicLeapMedia
LogPluginManager: Mounting plugin AndroidMedia
LogPluginManager: Mounting plugin AvfMedia
LogPluginManager: Mounting plugin ImgMedia
LogPluginManager: Mounting plugin LinearTimecode
LogPluginManager: Mounting plugin MediaCompositing
LogPluginManager: Mounting plugin MediaPlayerEditor
LogPluginManager: Mounting plugin WmfMedia
LogPluginManager: Mounting plugin TcpMessaging
LogPluginManager: Mounting plugin UdpMessaging
LogPluginManager: Mounting plugin ActorSequence
LogPluginManager: Mounting plugin LevelSequenceEditor
LogPluginManager: Mounting plugin MatineeToLevelSequence
LogPluginManager: Mounting plugin NetcodeUnitTest
LogPluginManager: Mounting plugin NUTUnrealEngine4
LogPluginManager: Mounting plugin OnlineSubsystemGooglePlay
LogPluginManager: Mounting plugin OnlineSubsystemIOS
LogPluginManager: Mounting plugin OnlineSubsystem
LogPluginManager: Mounting plugin OnlineSubsystemNull
LogPluginManager: Mounting plugin OnlineSubsystemUtils
LogPluginManager: Mounting plugin LauncherChunkInstaller
LogPluginManager: Mounting plugin AndroidDeviceProfileSelector
LogPluginManager: Mounting plugin AndroidMoviePlayer
LogPluginManager: Mounting plugin AndroidPermission
LogPluginManager: Mounting plugin AppleMoviePlayer
LogPluginManager: Mounting plugin ArchVisCharacter
LogPluginManager: Mounting plugin AudioCapture
LogPluginManager: Mounting plugin CableComponent
LogPluginManager: Mounting plugin CustomMeshComponent
LogPluginManager: Mounting plugin EditableMesh
LogPluginManager: Mounting plugin ExampleDeviceProfileSelector
LogPluginManager: Mounting plugin GoogleCloudMessaging
LogPluginManager: Mounting plugin ImmediatePhysics
LogPluginManager: Mounting plugin IOSDeviceProfileSelector
LogPluginManager: Mounting plugin LinuxDeviceProfileSelector
LogPluginManager: Mounting plugin LocationServicesBPLibrary
LogPluginManager: Mounting plugin MobilePatchingUtils
LogPluginManager: Mounting plugin OculusVR
LogPluginManager: Plugin shader directory ../../../Engine/Plugins/Runtime/Oculus/OculusVR/Shaders found
LogPluginManager: Mapping shader source directory ../../../Engine/Plugins/Runtime/Oculus/OculusVR/Shaders to virtual directory /Plugin/OculusVR
LogPluginManager: Mounting plugin PhysXVehicles
LogPluginManager: Mounting plugin ProceduralMeshComponent
LogPluginManager: Mounting plugin RuntimePhysXCooking
LogPluginManager: Mounting plugin SteamVR
LogPluginManager: Mounting plugin WindowsMoviePlayer
LogStreaming: Display: Took  0.363s to configure plugins.
LogInit: Using libcurl 7.55.1-DEV
LogInit:  - built for x86_64-pc-win32
LogInit:  - supports SSL with OpenSSL/1.0.2h
LogInit:  - supports HTTP deflate (compression) using libz 1.2.8
LogInit:  - other features:
LogInit:      CURL_VERSION_SSL
LogInit:      CURL_VERSION_LIBZ
LogInit:      CURL_VERSION_IPV6
LogInit:      CURL_VERSION_ASYNCHDNS
LogInit:      CURL_VERSION_LARGEFILE
LogInit:      CURL_VERSION_IDN
LogInit:  CurlRequestOptions (configurable via config and command line):
LogInit:  - bVerifyPeer = false  - Libcurl will NOT verify peer certificate
LogInit:  - bUseHttpProxy = false  - Libcurl will NOT use HTTP proxy
LogInit:  - bDontReuseConnections = false  - Libcurl will reuse connections
LogInit:  - CertBundlePath = nullptr  - Libcurl will use whatever was configured at build time.
LogInit:  - MaxHostConnections = 16  - Libcurl will limit the number of connections to a host
LogInit:  - LocalHostAddr = Default
LogInit:  - BufferSize = 65536
LogInit: WinSock: version 1.1 (2.2), MaxSocks=32767, MaxUdp=65467
LogInit: Build: ++UE4+Release-4.20-CL-4302132
LogInit: Engine Version: 4.20.2-4302132+++UE4+Release-4.20
LogInit: Compatible Engine Version: 4.20.0-4212847+++UE4+Release-4.20
LogInit: Net CL: 4212847
LogInit: OS: Windows 10 (), CPU:       Intel(R) Core(TM) i7-2630QM CPU @ 2.00GHz, GPU: NVIDIA GeForce GTX 560M
LogInit: Compiled (64-bit): Aug 21 2018 02:06:06
LogInit: Compiled with Visual C++: 19.13.26129.00
LogInit: Build Configuration: Development
LogInit: Branch Name: ++UE4+Release-4.20
LogInit: Command Line:  
LogInit: Base Directory: C:/Program Files/Epic Games/UE_4.20/Engine/Binaries/Win64/
LogInit: Installed Engine Build: 1
LogDevObjectVersion: Number of dev versions registered: 20
LogDevObjectVersion:   Dev-Blueprints (B0D832E4-1F89-4F0D-ACCF-7EB736FD4AA2): 10
LogDevObjectVersion:   Dev-Build (E1C64328-A22C-4D53-A36C-8E866417BD8C): 0
LogDevObjectVersion:   Dev-Core (375EC13C-06E4-48FB-B500-84F0262A717E): 2
LogDevObjectVersion:   Dev-Editor (E4B068ED-F494-42E9-A231-DA0B2E46BB41): 24
LogDevObjectVersion:   Dev-Framework (CFFC743F-43B0-4480-9391-14DF171D2073): 34
LogDevObjectVersion:   Dev-Mobile (B02B49B5-BB20-44E9-A304-32B752E40360): 2
LogDevObjectVersion:   Dev-Networking (A4E4105C-59A1-49B5-A7C5-40C4547EDFEE): 0
LogDevObjectVersion:   Dev-Online (39C831C9-5AE6-47DC-9A44-9C173E1C8E7C): 0
LogDevObjectVersion:   Dev-Physics (78F01B33-EBEA-4F98-B9B4-84EACCB95AA2): 0
LogDevObjectVersion:   Dev-Platform (6631380F-2D4D-43E0-8009-CF276956A95A): 0
LogDevObjectVersion:   Dev-Rendering (12F88B9F-8875-4AFC-A67C-D90C383ABD29): 26
LogDevObjectVersion:   Dev-Sequencer (7B5AE74C-D270-4C10-A958-57980B212A5A): 9
LogDevObjectVersion:   Dev-VR (D7296918-1DD6-4BDD-9DE2-64A83CC13884): 2
LogDevObjectVersion:   Dev-LoadTimes (C2A15278-BFE7-4AFE-6C17-90FF531DF755): 1
LogDevObjectVersion:   Private-Geometry (6EACA3D4-40EC-4CC1-B786-8BED09428FC5): 3
LogDevObjectVersion:   Dev-AnimPhys (29E575DD-E0A3-4627-9D10-D276232CDCEA): 17
LogDevObjectVersion:   Dev-ReflectionCapture (6B266CEC-1EC7-4B8F-A30B-E4D90942FC07): 1
LogDevObjectVersion:   Dev-Automation (0DF73D61-A23F-47EA-B727-89E90C41499A): 1
LogDevObjectVersion:   FortniteMain (601D1886-AC64-4F84-AA16-D3DE0DEAC7D6): 12
LogDevObjectVersion:   Dev-Enterprise (9DFFBCD6-494F-0158-E221-12823C92A888): 1
LogStreaming: Display: Took  0.004s to delete old logs.
LogInit: Presizing for max 8388607 objects, including 0 objects not considered by GC, pre-allocating 0 bytes for permanent pool.
LogInit: Object subsystem initialized
[2018.09.17-03.22.26:785][  0]LogInit: Selected Device Profile: [Windows]
[2018.09.17-03.22.26:785][  0]LogInit: Applying CVar settings loaded from the selected device profile: [Windows]
[2018.09.17-03.22.26:835][  0]LogHAL: Display: Platform has ~ 12 GB [12860948480 / 17179869184 / 12], which maps to Larger [LargestMinGB=32, LargerMinGB=12, DefaultMinGB=8, SmallerMinGB=6, SmallestMinGB=0)
[2018.09.17-03.22.26:835][  0]LogInit: Setting Device Profile CVar: [[r.Vulkan.UseRealUBs:1]]
[2018.09.17-03.22.26:835][  0]LogInit: Going up to parent DeviceProfile []
[2018.09.17-03.22.26:836][  0]LogInit: Computer: DESKTOP-GCVK9JQ
[2018.09.17-03.22.26:836][  0]LogInit: User: Elena
[2018.09.17-03.22.26:836][  0]LogInit: CPU Page size=4096, Cores=4
[2018.09.17-03.22.26:836][  0]LogInit: High frequency timer resolution =1.948697 MHz
[2018.09.17-03.22.26:837][  0]LogMemory: Memory total: Physical=12.0GB (12GB approx)
[2018.09.17-03.22.26:837][  0]LogMemory: Platform Memory Stats for Windows
[2018.09.17-03.22.26:837][  0]LogMemory: Process Physical Memory: 100.21 MB used, 100.21 MB peak
[2018.09.17-03.22.26:837][  0]LogMemory: Process Virtual Memory: 90.87 MB used, 90.87 MB peak
[2018.09.17-03.22.26:837][  0]LogMemory: Physical Memory: 4979.88 MB used,  7285.28 MB free, 12265.16 MB total
[2018.09.17-03.22.26:837][  0]LogMemory: Virtual Memory: 4626.00 MB used,  7285.28 MB free, 134217728.00 MB total
[2018.09.17-03.22.26:870][  0]LogInit: Using OS detected language (en-US).
[2018.09.17-03.22.26:870][  0]LogInit: Using OS detected locale (en-US).
[2018.09.17-03.22.26:872][  0]LogTextLocalizationManager: No specific localization for 'en-US' exists, so the 'en' localization will be used.
[2018.09.17-03.22.27:479][  0]LogStreaming: Display: Took  0.608s to InitEngineTextLocalization.
[2018.09.17-03.22.27:479][  0]LogInit: Setting process to per monitor DPI aware
[2018.09.17-03.22.27:521][  0]LogSlate: New Slate User Created.  User Index 0, Is Virtual User: 0
[2018.09.17-03.22.27:521][  0]LogSlate: Slate User Registered.  User Index 0, Is Virtual User: 0
[2018.09.17-03.22.27:904][  0]LogHMD: Failed to initialize OpenVR with code 110
[2018.09.17-03.22.27:904][  0]LogD3D11RHI: D3D11 adapters:
[2018.09.17-03.22.27:950][  0]LogD3D11RHI:    0. 'NVIDIA GeForce GTX 560M' (Feature Level 11_0)
[2018.09.17-03.22.27:950][  0]LogD3D11RHI:       3020/0/6132 MB DedicatedVideo/DedicatedSystem/SharedSystem, Outputs:1, VendorId:0x10de
[2018.09.17-03.22.27:953][  0]LogD3D11RHI:    1. 'Microsoft Basic Render Driver' (Feature Level 11_0)
[2018.09.17-03.22.27:953][  0]LogD3D11RHI:       0/0/6132 MB DedicatedVideo/DedicatedSystem/SharedSystem, Outputs:0, VendorId:0x1414
[2018.09.17-03.22.27:953][  0]LogD3D11RHI: Chosen D3D11 Adapter: 0
[2018.09.17-03.22.27:961][  0]LogD3D11RHI: Creating new Direct3DDevice
[2018.09.17-03.22.27:961][  0]LogD3D11RHI:     GPU DeviceId: 0x1251 (for the marketing name, search the web for "GPU Device Id")
[2018.09.17-03.22.27:961][  0]LogWindows: EnumDisplayDevices:
[2018.09.17-03.22.27:962][  0]LogWindows:    0. 'NVIDIA GeForce GTX 560M' (P:1 D:1)
[2018.09.17-03.22.27:962][  0]LogWindows:    1. 'NVIDIA GeForce GTX 560M' (P:0 D:0)
[2018.09.17-03.22.27:962][  0]LogWindows: DebugString: FoundDriverCount:2 
[2018.09.17-03.22.27:963][  0]LogD3D11RHI:     Adapter Name: NVIDIA GeForce GTX 560M
[2018.09.17-03.22.27:963][  0]LogD3D11RHI:   Driver Version: 369.09 (internal:21.21.13.6909, unified:369.09)
[2018.09.17-03.22.27:963][  0]LogD3D11RHI:      Driver Date: 8-1-2016
[2018.09.17-03.22.27:963][  0]LogRHI: Texture pool is 2114 MB (70% of 3020 MB)
[2018.09.17-03.22.27:985][  0]LogD3D11RHI: Display: Timestamp queries are currently disabled on this hardware due to instability. Realtime GPU stats will not be available. You can override this behaviour by setting r.NVIDIATimestampWorkaround to 0
[2018.09.17-03.22.27:985][  0]LogD3D11RHI: Async texture creation enabled
[2018.09.17-03.22.27:999][  0]LogD3D11RHI: GPU Timing Frequency: 1000.000000 (Debug: 2 1)
[2018.09.17-03.22.28:047][  0]LogShaderCompilers: Guid format shader working directory is -7 characters bigger than the processId version (F:/My Documents/GitHub/Sands/SourceCode/SandsProject/Intermediate/Shaders/WorkingDirectory/16352/).
[2018.09.17-03.22.28:048][  0]LogShaderCompilers: Cleaned the shader compiler working directory 'C:/Users/Elena/AppData/Local/Temp/UnrealShaderWorkingDir/F17F3A1F43794C94EE8B55A5D98E1C2B/'.
[2018.09.17-03.22.28:529][  0]LogTemp: Display: Loaded TP AllDesktopTargetPlatform
[2018.09.17-03.22.28:552][  0]LogTemp: Display: Loaded TP MacClientTargetPlatform
[2018.09.17-03.22.28:576][  0]LogTemp: Display: Loaded TP MacNoEditorTargetPlatform
[2018.09.17-03.22.28:600][  0]LogTemp: Display: Loaded TP MacServerTargetPlatform
[2018.09.17-03.22.28:627][  0]LogTemp: Display: Loaded TP MacTargetPlatform
[2018.09.17-03.22.28:655][  0]LogTemp: Display: Loaded TP WindowsClientTargetPlatform
[2018.09.17-03.22.28:679][  0]LogTemp: Display: Loaded TP WindowsNoEditorTargetPlatform
[2018.09.17-03.22.28:701][  0]LogTemp: Display: Loaded TP WindowsServerTargetPlatform
[2018.09.17-03.22.28:713][  0]LogTemp: Display: Loaded TP WindowsTargetPlatform
[2018.09.17-03.22.28:856][  0]LogTemp: Display: Loaded TP AndroidTargetPlatform
[2018.09.17-03.22.28:856][  0]LogTemp: Display: Loaded TP AndroidTargetPlatform
[2018.09.17-03.22.28:856][  0]LogTemp: Display: Loaded TP AndroidTargetPlatform
[2018.09.17-03.22.28:856][  0]LogTemp: Display: Loaded TP AndroidTargetPlatform
[2018.09.17-03.22.28:856][  0]LogTemp: Display: Loaded TP AndroidTargetPlatform
[2018.09.17-03.22.28:856][  0]LogTemp: Display: Loaded TP AndroidTargetPlatform
[2018.09.17-03.22.28:856][  0]LogTemp: Display: Loaded TP AndroidTargetPlatform
[2018.09.17-03.22.28:856][  0]LogTemp: Display: Loaded TP AndroidTargetPlatform
[2018.09.17-03.22.28:856][  0]LogTemp: Display: Loaded TP AndroidTargetPlatform
[2018.09.17-03.22.28:856][  0]LogTemp: Display: Loaded TP AndroidTargetPlatform
[2018.09.17-03.22.28:856][  0]LogTemp: Display: Loaded TP AndroidTargetPlatform
[2018.09.17-03.22.28:856][  0]LogTemp: Display: Loaded TP AndroidTargetPlatform
[2018.09.17-03.22.28:856][  0]LogTemp: Display: Loaded TP AndroidTargetPlatform
[2018.09.17-03.22.28:856][  0]LogTemp: Display: Loaded TP AndroidTargetPlatform
[2018.09.17-03.22.28:857][  0]LogTemp: Display: Loaded TP AndroidTargetPlatform
[2018.09.17-03.22.28:857][  0]LogTemp: Display: Loaded TP AndroidTargetPlatform
[2018.09.17-03.22.28:857][  0]LogTemp: Display: Loaded TP AndroidTargetPlatform
[2018.09.17-03.22.28:857][  0]LogTemp: Display: Loaded TP AndroidTargetPlatform
[2018.09.17-03.22.28:859][  0]LogTemp: Display: Loaded TP HTML5TargetPlatform
[2018.09.17-03.22.28:940][  0]LogTemp: Display: Loaded TP IOSTargetPlatform
[2018.09.17-03.22.28:940][  0]LogTemp: Display: Loaded TP IOSTargetPlatform
[2018.09.17-03.22.28:980][  0]LogTemp: Display: Loaded TP TVOSTargetPlatform
[2018.09.17-03.22.28:980][  0]LogTemp: Display: Loaded TP TVOSTargetPlatform
[2018.09.17-03.22.29:001][  0]LogTemp: Display: Loaded TP LinuxClientTargetPlatform
[2018.09.17-03.22.29:022][  0]LogTemp: Display: Loaded TP LinuxNoEditorTargetPlatform
[2018.09.17-03.22.29:043][  0]LogTemp: Display: Loaded TP LinuxServerTargetPlatform
[2018.09.17-03.22.29:069][  0]LogTemp: Display: Loaded TP LinuxTargetPlatform
[2018.09.17-03.22.29:087][  0]LogTemp: Display: Loaded TP LuminTargetPlatform
[2018.09.17-03.22.29:087][  0]LogTargetPlatformManager: Display: Building Assets For Windows
[2018.09.17-03.22.29:212][  0]LogXGEController: Cleaning working directory: C:/Users/Elena/AppData/Local/Temp/UnrealXGEWorkingDir/
[2018.09.17-03.22.29:212][  0]LogXGEController: Cannot use XGE Controller as Incredibuild is not installed on this machine.
[2018.09.17-03.22.29:212][  0]LogShaderCompilers: Cannot use XGE Shader Compiler as Incredibuild is not installed on this machine.
[2018.09.17-03.22.29:212][  0]LogShaderCompilers: Display: Using Local Shader Compiler.
[2018.09.17-03.22.30:592][  0]LogDerivedDataCache: Display: Max Cache Size: 512 MB
[2018.09.17-03.22.30:939][  0]LogDerivedDataCache: Loaded boot cache 0.35s 71MB C:/Users/Elena/AppData/Local/UnrealEngine/4.20/DerivedDataCache/Boot.ddc.
[2018.09.17-03.22.30:940][  0]LogDerivedDataCache: Display: Loaded Boot cache: C:/Users/Elena/AppData/Local/UnrealEngine/4.20/DerivedDataCache/Boot.ddc
[2018.09.17-03.22.30:940][  0]LogDerivedDataCache: FDerivedDataBackendGraph:  Pak pak cache file F:/My Documents/GitHub/Sands/SourceCode/SandsProject/DerivedDataCache/DDC.ddp not found, will not use a pak cache.
[2018.09.17-03.22.30:940][  0]LogDerivedDataCache: Unable to find inner node Pak for hierarchical cache Hierarchy.
[2018.09.17-03.22.30:940][  0]LogDerivedDataCache: FDerivedDataBackendGraph:  CompressedPak pak cache file F:/My Documents/GitHub/Sands/SourceCode/SandsProject/DerivedDataCache/Compressed.ddp not found, will not use a pak cache.
[2018.09.17-03.22.30:940][  0]LogDerivedDataCache: Unable to find inner node CompressedPak for hierarchical cache Hierarchy.
[2018.09.17-03.22.30:963][  0]LogDerivedDataCache: Display: Pak cache opened for reading ../../../Engine/DerivedDataCache/Compressed.ddp.
[2018.09.17-03.22.30:978][  0]LogDerivedDataCache: Using Local data cache path C:/Users/Elena/AppData/Local/UnrealEngine/Common/DerivedDataCache: Writable
[2018.09.17-03.22.30:978][  0]LogDerivedDataCache: Shared data cache path not found in *engine.ini, will not use an Shared cache.
[2018.09.17-03.22.30:978][  0]LogDerivedDataCache: Unable to find inner node Shared for hierarchical cache Hierarchy.
[2018.09.17-03.22.31:013][  0]LogMaterial: Verifying Global Shaders for PCD3D_SM5
[2018.09.17-03.22.31:015][  0]LogSlate: Using FreeType 2.6.0
[2018.09.17-03.22.31:033][  0]LogSlate: SlateFontServices - WITH_FREETYPE: 1, WITH_HARFBUZZ: 1
[2018.09.17-03.22.32:000][  0]LogAssetRegistry: FAssetRegistry took 0.0308 seconds to start up
[2018.09.17-03.22.32:718][  0]LogInit: Selected Device Profile: [Windows]
[2018.09.17-03.22.33:001][  0]LogSimplygon: Simplygon DLL not present - disabling.
[2018.09.17-03.22.33:009][  0]LogMeshReduction: Using SimplygonSwarm for distributed automatic mesh merging
[2018.09.17-03.22.33:009][  0]LogMeshReduction: Using ProxyLODMeshReduction for automatic mesh merging
[2018.09.17-03.22.33:009][  0]LogMeshReduction: Using QuadricMeshReduction for automatic static mesh reduction
[2018.09.17-03.22.33:009][  0]LogMeshReduction: No automatic skeletal mesh reduction module available
[2018.09.17-03.22.33:032][  0]LogNetVersion: SandsProject 1.0.0, NetCL: 4212847, EngineNetVer: 5, GameNetVer: 0 (Checksum: 3328798503)
[2018.09.17-03.22.34:089][  0]LogPackageLocalizationCache: Processed 11 localized package path(s) for 2 prioritized culture(s) in 0.334236 seconds
[2018.09.17-03.22.34:099][  0]LogUObjectArray: 38425 objects as part of root set at end of initial load.
[2018.09.17-03.22.34:099][  0]LogUObjectAllocator: 6690872 out of 0 bytes used by permanent object pool.
[2018.09.17-03.22.34:099][  0]LogUObjectArray: CloseDisregardForGC: 0/0 objects in disregard for GC pool
[2018.09.17-03.22.52:206][  0]LogTcpMessaging: Initializing TcpMessaging bridge
[2018.09.17-03.22.52:221][  0]LogUdpMessaging: Initializing bridge on interface 0.0.0.0:0 to multicast group 230.0.0.1:6666.
[2018.09.17-03.22.52:435][  0]SourceControl: Source control is disabled
[2018.09.17-03.22.52:435][  0]SourceControl: Source control is disabled
[2018.09.17-03.22.52:439][  0]SourceControl: Source control is disabled
[2018.09.17-03.22.52:441][  0]SourceControl: Source control is disabled
[2018.09.17-03.22.52:726][  0]LogAndroidPermission: UAndroidPermissionCallbackProxy::GetInstance
[2018.09.17-03.22.52:816][  0]LogOcInput: OculusInput pre-init called
[2018.09.17-03.22.53:059][  0]LogEngine: Initializing Engine...
[2018.09.17-03.22.53:061][  0]LogHMD: Failed to initialize OpenVR with code 110
[2018.09.17-03.22.53:064][  0]LogStats: UGameplayTagsManager::ConstructGameplayTagTree: ImportINI prefixes -  0.000 s
[2018.09.17-03.22.53:064][  0]LogStats: UGameplayTagsManager::ConstructGameplayTagTree: Construct from data asset -  0.000 s
[2018.09.17-03.22.53:064][  0]LogStats: UGameplayTagsManager::ConstructGameplayTagTree: ImportINI -  0.000 s
[2018.09.17-03.22.53:064][  0]LogStats: UGameplayTagsManager::ConstructGameplayTagTree: GameplayTagTreeChangedEvent.Broadcast -  0.000 s
[2018.09.17-03.22.53:416][  0]LogInit: Initializing FReadOnlyCVARCache
[2018.09.17-03.22.53:445][  0]LogAIModule: Creating AISystem for world Untitled
[2018.09.17-03.22.53:456][  0]LogInit: XAudio2 using 'Speakers (Realtek High Definition Audio)' : 2 channels at 48 kHz using 32 bits per sample (channel mask 0x3)
[2018.09.17-03.22.53:508][  0]LogInit: FAudioDevice initialized.
[2018.09.17-03.22.53:508][  0]LogNetVersion: Set ProjectVersion to 1.0.0.0. Version Checksum will be recalculated on next use.
[2018.09.17-03.22.53:723][  0]LogDerivedDataCache: Saved boot cache 0.22s 71MB C:/Users/Elena/AppData/Local/UnrealEngine/4.20/DerivedDataCache/Boot.ddc.
[2018.09.17-03.22.53:735][  0]LogInit: Texture streaming: Enabled
[2018.09.17-03.22.53:776][  0]LogEngineSessionManager: EngineSessionManager initialized
[2018.09.17-03.22.53:804][  0]LogInit: Transaction tracking system initialized
[2018.09.17-03.22.53:850][  0]BlueprintLog: New page: Editor Load
[2018.09.17-03.22.54:042][  0]LocalizationService: Localization service is disabled
[2018.09.17-03.22.54:477][  0]LogCook: Display: Max memory allowance for cook 16384mb min free memory 0mb
[2018.09.17-03.22.54:477][  0]LogCook: Display: Mobile HDR setting 1
[2018.09.17-03.22.54:477][  0]LogGameplayTags: Display: UGameplayTagsManager::DoneAddingNativeTags. DelegateIsBound: 0
[2018.09.17-03.22.54:477][  0]LogStats: UGameplayTagsManager::ConstructGameplayTagTree: ImportINI prefixes -  0.000 s
[2018.09.17-03.22.54:477][  0]LogStats: UGameplayTagsManager::ConstructGameplayTagTree: Construct from data asset -  0.000 s
[2018.09.17-03.22.54:477][  0]LogStats: UGameplayTagsManager::ConstructGameplayTagTree: ImportINI -  0.000 s
[2018.09.17-03.22.54:477][  0]LogStats: UGameplayTagsManager::ConstructGameplayTagTree: GameplayTagTreeChangedEvent.Broadcast -  0.000 s
[2018.09.17-03.22.54:701][  0]LogFileCache: Scanning file cache for directory 'F:/My Documents/GitHub/Sands/SourceCode/SandsProject/Content/' took 0.02s
[2018.09.17-03.22.54:701][  0]SourceControl: Source control is disabled
[2018.09.17-03.22.54:702][  0]Cmd: MAP LOAD FILE="F:/My Documents/GitHub/Sands/SourceCode/SandsProject/Content/ThirdPersonBP/Maps/MainMenuLevel.umap" TEMPLATE=0 SHOWPROGRESS=1 FEATURELEVEL=3
[2018.09.17-03.22.54:702][  0]LightingResults: New page: Lighting Build
[2018.09.17-03.22.54:709][  0]MapCheck: New page: Map Check
[2018.09.17-03.22.54:709][  0]LightingResults: New page: Lighting Build
[2018.09.17-03.22.54:876][  0]LogAIModule: Creating AISystem for world MainMenuLevel
[2018.09.17-03.22.54:877][  0]LogEditorServer: Finished looking for orphan Actors (0.000 secs)
[2018.09.17-03.22.54:906][  0]Cmd: MAP CHECKDEP NOCLEARLOG
[2018.09.17-03.22.55:065][  0]MapCheck: Map check complete: 0 Error(s), 0 Warning(s), took 158.269ms to complete.
[2018.09.17-03.22.55:065][  0]LogFileHelpers: Loading map 'MainMenuLevel' took 0.363
[2018.09.17-03.22.55:396][  0]LogSlate: Updating window title bar state: overlay mode, drag disabled, window buttons hidden, title bar hidden
[2018.09.17-03.22.55:408][  0]LogSlate: Updating window title bar state: overlay mode, drag disabled, window buttons hidden, title bar hidden
[2018.09.17-03.22.55:421][  0]LogSlate: Updating window title bar state: overlay mode, drag disabled, window buttons hidden, title bar hidden
[2018.09.17-03.22.55:437][  0]LogSlate: Updating window title bar state: overlay mode, drag disabled, window buttons hidden, title bar hidden
[2018.09.17-03.22.55:450][  0]LogCollectionManager: Loaded 0 collections in 0.003780 seconds
[2018.09.17-03.22.55:495][  0]LogFileCache: Scanning file cache for directory 'F:/My Documents/GitHub/Sands/SourceCode/SandsProject/Saved/Collections/' took 0.01s
[2018.09.17-03.22.55:496][  0]LogFileCache: Scanning file cache for directory 'F:/My Documents/GitHub/Sands/SourceCode/SandsProject/Content/Developers/Elena/Collections/' took 0.01s
[2018.09.17-03.22.55:496][  0]LogFileCache: Scanning file cache for directory 'F:/My Documents/GitHub/Sands/SourceCode/SandsProject/Content/Collections/' took 0.01s
[2018.09.17-03.22.55:496][  0]LogCollectionManager: Rebuilt the GUID cache for 0 collections in 0.000001 seconds
[2018.09.17-03.22.55:515][  0]LogContentBrowser: Native class hierarchy populated in 0.0192 seconds. Added 2572 classes and 603 folders.
[2018.09.17-03.22.55:527][  0]LogContentBrowser: Native class hierarchy updated for 'WidgetCarousel' in 0.0004 seconds. Added 0 classes and 0 folders.
[2018.09.17-03.22.56:273][  0]LogContentBrowser: Native class hierarchy updated for 'AddContentDialog' in 0.0007 seconds. Added 0 classes and 0 folders.
[2018.09.17-03.22.56:291][  0]LogContentBrowser: Native class hierarchy updated for 'SceneOutliner' in 0.0007 seconds. Added 1 classes and 2 folders.
[2018.09.17-03.22.56:404][  0]LogSlate: Took 0.000432 seconds to synchronously load lazily loaded font '../../../Engine/Content/Slate/Fonts/Roboto-Regular.ttf' (155K)
[2018.09.17-03.22.56:440][  0]LogSlate: Took 0.033032 seconds to synchronously load lazily loaded font '../../../Engine/Content/Slate/Fonts/Roboto-Bold.ttf' (160K)
[2018.09.17-03.22.56:464][  0]LogSlate: Took 0.015822 seconds to synchronously load lazily loaded font '../../../Engine/Content/Editor/Slate/Fonts/FontAwesome.ttf' (139K)
[2018.09.17-03.22.56:597][  0]LogRenderer: Reallocating scene render targets to support 1168x600 Format 10 NumSamples 1 (Frame:1).
[2018.09.17-03.22.56:873][  0]LogContentBrowser: Native class hierarchy updated for 'HierarchicalLODOutliner' in 0.0006 seconds. Added 0 classes and 0 folders.
[2018.09.17-03.22.56:873][  0]LogLoad: (Engine Initialization) Total time: 34.04 seconds
[2018.09.17-03.22.56:873][  0]LogLoad: (Engine Initialization) Total Blueprint compile time: 0.00 seconds
[2018.09.17-03.22.56:919][  0]LogContentStreaming: Texture pool size now 1000 MB
[2018.09.17-03.22.56:962][  0]LogSlate: Took 0.000303 seconds to synchronously load lazily loaded font '../../../Engine/Content/Slate/Fonts/Roboto-Light.ttf' (167K)
[2018.09.17-03.22.57:476][  0]LogD3D11RHI: Timed out while waiting for GPU to catch up. (0.5 s)
[2018.09.17-03.22.57:812][  2]LogAssetRegistry: Asset discovery search completed in 25.8352 seconds
[2018.09.17-03.22.57:815][  2]LogCollectionManager: Rebuilt the object cache for 0 collections in 0.000001 seconds (found 0 objects)
[2018.09.17-03.22.57:815][  2]LogCollectionManager: Fixed up redirectors for 0 collections in 0.000182 seconds (updated 0 objects)
[2018.09.17-03.23.21:890][160]LogSlate: FSceneViewport::OnFocusLost() reason 0
[2018.09.17-03.23.26:686][443]LogSlate: Took 0.000435 seconds to synchronously load lazily loaded font '../../../Engine/Content/Slate/Fonts/Roboto-Light.ttf' (167K)
[2018.09.17-03.23.26:696][443]LogAssetEditorManager: Opening Asset editor for WidgetBlueprint /Game/ThirdPersonBP/Blueprints/Cutscenes/CutScene_Player_Widget.CutScene_Player_Widget
[2018.09.17-03.23.27:592][443]LogContentBrowser: Native class hierarchy updated for 'BlueprintGraph' in 0.0013 seconds. Added 116 classes and 0 folders.
[2018.09.17-03.23.29:083][443]LogSlate: Took 0.000405 seconds to synchronously load lazily loaded font '../../../Engine/Content/Slate/Fonts/Roboto-BoldCondensed.ttf' (158K)
[2018.09.17-03.23.33:184][617]LogSlate: Window 'CutScene_Player_Widget' being destroyed
[2018.09.17-03.23.33:192][617]LogSlate: Window 'CutScene_Player_Widget' being destroyed
[2018.09.17-03.23.39:684][972]LogAIModule: Creating AISystem for world LevelOneCutscenesAndMain
[2018.09.17-03.23.39:689][972]LogAssetEditorManager: Opening Asset editor for World /Game/ThirdPersonBP/Maps/LevelOneCutscenesAndMain.LevelOneCutscenesAndMain
[2018.09.17-03.23.39:731][972]Cmd: MAP LOAD FILE="F:/My Documents/GitHub/Sands/SourceCode/SandsProject/Content/ThirdPersonBP/Maps/LevelOneCutscenesAndMain.umap" TEMPLATE=0 SHOWPROGRESS=1 FEATURELEVEL=3
[2018.09.17-03.23.39:732][972]LightingResults: New page: Lighting Build
[2018.09.17-03.23.39:733][972]LoadErrors: New page: Loading map: LevelOneCutscenesAndMain.umap
[2018.09.17-03.23.39:733][972]MapCheck: New page: Map Check
[2018.09.17-03.23.39:733][972]LightingResults: New page: Lighting Build
[2018.09.17-03.23.39:882][972]LogEditorServer: Finished looking for orphan Actors (0.000 secs)
[2018.09.17-03.23.39:962][972]Cmd: MAP CHECKDEP NOCLEARLOG
[2018.09.17-03.23.40:143][972]MapCheck: Map check complete: 0 Error(s), 0 Warning(s), took 180.101ms to complete.
[2018.09.17-03.23.40:145][972]LogFileHelpers: Loading map 'LevelOneCutscenesAndMain' took 0.415
[2018.09.17-03.23.53:668][609]LogAssetEditorManager: Opening Asset editor for LevelScriptBlueprint /Game/ThirdPersonBP/Maps/LevelOneCutscenesAndMain.LevelOneCutscenesAndMain:PersistentLevel.LevelOneCutscenesAndMain
[2018.09.17-03.23.54:348][610]LogSlate: Took 0.009233 seconds to synchronously load lazily loaded font '../../../Engine/Content/Slate/Fonts/Roboto-Italic.ttf' (157K)
[2018.09.17-03.30.25:229][702]LogEditorTransaction: Undo Delete current selection
[2018.09.17-03.30.25:728][706]LogEditorTransaction: Undo Move Node
[2018.09.17-03.30.26:188][709]LogEditorTransaction: Undo Add Node
[2018.09.17-03.30.26:800][719]LogEditorTransaction: Undo Move Node
[2018.09.17-03.30.27:265][739]LogEditorTransaction: Undo Move Node
[2018.09.17-03.30.27:701][758]LogEditorTransaction: Undo Create Pin Link
[2018.09.17-03.30.28:525][800]LogEditorTransaction: Undo Create Pin Link
[2018.09.17-03.30.28:973][812]LogEditorTransaction: Undo Create Pin Link
[2018.09.17-03.30.29:683][823]LogEditorTransaction: Undo Move Node
[2018.09.17-03.30.30:644][839]LogEditorTransaction: Undo Rename Variable
[2018.09.17-03.30.31:250][864]LogEditorTransaction: Undo Promote To Variable
[2018.09.17-03.30.37:490][ 95]BlueprintLog: New page: Compile LevelOneCutscenesAndMain
[2018.09.17-03.30.46:126][308]LogSavePackage: Moving 'F:/My Documents/GitHub/Sands/SourceCode/SandsProject/Saved/LevelOneCutscenesAndMain56642A3640019F552CE3348F80C9594F.tmp' to 'F:/My Documents/GitHub/Sands/SourceCode/SandsProject/Content/ThirdPersonBP/Maps/LevelOneCutscenesAndMain.umap'
[2018.09.17-03.30.46:328][308]LogFileHelpers: Saving map 'LevelOneCutscenesAndMain' took 1.749
[2018.09.17-03.30.48:084][390]LogTemp: Repeating last play command: Selected Viewport
[2018.09.17-03.30.48:123][390]LogBlueprintUserMessages: Early PlayInEditor Detection: Level '/Game/ThirdPersonBP/Maps/LevelOneCutscenesAndMain.LevelOneCutscenesAndMain:PersistentLevel' has LevelScriptBlueprint '/Game/ThirdPersonBP/Maps/LevelOneCutscenesAndMain.LevelOneCutscenesAndMain:PersistentLevel.LevelOneCutscenesAndMain' with GeneratedClass '/Game/ThirdPersonBP/Maps/LevelOneCutscenesAndMain.LevelOneCutscenesAndMain_C' with ClassGeneratedBy '/Game/ThirdPersonBP/Maps/LevelOneCutscenesAndMain.LevelOneCutscenesAndMain:PersistentLevel.LevelOneCutscenesAndMain'
[2018.09.17-03.30.48:123][390]LogPlayLevel: PlayLevel: No blueprints needed recompiling
[2018.09.17-03.30.48:138][390]PIE: New page: PIE session: LevelOneCutscenesAndMain (Sep 16, 2018, 5:30:48 PM)
[2018.09.17-03.30.48:138][390]LogPlayLevel: Creating play world package: /Game/ThirdPersonBP/Maps/UEDPIE_0_LevelOneCutscenesAndMain
[2018.09.17-03.30.48:144][390]LogPlayLevel: PIE: StaticDuplicateObject took: (0.005735s)
[2018.09.17-03.30.48:145][390]LogAIModule: Creating AISystem for world LevelOneCutscenesAndMain
[2018.09.17-03.30.48:145][390]LogPlayLevel: PIE: World Init took: (0.001391s)
[2018.09.17-03.30.48:145][390]LogPlayLevel: PIE: Created PIE world by copying editor world from /Game/ThirdPersonBP/Maps/LevelOneCutscenesAndMain.LevelOneCutscenesAndMain to /Game/ThirdPersonBP/Maps/UEDPIE_0_LevelOneCutscenesAndMain.LevelOneCutscenesAndMain (0.007493s)
[2018.09.17-03.30.48:196][390]LogInit: XAudio2 using 'Speakers (Realtek High Definition Audio)' : 2 channels at 48 kHz using 32 bits per sample (channel mask 0x3)
[2018.09.17-03.30.48:216][390]LogInit: FAudioDevice initialized.
[2018.09.17-03.30.48:266][390]LogLoad: Game class is 'ThirdPersonGameMode_C'
[2018.09.17-03.30.48:267][390]LogWorld: Bringing World /Game/ThirdPersonBP/Maps/UEDPIE_0_LevelOneCutscenesAndMain.LevelOneCutscenesAndMain up for play (max tick rate 60) at 2018.09.16-22.30.48
[2018.09.17-03.30.48:268][390]LogWorld: Bringing up level for play took: 0.000679
[2018.09.17-03.30.48:298][390]LogContentBrowser: Native class hierarchy updated for 'MovieSceneCapture' in 0.0005 seconds. Added 10 classes and 0 folders.
[2018.09.17-03.30.48:305][390]PIE: Play in editor start time for /Game/ThirdPersonBP/Maps/UEDPIE_0_LevelOneCutscenesAndMain 0.167
[2018.09.17-03.30.48:306][390]LogBlueprintUserMessages: Late PlayInEditor Detection: Level '/Game/ThirdPersonBP/Maps/LevelOneCutscenesAndMain.LevelOneCutscenesAndMain:PersistentLevel' has LevelScriptBlueprint '/Game/ThirdPersonBP/Maps/LevelOneCutscenesAndMain.LevelOneCutscenesAndMain:PersistentLevel.LevelOneCutscenesAndMain' with GeneratedClass '/Game/ThirdPersonBP/Maps/LevelOneCutscenesAndMain.LevelOneCutscenesAndMain_C' with ClassGeneratedBy '/Game/ThirdPersonBP/Maps/LevelOneCutscenesAndMain.LevelOneCutscenesAndMain:PersistentLevel.LevelOneCutscenesAndMain'
[2018.09.17-03.30.56:190][755]LogBlueprintUserMessages: [LevelOneCutscenesAndMain_C_1] Key Held
[2018.09.17-03.30.59:738][916]LogBlueprintUserMessages: [LevelOneCutscenesAndMain_C_1] Key Held
[2018.09.17-03.30.59:807][917]LogNet: Browse: /Game/ThirdPersonBP/Maps/ThirdPersonExampleMap
[2018.09.17-03.30.59:808][917]LogLoad: LoadMap: /Game/ThirdPersonBP/Maps/ThirdPersonExampleMap
[2018.09.17-03.31.01:110][917]LogAIModule: Creating AISystem for world ThirdPersonExampleMap
[2018.09.17-03.31.01:111][917]LogLoad: Game class is 'ThirdPersonGameMode_C'
[2018.09.17-03.31.01:142][917]LogWorld: Bringing World /Game/ThirdPersonBP/Maps/UEDPIE_0_ThirdPersonExampleMap.ThirdPersonExampleMap up for play (max tick rate 60) at 2018.09.16-22.31.01
[2018.09.17-03.31.01:145][917]LogWorld: Bringing up level for play took: 0.030058
[2018.09.17-03.31.01:156][917]LogBlueprintUserMessages: [pause_widget_C_0] Is Hidden
[2018.09.17-03.31.01:156][917]LogLoad: Took 1.348219 seconds to LoadMap(/Game/ThirdPersonBP/Maps/ThirdPersonExampleMap)
[2018.09.17-03.31.04:230][ 10]LogBlueprintUserMessages: Early EndPlayMap Detection: Level '/Game/ThirdPersonBP/Maps/LevelOneCutscenesAndMain.LevelOneCutscenesAndMain:PersistentLevel' has LevelScriptBlueprint '/Game/ThirdPersonBP/Maps/LevelOneCutscenesAndMain.LevelOneCutscenesAndMain:PersistentLevel.LevelOneCutscenesAndMain' with GeneratedClass '/Game/ThirdPersonBP/Maps/LevelOneCutscenesAndMain.LevelOneCutscenesAndMain_C' with ClassGeneratedBy '/Game/ThirdPersonBP/Maps/LevelOneCutscenesAndMain.LevelOneCutscenesAndMain:PersistentLevel.LevelOneCutscenesAndMain'
[2018.09.17-03.31.04:238][ 10]LogSlate: Updating window title bar state: overlay mode, drag disabled, window buttons hidden, title bar hidden
[2018.09.17-03.31.04:286][ 10]LogPlayLevel: Display: Shutting down PIE online subsystems
[2018.09.17-03.31.04:286][ 10]LogBlueprintUserMessages: Late EndPlayMap Detection: Level '/Game/ThirdPersonBP/Maps/LevelOneCutscenesAndMain.LevelOneCutscenesAndMain:PersistentLevel' has LevelScriptBlueprint '/Game/ThirdPersonBP/Maps/LevelOneCutscenesAndMain.LevelOneCutscenesAndMain:PersistentLevel.LevelOneCutscenesAndMain' with GeneratedClass '/Game/ThirdPersonBP/Maps/LevelOneCutscenesAndMain.LevelOneCutscenesAndMain_C' with ClassGeneratedBy '/Game/ThirdPersonBP/Maps/LevelOneCutscenesAndMain.LevelOneCutscenesAndMain:PersistentLevel.LevelOneCutscenesAndMain'
[2018.09.17-03.31.04:327][ 10]LogSlate: Updating window title bar state: overlay mode, drag disabled, window buttons hidden, title bar hidden
[2018.09.17-03.31.04:369][ 11]LogPlayLevel: Display: Destroying online subsystem :Context_5
[2018.09.17-03.31.07:509][156]LogSlate: FSceneViewport::OnFocusLost() reason 0
[2018.09.17-03.31.11:659][348]LogAssetEditorManager: Opening Asset editor for MediaPlayer /Game/Movies/CutscenePlayer.CutscenePlayer
[2018.09.17-03.31.11:705][348]LogMaterial: Display: Missing cached shader map for material Material_0, compiling. 
[2018.09.17-03.31.11:793][348]LogShaderCompilers: Display: Shaders left to compile 14
[2018.09.17-03.31.11:793][348]LogShaderCompilers: Display: Shaders left to compile 4
[2018.09.17-03.31.11:895][348]LogContentBrowser: Verbose: The majority of assets in the view are of type: FileMediaSource
[2018.09.17-03.32.11:080][689]LogAssetTools: Warning: Failed to import 'C:\Users\Elena\Desktop\bibo_blink.gif'. Unknown extension 'gif'.
[2018.09.17-03.36.45:535][540]LogFactory: FactoryCreateFile: FileMediaSource with AndroidFileMediaSourceFactory (0 0 C:\Users\Elena\Desktop\SandsDevCap2.mp4)
[2018.09.17-03.36.49:245][616]LogAssetEditorManager: Opening Asset editor for FileMediaSource /Game/Movies/Cutscenes/SandsDevCap2.SandsDevCap2
[2018.09.17-03.36.50:672][685]LogSlate: Window 'SandsDevCap2* - Generic Asset Editor' being destroyed
[2018.09.17-03.36.50:691][685]LogSlate: Window 'SandsDevCap2* - Generic Asset Editor' being destroyed
[2018.09.17-03.36.52:656][793]LogAssetEditorManager: Opening Asset editor for MediaPlayer /Game/Movies/CutscenePlayer.CutscenePlayer
[2018.09.17-03.36.52:680][793]LogMaterial: Display: Missing cached shader map for material Material_1, compiling. 
[2018.09.17-03.36.52:741][793]LogShaderCompilers: Display: Shaders left to compile 14
[2018.09.17-03.36.52:741][793]LogShaderCompilers: Display: Shaders left to compile 4
[2018.09.17-03.36.52:817][793]LogContentBrowser: Verbose: The majority of assets in the view are of type: FileMediaSource
[2018.09.17-03.37.14:679][698]LogAssetEditorManager: Opening Asset editor for FileMediaSource /Game/Movies/Cutscenes/SandsDevCap2.SandsDevCap2
[2018.09.17-03.37.19:026][866]LogSlate: Window 'SandsDevCap2* - Generic Asset Editor' being destroyed
[2018.09.17-03.37.19:045][866]LogSlate: Window 'SandsDevCap2* - Generic Asset Editor' being destroyed
[2018.09.17-03.37.33:129][458]LogSlate: Window 'Delete Assets' being destroyed
[2018.09.17-03.37.44:147][993]LogAssetEditorManager: Opening Asset editor for World /Game/ThirdPersonBP/Maps/LevelOneCutscenesAndMain.LevelOneCutscenesAndMain
[2018.09.17-03.37.44:269][993]Cmd: MAP LOAD FILE="F:/My Documents/GitHub/Sands/SourceCode/SandsProject/Content/ThirdPersonBP/Maps/LevelOneCutscenesAndMain.umap" TEMPLATE=0 SHOWPROGRESS=1 FEATURELEVEL=3
[2018.09.17-03.37.44:270][993]LightingResults: New page: Lighting Build
[2018.09.17-03.37.44:273][993]LoadErrors: New page: Loading map: LevelOneCutscenesAndMain.umap
[2018.09.17-03.37.44:274][993]MapCheck: New page: Map Check
[2018.09.17-03.37.44:275][993]LightingResults: New page: Lighting Build
[2018.09.17-03.37.44:595][993]LogAIModule: Creating AISystem for world LevelOneCutscenesAndMain
[2018.09.17-03.37.44:965][993]LogEditorServer: Finished looking for orphan Actors (0.000 secs)
[2018.09.17-03.37.45:205][993]Cmd: MAP CHECKDEP NOCLEARLOG
[2018.09.17-03.37.45:671][993]MapCheck: Map check complete: 0 Error(s), 0 Warning(s), took 465.039ms to complete.
[2018.09.17-03.37.45:674][993]LogFileHelpers: Loading map 'LevelOneCutscenesAndMain' took 1.410
[2018.09.17-03.37.46:435][ 29]LogD3D11RHI: Error: D:\Build\++UE4\Sync\Engine\Source\Runtime\Windows\D3D11RHI\Private\D3D11Viewport.cpp:(218): BackBuffer->GetResource() has 2 refs, expected 1
[2018.09.17-03.37.46:435][ 29]LogD3D11RHI: Error: SwapChain->ResizeBuffers(1,SizeX,SizeY,RenderTargetFormat,DXGI_SWAP_CHAIN_FLAG_ALLOW_MODE_SWITCH) failed 
 at D:\Build\++UE4\Sync\Engine\Source\Runtime\Windows\D3D11RHI\Private\D3D11Viewport.cpp:235 
 with error DXGI_ERROR_INVALID_CALL, 
 Size=595x253 Format=DXGI_FORMAT_R10G10B10A2_UNORM(0x00000018)
[2018.09.17-03.37.46:435][ 29]LogWindows: Windows GetLastError: The operation completed successfully. (0)
[2018.09.17-03.37.50:203][ 29]LogWindows: Error: === Critical error: ===
[2018.09.17-03.37.50:203][ 29]LogWindows: Error: 
[2018.09.17-03.37.50:203][ 29]LogWindows: Error: Fatal error: [File:D:\Build\++UE4\Sync\Engine\Source\Runtime\Windows\D3D11RHI\Private\D3D11Util.cpp] [Line: 345] 
[2018.09.17-03.37.50:203][ 29]LogWindows: Error: SwapChain->ResizeBuffers(1,SizeX,SizeY,RenderTargetFormat,DXGI_SWAP_CHAIN_FLAG_ALLOW_MODE_SWITCH) failed 
[2018.09.17-03.37.50:203][ 29]LogWindows: Error:  at D:\Build\++UE4\Sync\Engine\Source\Runtime\Windows\D3D11RHI\Private\D3D11Viewport.cpp:235 
[2018.09.17-03.37.50:203][ 29]LogWindows: Error:  with error DXGI_ERROR_INVALID_CALL, 
[2018.09.17-03.37.50:203][ 29]LogWindows: Error:  Size=595x253 Format=DXGI_FORMAT_R10G10B10A2_UNORM(0x00000018)
[2018.09.17-03.37.50:203][ 29]LogWindows: Error: 
[2018.09.17-03.37.50:203][ 29]LogWindows: Error: 
[2018.09.17-03.37.50:203][ 29]LogWindows: Error: [Callstack] 0x00007ffe2a4ea388 KERNELBASE.dll!UnknownFunction []
[2018.09.17-03.37.50:203][ 29]LogWindows: Error: [Callstack] 0x00007ffe0daa6850 UE4Editor-ApplicationCore.dll!UnknownFunction []
[2018.09.17-03.37.50:203][ 29]LogWindows: Error: [Callstack] 0x00007ffdedec62ec UE4Editor-Core.dll!UnknownFunction []
[2018.09.17-03.37.50:203][ 29]LogWindows: Error: [Callstack] 0x00007ffdede551cb UE4Editor-Core.dll!UnknownFunction []
[2018.09.17-03.37.50:203][ 29]LogWindows: Error: [Callstack] 0x00007ffdd7f6e4ff UE4Editor-D3D11RHI.dll!UnknownFunction []
[2018.09.17-03.37.50:203][ 29]LogWindows: Error: [Callstack] 0x00007ffdd7f66e18 UE4Editor-D3D11RHI.dll!UnknownFunction []
[2018.09.17-03.37.50:203][ 29]LogWindows: Error: [Callstack] 0x00007ffdd7f5e2a1 UE4Editor-D3D11RHI.dll!UnknownFunction []
[2018.09.17-03.37.50:203][ 29]LogWindows: Error: [Callstack] 0x00007ffdd7cb9eb7 UE4Editor-SlateRHIRenderer.dll!UnknownFunction []
[2018.09.17-03.37.50:203][ 29]LogWindows: Error: [Callstack] 0x00007ffdd7cd2f84 UE4Editor-SlateRHIRenderer.dll!UnknownFunction []
[2018.09.17-03.37.50:203][ 29]LogWindows: Error: [Callstack] 0x00007ffde7a1390a UE4Editor-Slate.dll!UnknownFunction []
[2018.09.17-03.37.50:203][ 29]LogWindows: Error: [Callstack] 0x00007ffde79de7cf UE4Editor-Slate.dll!UnknownFunction []
[2018.09.17-03.37.50:203][ 29]LogWindows: Error: [Callstack] 0x00007ffde7a3f010 UE4Editor-Slate.dll!UnknownFunction []
[2018.09.17-03.37.50:203][ 29]LogWindows: Error: [Callstack] 0x00007ffde7a3dd17 UE4Editor-Slate.dll!UnknownFunction []
[2018.09.17-03.37.50:203][ 29]LogWindows: Error: [Callstack] 0x00007ff6b0da6aa7 UE4Editor.exe!UnknownFunction []
[2018.09.17-03.37.50:203][ 29]LogWindows: Error: [Callstack] 0x00007ff6b0db5b3c UE4Editor.exe!UnknownFunction []
[2018.09.17-03.37.50:203][ 29]LogWindows: Error: [Callstack] 0x00007ff6b0db5bba UE4Editor.exe!UnknownFunction []
[2018.09.17-03.37.50:203][ 29]LogWindows: Error: [Callstack] 0x00007ff6b0dc3dac UE4Editor.exe!UnknownFunction []
[2018.09.17-03.37.50:203][ 29]LogWindows: Error: [Callstack] 0x00007ff6b0dc5aaa UE4Editor.exe!UnknownFunction []
[2018.09.17-03.37.50:203][ 29]LogWindows: Error: [Callstack] 0x00007ffe2d553034 KERNEL32.DLL!UnknownFunction []
[2018.09.17-03.37.50:203][ 29]LogWindows: Error: [Callstack] 0x00007ffe2dfb1461 ntdll.dll!UnknownFunction []
[2018.09.17-03.37.50:203][ 29]LogWindows: Error: 
[2018.09.17-03.37.50:223][ 29]LogExit: Executing StaticShutdownAfterError
[2018.09.17-03.37.50:227][ 29]LogWindows: FPlatformMisc::RequestExit(1)
[2018.09.17-03.37.50:233][ 29]Log file closed, 09/16/18 22:37:50
