Log file open, 09/16/18 15:03:04
LogWindows: Failed to load 'aqProf.dll' (GetLastError=126)
LogWindows: File 'aqProf.dll' does not exist
LogWindows: Failed to load 'VSPerf140.dll' (GetLastError=126)
LogWindows: File 'VSPerf140.dll' does not exist
LogWindows: Failed to load 'VtuneApi.dll' (GetLastError=126)
LogWindows: File 'VtuneApi.dll' does not exist
LogWindows: Failed to load 'VtuneApi32e.dll' (GetLastError=126)
LogWindows: File 'VtuneApi32e.dll' does not exist
LogInit: Display: Running engine for game: SandsProject
LogPlatformFile: Not using cached read wrapper
LogTaskGraph: Started task graph with 5 named threads and 23 total threads with 3 sets of task threads.
LogStats: Stats thread started at 0.649902
LogD3D11RHI: Loaded GFSDK_Aftermath_Lib.x64.dll
LogICUInternationalization: Display: ICU TimeZone Detection - Raw Offset: -6:00, Platform Override: ''
LogPluginManager: Mounting plugin Paper2D
LogPluginManager: Mounting plugin AISupport
LogPluginManager: Mounting plugin LightPropagationVolume
LogPluginManager: Mounting plugin CLionSourceCodeAccess
LogPluginManager: Mounting plugin CodeLiteSourceCodeAccess
LogPluginManager: Mounting plugin GitSourceControl
LogPluginManager: Mounting plugin KDevelopSourceCodeAccess
LogPluginManager: Mounting plugin NullSourceCodeAccess
LogPluginManager: Mounting plugin PerforceSourceControl
LogPluginManager: Mounting plugin SubversionSourceControl
LogPluginManager: Mounting plugin UObjectPlugin
LogPluginManager: Mounting plugin VisualStudioCodeSourceCodeAccess
LogPluginManager: Mounting plugin VisualStudioSourceCodeAccess
LogPluginManager: Mounting plugin XCodeSourceCodeAccess
LogPluginManager: Mounting plugin AssetManagerEditor
LogPluginManager: Mounting plugin CryptoKeys
LogPluginManager: Mounting plugin DataValidation
LogPluginManager: Mounting plugin FacialAnimation
LogPluginManager: Mounting plugin GameplayTagsEditor
LogPluginManager: Mounting plugin MacGraphicsSwitching
LogPluginManager: Mounting plugin MeshEditor
LogPluginManager: Mounting plugin MobileLauncherProfileWizard
LogPluginManager: Mounting plugin PluginBrowser
LogPluginManager: Mounting plugin SpeedTreeImporter
LogPluginManager: Mounting plugin DatasmithContent
LogPluginManager: Mounting plugin AlembicImporter
LogPluginManager: Mounting plugin AppleImageUtils
LogPluginManager: Mounting plugin AppleVision
LogPluginManager: Mounting plugin BackChannel
LogPluginManager: Mounting plugin CharacterAI
LogPluginManager: Mounting plugin GeometryCache
LogPluginManager: Mounting plugin HTML5Networking
LogPluginManager: Mounting plugin ProxyLODPlugin
LogPluginManager: Mounting plugin MagicLeap
LogPluginManager: Mounting plugin MagicLeapEmulator
LogPluginManager: Mounting plugin MagicLeapMedia
LogPluginManager: Mounting plugin AndroidMedia
LogPluginManager: Mounting plugin AvfMedia
LogPluginManager: Mounting plugin ImgMedia
LogPluginManager: Mounting plugin LinearTimecode
LogPluginManager: Mounting plugin MediaCompositing
LogPluginManager: Mounting plugin MediaPlayerEditor
LogPluginManager: Mounting plugin WmfMedia
LogPluginManager: Mounting plugin TcpMessaging
LogPluginManager: Mounting plugin UdpMessaging
LogPluginManager: Mounting plugin ActorSequence
LogPluginManager: Mounting plugin LevelSequenceEditor
LogPluginManager: Mounting plugin MatineeToLevelSequence
LogPluginManager: Mounting plugin NetcodeUnitTest
LogPluginManager: Mounting plugin NUTUnrealEngine4
LogPluginManager: Mounting plugin OnlineSubsystemGooglePlay
LogPluginManager: Mounting plugin OnlineSubsystemIOS
LogPluginManager: Mounting plugin OnlineSubsystem
LogPluginManager: Mounting plugin OnlineSubsystemNull
LogPluginManager: Mounting plugin OnlineSubsystemUtils
LogPluginManager: Mounting plugin LauncherChunkInstaller
LogPluginManager: Mounting plugin AndroidDeviceProfileSelector
LogPluginManager: Mounting plugin AndroidMoviePlayer
LogPluginManager: Mounting plugin AndroidPermission
LogPluginManager: Mounting plugin AppleMoviePlayer
LogPluginManager: Mounting plugin ArchVisCharacter
LogPluginManager: Mounting plugin AudioCapture
LogPluginManager: Mounting plugin CableComponent
LogPluginManager: Mounting plugin CustomMeshComponent
LogPluginManager: Mounting plugin EditableMesh
LogPluginManager: Mounting plugin ExampleDeviceProfileSelector
LogPluginManager: Mounting plugin GoogleCloudMessaging
LogPluginManager: Mounting plugin ImmediatePhysics
LogPluginManager: Mounting plugin IOSDeviceProfileSelector
LogPluginManager: Mounting plugin LinuxDeviceProfileSelector
LogPluginManager: Mounting plugin LocationServicesBPLibrary
LogPluginManager: Mounting plugin MobilePatchingUtils
LogPluginManager: Mounting plugin OculusVR
LogPluginManager: Plugin shader directory ../../../Engine/Plugins/Runtime/Oculus/OculusVR/Shaders found
LogPluginManager: Mapping shader source directory ../../../Engine/Plugins/Runtime/Oculus/OculusVR/Shaders to virtual directory /Plugin/OculusVR
LogPluginManager: Mounting plugin PhysXVehicles
LogPluginManager: Mounting plugin ProceduralMeshComponent
LogPluginManager: Mounting plugin RuntimePhysXCooking
LogPluginManager: Mounting plugin SteamVR
LogPluginManager: Mounting plugin WindowsMoviePlayer
LogStreaming: Display: Took  0.530s to configure plugins.
LogInit: Using libcurl 7.55.1-DEV
LogInit:  - built for x86_64-pc-win32
LogInit:  - supports SSL with OpenSSL/1.0.2h
LogInit:  - supports HTTP deflate (compression) using libz 1.2.8
LogInit:  - other features:
LogInit:      CURL_VERSION_SSL
LogInit:      CURL_VERSION_LIBZ
LogInit:      CURL_VERSION_IPV6
LogInit:      CURL_VERSION_ASYNCHDNS
LogInit:      CURL_VERSION_LARGEFILE
LogInit:      CURL_VERSION_IDN
LogInit:  CurlRequestOptions (configurable via config and command line):
LogInit:  - bVerifyPeer = false  - Libcurl will NOT verify peer certificate
LogInit:  - bUseHttpProxy = false  - Libcurl will NOT use HTTP proxy
LogInit:  - bDontReuseConnections = false  - Libcurl will reuse connections
LogInit:  - CertBundlePath = nullptr  - Libcurl will use whatever was configured at build time.
LogInit:  - MaxHostConnections = 16  - Libcurl will limit the number of connections to a host
LogInit:  - LocalHostAddr = Default
LogInit:  - BufferSize = 65536
LogInit: WinSock: version 1.1 (2.2), MaxSocks=32767, MaxUdp=65467
LogInit: Build: ++UE4+Release-4.20-CL-4302132
LogInit: Engine Version: 4.20.2-4302132+++UE4+Release-4.20
LogInit: Compatible Engine Version: 4.20.0-4212847+++UE4+Release-4.20
LogInit: Net CL: 4212847
LogInit: OS: Windows 10 (), CPU:       Intel(R) Core(TM) i7-2630QM CPU @ 2.00GHz, GPU: NVIDIA GeForce GTX 560M
LogInit: Compiled (64-bit): Aug 21 2018 02:06:06
LogInit: Compiled with Visual C++: 19.13.26129.00
LogInit: Build Configuration: Development
LogInit: Branch Name: ++UE4+Release-4.20
LogInit: Command Line:  
LogInit: Base Directory: C:/Program Files/Epic Games/UE_4.20/Engine/Binaries/Win64/
LogInit: Installed Engine Build: 1
LogDevObjectVersion: Number of dev versions registered: 20
LogDevObjectVersion:   Dev-Blueprints (B0D832E4-1F89-4F0D-ACCF-7EB736FD4AA2): 10
LogDevObjectVersion:   Dev-Build (E1C64328-A22C-4D53-A36C-8E866417BD8C): 0
LogDevObjectVersion:   Dev-Core (375EC13C-06E4-48FB-B500-84F0262A717E): 2
LogDevObjectVersion:   Dev-Editor (E4B068ED-F494-42E9-A231-DA0B2E46BB41): 24
LogDevObjectVersion:   Dev-Framework (CFFC743F-43B0-4480-9391-14DF171D2073): 34
LogDevObjectVersion:   Dev-Mobile (B02B49B5-BB20-44E9-A304-32B752E40360): 2
LogDevObjectVersion:   Dev-Networking (A4E4105C-59A1-49B5-A7C5-40C4547EDFEE): 0
LogDevObjectVersion:   Dev-Online (39C831C9-5AE6-47DC-9A44-9C173E1C8E7C): 0
LogDevObjectVersion:   Dev-Physics (78F01B33-EBEA-4F98-B9B4-84EACCB95AA2): 0
LogDevObjectVersion:   Dev-Platform (6631380F-2D4D-43E0-8009-CF276956A95A): 0
LogDevObjectVersion:   Dev-Rendering (12F88B9F-8875-4AFC-A67C-D90C383ABD29): 26
LogDevObjectVersion:   Dev-Sequencer (7B5AE74C-D270-4C10-A958-57980B212A5A): 9
LogDevObjectVersion:   Dev-VR (D7296918-1DD6-4BDD-9DE2-64A83CC13884): 2
LogDevObjectVersion:   Dev-LoadTimes (C2A15278-BFE7-4AFE-6C17-90FF531DF755): 1
LogDevObjectVersion:   Private-Geometry (6EACA3D4-40EC-4CC1-B786-8BED09428FC5): 3
LogDevObjectVersion:   Dev-AnimPhys (29E575DD-E0A3-4627-9D10-D276232CDCEA): 17
LogDevObjectVersion:   Dev-ReflectionCapture (6B266CEC-1EC7-4B8F-A30B-E4D90942FC07): 1
LogDevObjectVersion:   Dev-Automation (0DF73D61-A23F-47EA-B727-89E90C41499A): 1
LogDevObjectVersion:   FortniteMain (601D1886-AC64-4F84-AA16-D3DE0DEAC7D6): 12
LogDevObjectVersion:   Dev-Enterprise (9DFFBCD6-494F-0158-E221-12823C92A888): 1
LogStreaming: Display: Took  0.149s to delete old logs.
LogInit: Presizing for max 8388607 objects, including 0 objects not considered by GC, pre-allocating 0 bytes for permanent pool.
LogInit: Object subsystem initialized
[2018.09.16-20.03.09:995][  0]LogInit: Selected Device Profile: [Windows]
[2018.09.16-20.03.09:995][  0]LogInit: Applying CVar settings loaded from the selected device profile: [Windows]
[2018.09.16-20.03.10:042][  0]LogHAL: Display: Platform has ~ 12 GB [12860948480 / 17179869184 / 12], which maps to Larger [LargestMinGB=32, LargerMinGB=12, DefaultMinGB=8, SmallerMinGB=6, SmallestMinGB=0)
[2018.09.16-20.03.10:042][  0]LogInit: Setting Device Profile CVar: [[r.Vulkan.UseRealUBs:1]]
[2018.09.16-20.03.10:043][  0]LogInit: Going up to parent DeviceProfile []
[2018.09.16-20.03.10:057][  0]LogInit: Computer: DESKTOP-GCVK9JQ
[2018.09.16-20.03.10:057][  0]LogInit: User: Elena
[2018.09.16-20.03.10:057][  0]LogInit: CPU Page size=4096, Cores=4
[2018.09.16-20.03.10:057][  0]LogInit: High frequency timer resolution =1.948698 MHz
[2018.09.16-20.03.10:058][  0]LogMemory: Memory total: Physical=12.0GB (12GB approx)
[2018.09.16-20.03.10:058][  0]LogMemory: Platform Memory Stats for Windows
[2018.09.16-20.03.10:058][  0]LogMemory: Process Physical Memory: 99.86 MB used, 99.86 MB peak
[2018.09.16-20.03.10:058][  0]LogMemory: Process Virtual Memory: 90.98 MB used, 90.98 MB peak
[2018.09.16-20.03.10:058][  0]LogMemory: Physical Memory: 5917.05 MB used,  6348.11 MB free, 12265.16 MB total
[2018.09.16-20.03.10:058][  0]LogMemory: Virtual Memory: 4626.00 MB used,  6348.11 MB free, 134217728.00 MB total
[2018.09.16-20.03.12:218][  0]LogInit: Using OS detected language (en-US).
[2018.09.16-20.03.12:218][  0]LogInit: Using OS detected locale (en-US).
[2018.09.16-20.03.12:221][  0]LogTextLocalizationManager: No specific localization for 'en-US' exists, so the 'en' localization will be used.
[2018.09.16-20.03.15:480][  0]LogStreaming: Display: Took  3.214s to InitEngineTextLocalization.
[2018.09.16-20.03.15:480][  0]LogInit: Setting process to per monitor DPI aware
[2018.09.16-20.03.16:074][  0]LogSlate: New Slate User Created.  User Index 0, Is Virtual User: 0
[2018.09.16-20.03.16:074][  0]LogSlate: Slate User Registered.  User Index 0, Is Virtual User: 0
[2018.09.16-20.03.22:847][  0]LogHMD: Failed to initialize OpenVR with code 110
[2018.09.16-20.03.22:847][  0]LogD3D11RHI: D3D11 adapters:
[2018.09.16-20.03.22:887][  0]LogD3D11RHI:    0. 'NVIDIA GeForce GTX 560M' (Feature Level 11_0)
[2018.09.16-20.03.22:888][  0]LogD3D11RHI:       3020/0/6132 MB DedicatedVideo/DedicatedSystem/SharedSystem, Outputs:1, VendorId:0x10de
[2018.09.16-20.03.22:893][  0]LogD3D11RHI:    1. 'Microsoft Basic Render Driver' (Feature Level 11_0)
[2018.09.16-20.03.22:894][  0]LogD3D11RHI:       0/0/6132 MB DedicatedVideo/DedicatedSystem/SharedSystem, Outputs:0, VendorId:0x1414
[2018.09.16-20.03.22:894][  0]LogD3D11RHI: Chosen D3D11 Adapter: 0
[2018.09.16-20.03.22:904][  0]LogD3D11RHI: Creating new Direct3DDevice
[2018.09.16-20.03.22:904][  0]LogD3D11RHI:     GPU DeviceId: 0x1251 (for the marketing name, search the web for "GPU Device Id")
[2018.09.16-20.03.22:904][  0]LogWindows: EnumDisplayDevices:
[2018.09.16-20.03.22:905][  0]LogWindows:    0. 'NVIDIA GeForce GTX 560M' (P:1 D:1)
[2018.09.16-20.03.22:905][  0]LogWindows:    1. 'NVIDIA GeForce GTX 560M' (P:0 D:0)
[2018.09.16-20.03.22:906][  0]LogWindows: DebugString: FoundDriverCount:2 
[2018.09.16-20.03.22:906][  0]LogD3D11RHI:     Adapter Name: NVIDIA GeForce GTX 560M
[2018.09.16-20.03.22:906][  0]LogD3D11RHI:   Driver Version: 369.09 (internal:21.21.13.6909, unified:369.09)
[2018.09.16-20.03.22:906][  0]LogD3D11RHI:      Driver Date: 8-1-2016
[2018.09.16-20.03.22:906][  0]LogRHI: Texture pool is 2114 MB (70% of 3020 MB)
[2018.09.16-20.03.22:953][  0]LogD3D11RHI: Display: Timestamp queries are currently disabled on this hardware due to instability. Realtime GPU stats will not be available. You can override this behaviour by setting r.NVIDIATimestampWorkaround to 0
[2018.09.16-20.03.22:954][  0]LogD3D11RHI: Async texture creation enabled
[2018.09.16-20.03.23:323][  0]LogD3D11RHI: GPU Timing Frequency: 1000.000000 (Debug: 2 1)
[2018.09.16-20.03.23:416][  0]LogShaderCompilers: Guid format shader working directory is -6 characters bigger than the processId version (F:/My Documents/GitHub/Sands/SourceCode/SandsProject/Intermediate/Shaders/WorkingDirectory/2744/).
[2018.09.16-20.03.23:417][  0]LogShaderCompilers: Cleaned the shader compiler working directory 'C:/Users/Elena/AppData/Local/Temp/UnrealShaderWorkingDir/6505ED814790133453CA6FBC7C16CD3C/'.
[2018.09.16-20.03.26:980][  0]LogTemp: Display: Loaded TP AllDesktopTargetPlatform
[2018.09.16-20.03.27:148][  0]LogTemp: Display: Loaded TP MacClientTargetPlatform
[2018.09.16-20.03.27:265][  0]LogTemp: Display: Loaded TP MacNoEditorTargetPlatform
[2018.09.16-20.03.27:455][  0]LogTemp: Display: Loaded TP MacServerTargetPlatform
[2018.09.16-20.03.27:680][  0]LogTemp: Display: Loaded TP MacTargetPlatform
[2018.09.16-20.03.27:828][  0]LogTemp: Display: Loaded TP WindowsClientTargetPlatform
[2018.09.16-20.03.27:943][  0]LogTemp: Display: Loaded TP WindowsNoEditorTargetPlatform
[2018.09.16-20.03.28:047][  0]LogTemp: Display: Loaded TP WindowsServerTargetPlatform
[2018.09.16-20.03.28:187][  0]LogTemp: Display: Loaded TP WindowsTargetPlatform
[2018.09.16-20.03.28:575][  0]LogTemp: Display: Loaded TP AndroidTargetPlatform
[2018.09.16-20.03.28:575][  0]LogTemp: Display: Loaded TP AndroidTargetPlatform
[2018.09.16-20.03.28:575][  0]LogTemp: Display: Loaded TP AndroidTargetPlatform
[2018.09.16-20.03.28:575][  0]LogTemp: Display: Loaded TP AndroidTargetPlatform
[2018.09.16-20.03.28:575][  0]LogTemp: Display: Loaded TP AndroidTargetPlatform
[2018.09.16-20.03.28:575][  0]LogTemp: Display: Loaded TP AndroidTargetPlatform
[2018.09.16-20.03.28:575][  0]LogTemp: Display: Loaded TP AndroidTargetPlatform
[2018.09.16-20.03.28:575][  0]LogTemp: Display: Loaded TP AndroidTargetPlatform
[2018.09.16-20.03.28:575][  0]LogTemp: Display: Loaded TP AndroidTargetPlatform
[2018.09.16-20.03.28:575][  0]LogTemp: Display: Loaded TP AndroidTargetPlatform
[2018.09.16-20.03.28:575][  0]LogTemp: Display: Loaded TP AndroidTargetPlatform
[2018.09.16-20.03.28:575][  0]LogTemp: Display: Loaded TP AndroidTargetPlatform
[2018.09.16-20.03.28:575][  0]LogTemp: Display: Loaded TP AndroidTargetPlatform
[2018.09.16-20.03.28:575][  0]LogTemp: Display: Loaded TP AndroidTargetPlatform
[2018.09.16-20.03.28:575][  0]LogTemp: Display: Loaded TP AndroidTargetPlatform
[2018.09.16-20.03.28:575][  0]LogTemp: Display: Loaded TP AndroidTargetPlatform
[2018.09.16-20.03.28:575][  0]LogTemp: Display: Loaded TP AndroidTargetPlatform
[2018.09.16-20.03.28:575][  0]LogTemp: Display: Loaded TP AndroidTargetPlatform
[2018.09.16-20.03.28:724][  0]LogTemp: Display: Loaded TP HTML5TargetPlatform
[2018.09.16-20.03.29:254][  0]LogTemp: Display: Loaded TP IOSTargetPlatform
[2018.09.16-20.03.29:254][  0]LogTemp: Display: Loaded TP IOSTargetPlatform
[2018.09.16-20.03.29:441][  0]LogTemp: Display: Loaded TP TVOSTargetPlatform
[2018.09.16-20.03.29:441][  0]LogTemp: Display: Loaded TP TVOSTargetPlatform
[2018.09.16-20.03.29:584][  0]LogTemp: Display: Loaded TP LinuxClientTargetPlatform
[2018.09.16-20.03.29:740][  0]LogTemp: Display: Loaded TP LinuxNoEditorTargetPlatform
[2018.09.16-20.03.29:911][  0]LogTemp: Display: Loaded TP LinuxServerTargetPlatform
[2018.09.16-20.03.30:128][  0]LogTemp: Display: Loaded TP LinuxTargetPlatform
[2018.09.16-20.03.30:285][  0]LogTemp: Display: Loaded TP LuminTargetPlatform
[2018.09.16-20.03.30:285][  0]LogTargetPlatformManager: Display: Building Assets For Windows
[2018.09.16-20.03.34:827][  0]LogXGEController: Cleaning working directory: C:/Users/Elena/AppData/Local/Temp/UnrealXGEWorkingDir/
[2018.09.16-20.03.34:828][  0]LogXGEController: Cannot use XGE Controller as Incredibuild is not installed on this machine.
[2018.09.16-20.03.34:828][  0]LogShaderCompilers: Cannot use XGE Shader Compiler as Incredibuild is not installed on this machine.
[2018.09.16-20.03.34:828][  0]LogShaderCompilers: Display: Using Local Shader Compiler.
[2018.09.16-20.03.46:991][  0]LogDerivedDataCache: Display: Max Cache Size: 512 MB
[2018.09.16-20.03.59:691][  0]LogDerivedDataCache: Loaded boot cache 12.70s 71MB C:/Users/Elena/AppData/Local/UnrealEngine/4.20/DerivedDataCache/Boot.ddc.
[2018.09.16-20.03.59:692][  0]LogDerivedDataCache: Display: Loaded Boot cache: C:/Users/Elena/AppData/Local/UnrealEngine/4.20/DerivedDataCache/Boot.ddc
[2018.09.16-20.03.59:693][  0]LogDerivedDataCache: FDerivedDataBackendGraph:  Pak pak cache file F:/My Documents/GitHub/Sands/SourceCode/SandsProject/DerivedDataCache/DDC.ddp not found, will not use a pak cache.
[2018.09.16-20.03.59:693][  0]LogDerivedDataCache: Unable to find inner node Pak for hierarchical cache Hierarchy.
[2018.09.16-20.03.59:693][  0]LogDerivedDataCache: FDerivedDataBackendGraph:  CompressedPak pak cache file F:/My Documents/GitHub/Sands/SourceCode/SandsProject/DerivedDataCache/Compressed.ddp not found, will not use a pak cache.
[2018.09.16-20.03.59:693][  0]LogDerivedDataCache: Unable to find inner node CompressedPak for hierarchical cache Hierarchy.
[2018.09.16-20.03.59:894][  0]LogDerivedDataCache: Display: Pak cache opened for reading ../../../Engine/DerivedDataCache/Compressed.ddp.
[2018.09.16-20.03.59:952][  0]LogDerivedDataCache: Using Local data cache path C:/Users/Elena/AppData/Local/UnrealEngine/Common/DerivedDataCache: Writable
[2018.09.16-20.03.59:952][  0]LogDerivedDataCache: Shared data cache path not found in *engine.ini, will not use an Shared cache.
[2018.09.16-20.03.59:952][  0]LogDerivedDataCache: Unable to find inner node Shared for hierarchical cache Hierarchy.
[2018.09.16-20.04.00:011][  0]LogMaterial: Verifying Global Shaders for PCD3D_SM5
[2018.09.16-20.04.00:014][  0]LogSlate: Using FreeType 2.6.0
[2018.09.16-20.04.00:042][  0]LogSlate: SlateFontServices - WITH_FREETYPE: 1, WITH_HARFBUZZ: 1
[2018.09.16-20.04.04:138][  0]LogAssetRegistry: FAssetRegistry took 0.0314 seconds to start up
[2018.09.16-20.04.05:118][  0]LogInit: Selected Device Profile: [Windows]
[2018.09.16-20.04.08:728][  0]LogSimplygon: Simplygon DLL not present - disabling.
[2018.09.16-20.04.09:342][  0]LogMeshReduction: Using SimplygonSwarm for distributed automatic mesh merging
[2018.09.16-20.04.09:359][  0]LogMeshReduction: Using ProxyLODMeshReduction for automatic mesh merging
[2018.09.16-20.04.09:359][  0]LogMeshReduction: Using QuadricMeshReduction for automatic static mesh reduction
[2018.09.16-20.04.09:359][  0]LogMeshReduction: No automatic skeletal mesh reduction module available
[2018.09.16-20.04.09:592][  0]LogNetVersion: SandsProject 1.0.0, NetCL: 4212847, EngineNetVer: 5, GameNetVer: 0 (Checksum: 3328798503)
[2018.09.16-20.04.16:523][  0]LogPackageLocalizationCache: Processed 11 localized package path(s) for 2 prioritized culture(s) in 0.289909 seconds
[2018.09.16-20.04.16:534][  0]LogUObjectArray: 38425 objects as part of root set at end of initial load.
[2018.09.16-20.04.16:534][  0]LogUObjectAllocator: 6690864 out of 0 bytes used by permanent object pool.
[2018.09.16-20.04.16:534][  0]LogUObjectArray: CloseDisregardForGC: 0/0 objects in disregard for GC pool
[2018.09.16-20.05.27:344][  0]LogTcpMessaging: Initializing TcpMessaging bridge
[2018.09.16-20.05.27:492][  0]LogUdpMessaging: Initializing bridge on interface 0.0.0.0:0 to multicast group 230.0.0.1:6666.
[2018.09.16-20.05.31:179][  0]SourceControl: Source control is disabled
[2018.09.16-20.05.31:179][  0]SourceControl: Source control is disabled
[2018.09.16-20.05.31:604][  0]SourceControl: Source control is disabled
[2018.09.16-20.05.31:757][  0]SourceControl: Source control is disabled
[2018.09.16-20.05.38:236][  0]LogAndroidPermission: UAndroidPermissionCallbackProxy::GetInstance
[2018.09.16-20.05.39:010][  0]LogOcInput: OculusInput pre-init called
[2018.09.16-20.05.40:151][  0]LogEngine: Initializing Engine...
[2018.09.16-20.05.40:153][  0]LogHMD: Failed to initialize OpenVR with code 110
[2018.09.16-20.05.40:174][  0]LogStats: UGameplayTagsManager::ConstructGameplayTagTree: ImportINI prefixes -  0.000 s
[2018.09.16-20.05.40:174][  0]LogStats: UGameplayTagsManager::ConstructGameplayTagTree: Construct from data asset -  0.000 s
[2018.09.16-20.05.40:174][  0]LogStats: UGameplayTagsManager::ConstructGameplayTagTree: ImportINI -  0.000 s
[2018.09.16-20.05.40:174][  0]LogStats: UGameplayTagsManager::ConstructGameplayTagTree: GameplayTagTreeChangedEvent.Broadcast -  0.000 s
[2018.09.16-20.05.42:098][  0]LogInit: Initializing FReadOnlyCVARCache
[2018.09.16-20.05.42:363][  0]LogAIModule: Creating AISystem for world Untitled
[2018.09.16-20.05.42:516][  0]LogInit: XAudio2 using 'Speakers (Realtek High Definition Audio)' : 2 channels at 48 kHz using 32 bits per sample (channel mask 0x3)
[2018.09.16-20.05.42:603][  0]LogInit: FAudioDevice initialized.
[2018.09.16-20.05.42:604][  0]LogNetVersion: Set ProjectVersion to 1.0.0.0. Version Checksum will be recalculated on next use.
[2018.09.16-20.05.45:613][  0]LogDerivedDataCache: Saved boot cache 3.01s 71MB C:/Users/Elena/AppData/Local/UnrealEngine/4.20/DerivedDataCache/Boot.ddc.
[2018.09.16-20.05.45:629][  0]LogInit: Texture streaming: Enabled
[2018.09.16-20.05.46:466][  0]LogEngineSessionManager: EngineSessionManager initialized
[2018.09.16-20.05.46:467][  0]LogEngineSessionManager: EngineSessionManager sent abnormal shutdown report. Type=AbnormalShutdown, SessionId={8820E530-4978-AAFA-FFD2-2CA633EB37CE}
[2018.09.16-20.05.46:576][  0]LogInit: Transaction tracking system initialized
[2018.09.16-20.05.47:592][  0]BlueprintLog: New page: Editor Load
[2018.09.16-20.05.52:389][  0]LocalizationService: Localization service is disabled
[2018.09.16-20.05.59:498][  0]LogCook: Display: Max memory allowance for cook 16384mb min free memory 0mb
[2018.09.16-20.05.59:498][  0]LogCook: Display: Mobile HDR setting 1
[2018.09.16-20.05.59:498][  0]LogGameplayTags: Display: UGameplayTagsManager::DoneAddingNativeTags. DelegateIsBound: 0
[2018.09.16-20.05.59:498][  0]LogStats: UGameplayTagsManager::ConstructGameplayTagTree: ImportINI prefixes -  0.000 s
[2018.09.16-20.05.59:498][  0]LogStats: UGameplayTagsManager::ConstructGameplayTagTree: Construct from data asset -  0.000 s
[2018.09.16-20.05.59:498][  0]LogStats: UGameplayTagsManager::ConstructGameplayTagTree: ImportINI -  0.000 s
[2018.09.16-20.05.59:499][  0]LogStats: UGameplayTagsManager::ConstructGameplayTagTree: GameplayTagTreeChangedEvent.Broadcast -  0.000 s
[2018.09.16-20.05.59:941][  0]LogFileCache: Scanning file cache for directory 'F:/My Documents/GitHub/Sands/SourceCode/SandsProject/Content/' took 0.02s
[2018.09.16-20.06.06:867][  0]SourceControl: Source control is disabled
[2018.09.16-20.06.06:867][  0]Cmd: MAP LOAD FILE="F:/My Documents/GitHub/Sands/SourceCode/SandsProject/Content/ThirdPersonBP/Maps/ThirdPersonExampleMap.umap" TEMPLATE=0 SHOWPROGRESS=1 FEATURELEVEL=3
[2018.09.16-20.06.06:974][  0]LightingResults: New page: Lighting Build
[2018.09.16-20.06.06:980][  0]MapCheck: New page: Map Check
[2018.09.16-20.06.06:980][  0]LightingResults: New page: Lighting Build
[2018.09.16-20.06.14:132][  0]LogAIModule: Creating AISystem for world ThirdPersonExampleMap
[2018.09.16-20.06.14:293][  0]LogEditorServer: Finished looking for orphan Actors (0.000 secs)
[2018.09.16-20.06.14:329][  0]Cmd: MAP CHECKDEP NOCLEARLOG
[2018.09.16-20.06.14:520][  0]MapCheck: Map check complete: 0 Error(s), 0 Warning(s), took 191.092ms to complete.
[2018.09.16-20.06.14:521][  0]LogFileHelpers: Loading map 'ThirdPersonExampleMap' took 7.654
[2018.09.16-20.06.14:899][  0]LogSlate: Updating window title bar state: overlay mode, drag disabled, window buttons hidden, title bar hidden
[2018.09.16-20.06.14:912][  0]LogSlate: Updating window title bar state: overlay mode, drag disabled, window buttons hidden, title bar hidden
[2018.09.16-20.06.14:924][  0]LogSlate: Updating window title bar state: overlay mode, drag disabled, window buttons hidden, title bar hidden
[2018.09.16-20.06.14:937][  0]LogSlate: Updating window title bar state: overlay mode, drag disabled, window buttons hidden, title bar hidden
[2018.09.16-20.06.15:077][  0]LogCollectionManager: Loaded 0 collections in 0.003557 seconds
[2018.09.16-20.06.15:127][  0]LogFileCache: Scanning file cache for directory 'F:/My Documents/GitHub/Sands/SourceCode/SandsProject/Saved/Collections/' took 0.01s
[2018.09.16-20.06.15:127][  0]LogFileCache: Scanning file cache for directory 'F:/My Documents/GitHub/Sands/SourceCode/SandsProject/Content/Developers/Elena/Collections/' took 0.01s
[2018.09.16-20.06.15:127][  0]LogFileCache: Scanning file cache for directory 'F:/My Documents/GitHub/Sands/SourceCode/SandsProject/Content/Collections/' took 0.01s
[2018.09.16-20.06.15:127][  0]LogCollectionManager: Rebuilt the GUID cache for 0 collections in 0.000001 seconds
[2018.09.16-20.06.15:143][  0]LogContentBrowser: Native class hierarchy populated in 0.0150 seconds. Added 2572 classes and 603 folders.
[2018.09.16-20.06.15:156][  0]LogContentBrowser: Native class hierarchy updated for 'WidgetCarousel' in 0.0004 seconds. Added 0 classes and 0 folders.
[2018.09.16-20.06.18:552][  0]LogContentBrowser: Native class hierarchy updated for 'AddContentDialog' in 0.0005 seconds. Added 0 classes and 0 folders.
[2018.09.16-20.06.18:892][  0]LogContentBrowser: Native class hierarchy updated for 'SceneOutliner' in 0.0005 seconds. Added 1 classes and 2 folders.
[2018.09.16-20.06.19:303][  0]LogContentBrowser: Native class hierarchy updated for 'HierarchicalLODOutliner' in 0.0005 seconds. Added 0 classes and 0 folders.
[2018.09.16-20.06.19:303][  0]LogLoad: (Engine Initialization) Total time: 207.01 seconds
[2018.09.16-20.06.19:303][  0]LogLoad: (Engine Initialization) Total Blueprint compile time: 0.00 seconds
[2018.09.16-20.06.19:324][  0]LogWindowsTextInputMethodSystem: Display: IME system now deactivated.
[2018.09.16-20.06.19:374][  0]LogContentStreaming: Texture pool size now 1000 MB
[2018.09.16-20.06.19:415][  0]LogSlate: Took 0.039189 seconds to synchronously load lazily loaded font '../../../Engine/Content/Slate/Fonts/Roboto-Regular.ttf' (155K)
[2018.09.16-20.06.19:465][  0]LogSlate: Took 0.046427 seconds to synchronously load lazily loaded font '../../../Engine/Content/Slate/Fonts/Roboto-Bold.ttf' (160K)
[2018.09.16-20.06.19:523][  0]LogSlate: Took 0.049963 seconds to synchronously load lazily loaded font '../../../Engine/Content/Editor/Slate/Fonts/FontAwesome.ttf' (139K)
[2018.09.16-20.06.20:037][  0]LogRenderer: Reallocating scene render targets to support 1148x576 Format 10 NumSamples 1 (Frame:1).
[2018.09.16-20.06.20:955][  0]LogSlate: Took 0.097789 seconds to synchronously load lazily loaded font '../../../Engine/Content/Slate/Fonts/Roboto-Light.ttf' (167K)
[2018.09.16-20.06.21:235][  2]LogSlate: Took 0.000702 seconds to synchronously load lazily loaded font '../../../Engine/Content/Slate/Fonts/Roboto-Light.ttf' (167K)
[2018.09.16-20.06.21:282][  3]LogAssetRegistry: Asset discovery search completed in 137.1662 seconds
[2018.09.16-20.06.21:286][  3]LogCollectionManager: Rebuilt the object cache for 0 collections in 0.000001 seconds (found 0 objects)
[2018.09.16-20.06.21:286][  3]LogCollectionManager: Fixed up redirectors for 0 collections in 0.000247 seconds (updated 0 objects)
[2018.09.16-20.06.37:411][965]LogSlate: FSceneViewport::OnFocusLost() reason 0
[2018.09.16-20.06.46:496][369]LogAIModule: Creating AISystem for world FixedPerspMapRoom
[2018.09.16-20.06.46:511][369]LogAssetEditorManager: Opening Asset editor for World /Game/ThirdPersonBP/Maps/FixedPerspMapRoom.FixedPerspMapRoom
[2018.09.16-20.06.46:542][369]Cmd: MAP LOAD FILE="F:/My Documents/GitHub/Sands/SourceCode/SandsProject/Content/ThirdPersonBP/Maps/FixedPerspMapRoom.umap" TEMPLATE=0 SHOWPROGRESS=1 FEATURELEVEL=3
[2018.09.16-20.06.46:542][369]LightingResults: New page: Lighting Build
[2018.09.16-20.06.46:543][369]LoadErrors: New page: Loading map: FixedPerspMapRoom.umap
[2018.09.16-20.06.46:544][369]MapCheck: New page: Map Check
[2018.09.16-20.06.46:544][369]LightingResults: New page: Lighting Build
[2018.09.16-20.06.46:803][369]LogEditorServer: Finished looking for orphan Actors (0.000 secs)
[2018.09.16-20.06.46:871][369]Cmd: MAP CHECKDEP NOCLEARLOG
[2018.09.16-20.06.47:060][369]MapCheck: Map check complete: 0 Error(s), 0 Warning(s), took 188.865ms to complete.
[2018.09.16-20.06.47:062][369]LogFileHelpers: Loading map 'FixedPerspMapRoom' took 0.522
[2018.09.16-20.14.19:299][703]LogSlate: FSceneViewport::OnFocusLost() reason 0
[2018.09.16-20.14.22:336][795]LogSlate: FSceneViewport::OnFocusLost() reason 0
[2018.09.16-20.14.25:908][984]LogSlate: FSceneViewport::OnFocusLost() reason 0
[2018.09.16-20.14.32:362][198]LogSlate: FSceneViewport::OnFocusLost() reason 0
[2018.09.16-20.14.35:555][303]Cmd: TRANSACTION UNDO
[2018.09.16-20.14.35:555][303]LogEditorTransaction: Undo Create Actors
[2018.09.16-20.14.36:469][324]LogSlate: FSceneViewport::OnFocusLost() reason 0
[2018.09.16-20.14.39:770][392]Cmd: TRANSACTION UNDO
[2018.09.16-20.14.39:770][392]LogEditorTransaction: Undo Create Actors
[2018.09.16-20.14.40:299][406]LogSlate: FSceneViewport::OnFocusLost() reason 0
[2018.09.16-20.14.45:278][530]Cmd: TRANSACTION UNDO
[2018.09.16-20.14.45:278][530]LogEditorTransaction: Undo Create Actors
[2018.09.16-20.14.46:047][571]LogSlate: FSceneViewport::OnFocusLost() reason 0
[2018.09.16-20.14.47:951][644]Cmd: TRANSACTION UNDO
[2018.09.16-20.14.47:951][644]LogEditorTransaction: Undo Create Actors
[2018.09.16-20.14.48:812][656]LogSlate: FSceneViewport::OnFocusLost() reason 0
[2018.09.16-20.14.52:332][740]Cmd: TRANSACTION UNDO
[2018.09.16-20.14.52:332][740]LogEditorTransaction: Undo Create Actors
[2018.09.16-20.14.52:846][763]LogSlate: FSceneViewport::OnFocusLost() reason 0
[2018.09.16-20.14.54:168][800]Cmd: TRANSACTION UNDO
[2018.09.16-20.14.54:168][800]LogEditorTransaction: Undo Create Actors
[2018.09.16-20.14.54:917][818]LogSlate: FSceneViewport::OnFocusLost() reason 0
[2018.09.16-20.14.56:273][847]Cmd: TRANSACTION UNDO
[2018.09.16-20.14.56:274][847]LogEditorTransaction: Undo Create Actors
[2018.09.16-20.14.56:681][856]LogSlate: FSceneViewport::OnFocusLost() reason 0
[2018.09.16-20.14.58:489][881]Cmd: TRANSACTION UNDO
[2018.09.16-20.14.58:489][881]LogEditorTransaction: Undo Create Actors
[2018.09.16-20.14.59:067][895]LogSlate: FSceneViewport::OnFocusLost() reason 0
[2018.09.16-20.15.03:016][969]LogSlate: FSceneViewport::OnFocusLost() reason 0
[2018.09.16-20.15.05:597][ 23]LogSlate: FSceneViewport::OnFocusLost() reason 0
[2018.09.16-20.15.07:368][ 92]Cmd: TRANSACTION UNDO
[2018.09.16-20.15.07:368][ 92]LogEditorTransaction: Undo Create Actors
[2018.09.16-20.15.07:700][ 96]Cmd: TRANSACTION UNDO
[2018.09.16-20.15.07:700][ 96]LogEditorTransaction: Undo Create Actors
[2018.09.16-20.15.11:731][193]Cmd: TRANSACTION UNDO
[2018.09.16-20.15.11:731][193]LogEditorTransaction: Undo Create Actors
[2018.09.16-20.15.13:271][256]LogSlate: FSceneViewport::OnFocusLost() reason 0
[2018.09.16-20.15.15:225][295]LogSlate: FSceneViewport::OnFocusLost() reason 0
[2018.09.16-20.15.17:932][380]LogSlate: FSceneViewport::OnFocusLost() reason 0
[2018.09.16-20.15.20:827][457]Cmd: TRANSACTION UNDO
[2018.09.16-20.15.20:828][457]LogEditorTransaction: Undo Create Actors
[2018.09.16-20.15.22:853][523]LogSlate: FSceneViewport::OnFocusLost() reason 0
[2018.09.16-20.15.27:574][659]Cmd: TRANSACTION UNDO
[2018.09.16-20.15.27:574][659]LogEditorTransaction: Undo Create Actors
[2018.09.16-20.15.29:710][737]LogSlate: FSceneViewport::OnFocusLost() reason 0
[2018.09.16-20.15.31:239][782]Cmd: TRANSACTION UNDO
[2018.09.16-20.15.31:239][782]LogEditorTransaction: Undo Create Actors
[2018.09.16-20.15.32:839][840]LogSlate: FSceneViewport::OnFocusLost() reason 0
[2018.09.16-20.15.35:088][925]Cmd: TRANSACTION UNDO
[2018.09.16-20.15.35:088][925]LogEditorTransaction: Undo Create Actors
[2018.09.16-20.15.37:968][993]LogSlate: FSceneViewport::OnFocusLost() reason 0
[2018.09.16-20.15.39:743][ 48]Cmd: TRANSACTION UNDO
[2018.09.16-20.15.39:743][ 48]LogEditorTransaction: Undo Create Actors
[2018.09.16-20.15.41:552][ 96]LogSlate: FSceneViewport::OnFocusLost() reason 0
[2018.09.16-20.15.45:949][229]LogSlate: FSceneViewport::OnFocusLost() reason 0
[2018.09.16-20.15.46:487][244]Cmd: TRANSACTION UNDO
[2018.09.16-20.15.46:487][244]LogEditorTransaction: Undo Create Actors
[2018.09.16-20.15.53:614][452]LogSavePackage: Moving 'F:/My Documents/GitHub/Sands/SourceCode/SandsProject/Saved/FixedPerspMapRoom5C68301B4E0EB25D4B4CA7A2E4D7C4E5.tmp' to 'F:/My Documents/GitHub/Sands/SourceCode/SandsProject/Content/ThirdPersonBP/Maps/FixedPerspMapRoom.umap'
[2018.09.16-20.15.53:682][452]LogFileHelpers: Saving map 'FixedPerspMapRoom' took 1.618
[2018.09.16-20.16.10:702][911]LogRenderer: Reallocating scene render targets to support 1152x576 Format 10 NumSamples 1 (Frame:129).
[2018.09.16-20.16.10:767][911]LogD3D11RHI: Error: D:\Build\++UE4\Sync\Engine\Source\Runtime\Windows\D3D11RHI\Private\D3D11Viewport.cpp:(218): BackBuffer->GetResource() has 3 refs, expected 1
[2018.09.16-20.16.10:768][911]LogD3D11RHI: Error: SwapChain->ResizeBuffers(1,SizeX,SizeY,RenderTargetFormat,DXGI_SWAP_CHAIN_FLAG_ALLOW_MODE_SWITCH) failed 
 at D:\Build\++UE4\Sync\Engine\Source\Runtime\Windows\D3D11RHI\Private\D3D11Viewport.cpp:235 
 with error DXGI_ERROR_INVALID_CALL, 
 Size=1838x1062 Format=DXGI_FORMAT_R10G10B10A2_UNORM(0x00000018)
[2018.09.16-20.16.10:770][911]LogWindows: Windows GetLastError: The operation completed successfully. (0)
